<?xml version="1.0" encoding="UTF-8"?>
<testng-results ignored="0" total="20" passed="12" failed="8" skipped="0">
  <reporter-output>
  </reporter-output>
  <suite started-at="2024-06-14T11:42:28 IST" name="Suite" finished-at="2024-06-14T11:46:36 IST" duration-ms="247430">
    <groups>
      <group name="regression">
        <method signature="FirstOpeartionTest.search(java.lang.String,java.lang.String)[pri:1, instance:testcase.FirstOpeartionTest@795509d9]" name="search" class="testcase.FirstOpeartionTest"/>
        <method signature="ThirdOperationTest.Advertise(java.lang.String,java.lang.String,java.lang.String,java.lang.String)[pri:1, instance:testcase.ThirdOperationTest@4b013c76]" name="Advertise" class="testcase.ThirdOperationTest"/>
        <method signature="FirstOpeartionTest.grocery(java.lang.String,java.lang.String)[pri:2, instance:testcase.FirstOpeartionTest@795509d9]" name="grocery" class="testcase.FirstOpeartionTest"/>
        <method signature="ThirdOperationTest.Furniture()[pri:2, instance:testcase.ThirdOperationTest@4b013c76]" name="Furniture" class="testcase.ThirdOperationTest"/>
        <method signature="FirstOpeartionTest.specficProduct()[pri:3, instance:testcase.FirstOpeartionTest@795509d9]" name="specficProduct" class="testcase.FirstOpeartionTest"/>
        <method signature="SecondOperationTest.Careers(java.lang.String,java.lang.String)[pri:3, instance:testcase.SecondOperationTest@548d708a]" name="Careers" class="testcase.SecondOperationTest"/>
        <method signature="ThirdOperationTest.GiftCard()[pri:3, instance:testcase.ThirdOperationTest@4b013c76]" name="GiftCard" class="testcase.ThirdOperationTest"/>
        <method signature="FirstOpeartionTest.becomeSeller(java.lang.String,java.lang.String)[pri:4, instance:testcase.FirstOpeartionTest@795509d9]" name="becomeSeller" class="testcase.FirstOpeartionTest"/>
        <method signature="SecondOperationTest.Login(java.lang.String)[pri:4, instance:testcase.SecondOperationTest@548d708a]" name="Login" class="testcase.SecondOperationTest"/>
        <method signature="ThirdOperationTest.GiftCardPersonal(java.lang.String,java.lang.String,java.lang.String,java.lang.String)[pri:4, instance:testcase.ThirdOperationTest@4b013c76]" name="GiftCardPersonal" class="testcase.ThirdOperationTest"/>
        <method signature="FirstOpeartionTest.fashion(java.lang.String,java.lang.String)[pri:5, instance:testcase.FirstOpeartionTest@795509d9]" name="fashion" class="testcase.FirstOpeartionTest"/>
        <method signature="ThirdOperationTest.Cart(java.lang.String)[pri:5, instance:testcase.ThirdOperationTest@4b013c76]" name="Cart" class="testcase.ThirdOperationTest"/>
        <method signature="FirstOpeartionTest.notification()[pri:6, instance:testcase.FirstOpeartionTest@795509d9]" name="notification" class="testcase.FirstOpeartionTest"/>
        <method signature="ThirdOperationTest.Travel()[pri:6, instance:testcase.ThirdOperationTest@4b013c76]" name="Travel" class="testcase.ThirdOperationTest"/>
        <method signature="FirstOpeartionTest.twowheeler()[pri:7, instance:testcase.FirstOpeartionTest@795509d9]" name="twowheeler" class="testcase.FirstOpeartionTest"/>
      </group> <!-- regression -->
      <group name="smoke">
        <method signature="FirstOpeartionTest.search(java.lang.String,java.lang.String)[pri:1, instance:testcase.FirstOpeartionTest@795509d9]" name="search" class="testcase.FirstOpeartionTest"/>
        <method signature="SecondOperationTest.Electronics()[pri:1, instance:testcase.SecondOperationTest@548d708a]" name="Electronics" class="testcase.SecondOperationTest"/>
        <method signature="FirstOpeartionTest.grocery(java.lang.String,java.lang.String)[pri:2, instance:testcase.FirstOpeartionTest@795509d9]" name="grocery" class="testcase.FirstOpeartionTest"/>
        <method signature="SecondOperationTest.Rewards()[pri:2, instance:testcase.SecondOperationTest@548d708a]" name="Rewards" class="testcase.SecondOperationTest"/>
        <method signature="FirstOpeartionTest.specficProduct()[pri:3, instance:testcase.FirstOpeartionTest@795509d9]" name="specficProduct" class="testcase.FirstOpeartionTest"/>
        <method signature="FirstOpeartionTest.becomeSeller(java.lang.String,java.lang.String)[pri:4, instance:testcase.FirstOpeartionTest@795509d9]" name="becomeSeller" class="testcase.FirstOpeartionTest"/>
        <method signature="FirstOpeartionTest.fashion(java.lang.String,java.lang.String)[pri:5, instance:testcase.FirstOpeartionTest@795509d9]" name="fashion" class="testcase.FirstOpeartionTest"/>
        <method signature="SecondOperationTest.Signup(java.lang.String)[pri:5, instance:testcase.SecondOperationTest@548d708a]" name="Signup" class="testcase.SecondOperationTest"/>
        <method signature="FirstOpeartionTest.notification()[pri:6, instance:testcase.FirstOpeartionTest@795509d9]" name="notification" class="testcase.FirstOpeartionTest"/>
        <method signature="SecondOperationTest.Shopsy()[pri:6, instance:testcase.SecondOperationTest@548d708a]" name="Shopsy" class="testcase.SecondOperationTest"/>
        <method signature="FirstOpeartionTest.twowheeler()[pri:7, instance:testcase.FirstOpeartionTest@795509d9]" name="twowheeler" class="testcase.FirstOpeartionTest"/>
        <method signature="SecondOperationTest.CorporateWebsite()[pri:7, instance:testcase.SecondOperationTest@548d708a]" name="CorporateWebsite" class="testcase.SecondOperationTest"/>
      </group> <!-- smoke -->
    </groups>
    <test started-at="2024-06-14T11:42:28 IST" name="Test" finished-at="2024-06-14T11:46:36 IST" duration-ms="247430">
      <class name="testcase.ThirdOperationTest">
        <test-method is-config="true" signature="setUp_Configurations()[pri:0, instance:testcase.ThirdOperationTest@4b013c76]" started-at="2024-06-14T11:45:35 IST" name="setUp_Configurations" finished-at="2024-06-14T11:45:36 IST" duration-ms="33" status="PASS">
          <reporter-output>
          </reporter-output>
        </test-method> <!-- setUp_Configurations -->
        <test-method is-config="true" signature="setup(java.lang.reflect.Method)[pri:0, instance:testcase.ThirdOperationTest@4b013c76]" started-at="2024-06-14T11:45:36 IST" name="setup" finished-at="2024-06-14T11:45:40 IST" duration-ms="4646" status="PASS">
          <params>
            <param index="0">
              <value>
                <![CDATA[public void testcase.ThirdOperationTest.Advertise(java.lang.String,java.lang.String,java.lang.String,java.lang.String)]]>
              </value>
            </param>
          </params>
          <reporter-output>
          </reporter-output>
        </test-method> <!-- setup -->
        <test-method signature="Advertise(java.lang.String,java.lang.String,java.lang.String,java.lang.String)[pri:1, instance:testcase.ThirdOperationTest@4b013c76]" started-at="2024-06-14T11:45:40 IST" name="Advertise" data-provider="detail" finished-at="2024-06-14T11:45:43 IST" duration-ms="3029" status="PASS">
          <params>
            <param index="0">
              <value>
                <![CDATA[kartikey sharma]]>
              </value>
            </param>
            <param index="1">
              <value>
                <![CDATA[hello@gmail.com]]>
              </value>
            </param>
            <param index="2">
              <value>
                <![CDATA[9990123515]]>
              </value>
            </param>
            <param index="3">
              <value>
                <![CDATA[Hello@123]]>
              </value>
            </param>
          </params>
          <reporter-output>
          </reporter-output>
        </test-method> <!-- Advertise -->
        <test-method is-config="true" signature="tearDownTest(org.testng.ITestResult,java.lang.reflect.Method)[pri:0, instance:testcase.ThirdOperationTest@4b013c76]" started-at="2024-06-14T11:45:43 IST" name="tearDownTest" finished-at="2024-06-14T11:45:44 IST" duration-ms="1112" status="PASS">
          <params>
            <param index="0">
              <value>
                <![CDATA[[TestResult name=Advertise status=SUCCESS method=ThirdOperationTest.Advertise(java.lang.String,java.lang.String,java.lang.String,java.lang.String)[pri:1, instance:testcase.ThirdOperationTest@4b013c76] output={null}]]]>
              </value>
            </param>
            <param index="1">
              <value>
                <![CDATA[public void testcase.ThirdOperationTest.Advertise(java.lang.String,java.lang.String,java.lang.String,java.lang.String)]]>
              </value>
            </param>
          </params>
          <reporter-output>
          </reporter-output>
        </test-method> <!-- tearDownTest -->
        <test-method is-config="true" signature="setup(java.lang.reflect.Method)[pri:0, instance:testcase.ThirdOperationTest@4b013c76]" started-at="2024-06-14T11:45:44 IST" name="setup" finished-at="2024-06-14T11:45:49 IST" duration-ms="4554" status="PASS">
          <params>
            <param index="0">
              <value>
                <![CDATA[public void testcase.ThirdOperationTest.Furniture()]]>
              </value>
            </param>
          </params>
          <reporter-output>
          </reporter-output>
        </test-method> <!-- setup -->
        <test-method signature="Furniture()[pri:2, instance:testcase.ThirdOperationTest@4b013c76]" started-at="2024-06-14T11:45:49 IST" name="Furniture" finished-at="2024-06-14T11:45:59 IST" duration-ms="10062" status="FAIL">
          <exception class="org.openqa.selenium.NoSuchElementException">
            <message>
              <![CDATA[no such element: Unable to locate element: {"method":"xpath","selector":"//span[contains(text(),'Home & Furniture')]"}
  (Session info: chrome=126.0.6478.56)
For documentation on this error, please visit: https://www.selenium.dev/documentation/webdriver/troubleshooting/errors#no-such-element-exception
Build info: version: '4.19.1', revision: 'abe0ee07dc'
System info: os.name: 'Windows 10', os.arch: 'amd64', os.version: '10.0', java.version: '11.0.1'
Driver info: org.openqa.selenium.chrome.ChromeDriver
Command: [ee0318163d993cc140dedb8002f90f9b, findElement {value=//span[contains(text(),'Home & Furniture')], using=xpath}]
Capabilities {acceptInsecureCerts: false, browserName: chrome, browserVersion: 126.0.6478.56, chrome: {chromedriverVersion: 126.0.6478.61 (8dc092df54ce..., userDataDir: C:\Users\KARTIK~1\AppData\L...}, fedcm:accounts: true, goog:chromeOptions: {debuggerAddress: localhost:53511}, networkConnectionEnabled: false, pageLoadStrategy: normal, platformName: windows, proxy: Proxy(), se:cdp: ws://localhost:53511/devtoo..., se:cdpVersion: 126.0.6478.56, setWindowRect: true, strictFileInteractability: false, timeouts: {implicit: 0, pageLoad: 300000, script: 30000}, unhandledPromptBehavior: dismiss and notify, webauthn:extension:credBlob: true, webauthn:extension:largeBlob: true, webauthn:extension:minPinLength: true, webauthn:extension:prf: true, webauthn:virtualAuthenticators: true}
Session ID: ee0318163d993cc140dedb8002f90f9b]]>
            </message>
            <full-stacktrace>
              <![CDATA[org.openqa.selenium.NoSuchElementException: no such element: Unable to locate element: {"method":"xpath","selector":"//span[contains(text(),'Home & Furniture')]"}
  (Session info: chrome=126.0.6478.56)
For documentation on this error, please visit: https://www.selenium.dev/documentation/webdriver/troubleshooting/errors#no-such-element-exception
Build info: version: '4.19.1', revision: 'abe0ee07dc'
System info: os.name: 'Windows 10', os.arch: 'amd64', os.version: '10.0', java.version: '11.0.1'
Driver info: org.openqa.selenium.chrome.ChromeDriver
Command: [ee0318163d993cc140dedb8002f90f9b, findElement {value=//span[contains(text(),'Home & Furniture')], using=xpath}]
Capabilities {acceptInsecureCerts: false, browserName: chrome, browserVersion: 126.0.6478.56, chrome: {chromedriverVersion: 126.0.6478.61 (8dc092df54ce..., userDataDir: C:\Users\KARTIK~1\AppData\L...}, fedcm:accounts: true, goog:chromeOptions: {debuggerAddress: localhost:53511}, networkConnectionEnabled: false, pageLoadStrategy: normal, platformName: windows, proxy: Proxy(), se:cdp: ws://localhost:53511/devtoo..., se:cdpVersion: 126.0.6478.56, setWindowRect: true, strictFileInteractability: false, timeouts: {implicit: 0, pageLoad: 300000, script: 30000}, unhandledPromptBehavior: dismiss and notify, webauthn:extension:credBlob: true, webauthn:extension:largeBlob: true, webauthn:extension:minPinLength: true, webauthn:extension:prf: true, webauthn:virtualAuthenticators: true}
Session ID: ee0318163d993cc140dedb8002f90f9b
at java.base/jdk.internal.reflect.NativeConstructorAccessorImpl.newInstance0(Native Method)
at java.base/jdk.internal.reflect.NativeConstructorAccessorImpl.newInstance(NativeConstructorAccessorImpl.java:62)
at java.base/jdk.internal.reflect.DelegatingConstructorAccessorImpl.newInstance(DelegatingConstructorAccessorImpl.java:45)
at java.base/java.lang.reflect.Constructor.newInstance(Constructor.java:490)
at org.openqa.selenium.remote.ErrorCodec.decode(ErrorCodec.java:167)
at org.openqa.selenium.remote.codec.w3c.W3CHttpResponseCodec.decode(W3CHttpResponseCodec.java:138)
at org.openqa.selenium.remote.codec.w3c.W3CHttpResponseCodec.decode(W3CHttpResponseCodec.java:50)
at org.openqa.selenium.remote.HttpCommandExecutor.execute(HttpCommandExecutor.java:190)
at org.openqa.selenium.remote.service.DriverCommandExecutor.invokeExecute(DriverCommandExecutor.java:216)
at org.openqa.selenium.remote.service.DriverCommandExecutor.execute(DriverCommandExecutor.java:174)
at org.openqa.selenium.remote.RemoteWebDriver.execute(RemoteWebDriver.java:518)
at org.openqa.selenium.remote.ElementLocation$ElementFinder$2.findElement(ElementLocation.java:165)
at org.openqa.selenium.remote.ElementLocation.findElement(ElementLocation.java:59)
at org.openqa.selenium.remote.RemoteWebDriver.findElement(RemoteWebDriver.java:355)
at org.openqa.selenium.remote.RemoteWebDriver.findElement(RemoteWebDriver.java:349)
at pages.ThirdOperationPage.Furniture(ThirdOperationPage.java:44)
at testcase.ThirdOperationTest.Furniture(ThirdOperationTest.java:31)
at java.base/jdk.internal.reflect.NativeMethodAccessorImpl.invoke0(Native Method)
at java.base/jdk.internal.reflect.NativeMethodAccessorImpl.invoke(NativeMethodAccessorImpl.java:62)
at java.base/jdk.internal.reflect.DelegatingMethodAccessorImpl.invoke(DelegatingMethodAccessorImpl.java:43)
at java.base/java.lang.reflect.Method.invoke(Method.java:566)
at org.testng.internal.invokers.MethodInvocationHelper.invokeMethod(MethodInvocationHelper.java:141)
at org.testng.internal.invokers.TestInvoker.invokeMethod(TestInvoker.java:686)
at org.testng.internal.invokers.TestInvoker.invokeTestMethod(TestInvoker.java:230)
at org.testng.internal.invokers.MethodRunner.runInSequence(MethodRunner.java:63)
at org.testng.internal.invokers.TestInvoker$MethodInvocationAgent.invoke(TestInvoker.java:992)
at org.testng.internal.invokers.TestInvoker.invokeTestMethods(TestInvoker.java:203)
at org.testng.internal.invokers.TestMethodWorker.invokeTestMethods(TestMethodWorker.java:154)
at org.testng.internal.invokers.TestMethodWorker.run(TestMethodWorker.java:134)
at java.base/java.util.ArrayList.forEach(ArrayList.java:1540)
at org.testng.TestRunner.privateRun(TestRunner.java:739)
at org.testng.TestRunner.run(TestRunner.java:614)
at org.testng.SuiteRunner.runTest(SuiteRunner.java:421)
at org.testng.SuiteRunner.runSequentially(SuiteRunner.java:413)
at org.testng.SuiteRunner.privateRun(SuiteRunner.java:373)
at org.testng.SuiteRunner.run(SuiteRunner.java:312)
at org.testng.SuiteRunnerWorker.runSuite(SuiteRunnerWorker.java:52)
at org.testng.SuiteRunnerWorker.run(SuiteRunnerWorker.java:95)
at org.testng.TestNG.runSuitesSequentially(TestNG.java:1274)
at org.testng.TestNG.runSuitesLocally(TestNG.java:1208)
at org.testng.TestNG.runSuites(TestNG.java:1112)
at org.testng.TestNG.run(TestNG.java:1079)
at org.apache.maven.surefire.testng.TestNGExecutor.run(TestNGExecutor.java:308)
at org.apache.maven.surefire.testng.TestNGXmlTestSuite.execute(TestNGXmlTestSuite.java:71)
at org.apache.maven.surefire.testng.TestNGProvider.invoke(TestNGProvider.java:113)
at org.apache.maven.surefire.booter.ForkedBooter.runSuitesInProcess(ForkedBooter.java:385)
at org.apache.maven.surefire.booter.ForkedBooter.execute(ForkedBooter.java:162)
at org.apache.maven.surefire.booter.ForkedBooter.run(ForkedBooter.java:507)
at org.apache.maven.surefire.booter.ForkedBooter.main(ForkedBooter.java:495)
]]>
            </full-stacktrace>
          </exception> <!-- org.openqa.selenium.NoSuchElementException -->
          <reporter-output>
          </reporter-output>
        </test-method> <!-- Furniture -->
        <test-method is-config="true" signature="tearDownTest(org.testng.ITestResult,java.lang.reflect.Method)[pri:0, instance:testcase.ThirdOperationTest@4b013c76]" started-at="2024-06-14T11:45:59 IST" name="tearDownTest" finished-at="2024-06-14T11:46:01 IST" duration-ms="2066" status="PASS">
          <params>
            <param index="0">
              <value>
                <![CDATA[[TestResult name=Furniture status=FAILURE method=ThirdOperationTest.Furniture()[pri:2, instance:testcase.ThirdOperationTest@4b013c76] output={null}]]]>
              </value>
            </param>
            <param index="1">
              <value>
                <![CDATA[public void testcase.ThirdOperationTest.Furniture()]]>
              </value>
            </param>
          </params>
          <reporter-output>
          </reporter-output>
        </test-method> <!-- tearDownTest -->
        <test-method is-config="true" signature="setup(java.lang.reflect.Method)[pri:0, instance:testcase.ThirdOperationTest@4b013c76]" started-at="2024-06-14T11:46:01 IST" name="setup" finished-at="2024-06-14T11:46:05 IST" duration-ms="4432" status="PASS">
          <params>
            <param index="0">
              <value>
                <![CDATA[public void testcase.ThirdOperationTest.GiftCard()]]>
              </value>
            </param>
          </params>
          <reporter-output>
          </reporter-output>
        </test-method> <!-- setup -->
        <test-method signature="GiftCard()[pri:3, instance:testcase.ThirdOperationTest@4b013c76]" started-at="2024-06-14T11:46:05 IST" name="GiftCard" finished-at="2024-06-14T11:46:08 IST" duration-ms="2593" status="PASS">
          <reporter-output>
          </reporter-output>
        </test-method> <!-- GiftCard -->
        <test-method is-config="true" signature="tearDownTest(org.testng.ITestResult,java.lang.reflect.Method)[pri:0, instance:testcase.ThirdOperationTest@4b013c76]" started-at="2024-06-14T11:46:08 IST" name="tearDownTest" finished-at="2024-06-14T11:46:09 IST" duration-ms="1123" status="PASS">
          <params>
            <param index="0">
              <value>
                <![CDATA[[TestResult name=GiftCard status=SUCCESS method=ThirdOperationTest.GiftCard()[pri:3, instance:testcase.ThirdOperationTest@4b013c76] output={null}]]]>
              </value>
            </param>
            <param index="1">
              <value>
                <![CDATA[public void testcase.ThirdOperationTest.GiftCard()]]>
              </value>
            </param>
          </params>
          <reporter-output>
          </reporter-output>
        </test-method> <!-- tearDownTest -->
        <test-method is-config="true" signature="setup(java.lang.reflect.Method)[pri:0, instance:testcase.ThirdOperationTest@4b013c76]" started-at="2024-06-14T11:46:09 IST" name="setup" finished-at="2024-06-14T11:46:13 IST" duration-ms="4197" status="PASS">
          <params>
            <param index="0">
              <value>
                <![CDATA[public void testcase.ThirdOperationTest.GiftCardPersonal(java.lang.String,java.lang.String,java.lang.String,java.lang.String)]]>
              </value>
            </param>
          </params>
          <reporter-output>
          </reporter-output>
        </test-method> <!-- setup -->
        <test-method signature="GiftCardPersonal(java.lang.String,java.lang.String,java.lang.String,java.lang.String)[pri:4, instance:testcase.ThirdOperationTest@4b013c76]" started-at="2024-06-14T11:46:13 IST" name="GiftCardPersonal" data-provider="detail" finished-at="2024-06-14T11:46:19 IST" duration-ms="6006" status="PASS">
          <params>
            <param index="0">
              <value>
                <![CDATA[kartikey sharma]]>
              </value>
            </param>
            <param index="1">
              <value>
                <![CDATA[hello@gmail.com]]>
              </value>
            </param>
            <param index="2">
              <value>
                <![CDATA[9990123515]]>
              </value>
            </param>
            <param index="3">
              <value>
                <![CDATA[Hello@123]]>
              </value>
            </param>
          </params>
          <reporter-output>
          </reporter-output>
        </test-method> <!-- GiftCardPersonal -->
        <test-method is-config="true" signature="tearDownTest(org.testng.ITestResult,java.lang.reflect.Method)[pri:0, instance:testcase.ThirdOperationTest@4b013c76]" started-at="2024-06-14T11:46:19 IST" name="tearDownTest" finished-at="2024-06-14T11:46:21 IST" duration-ms="1250" status="PASS">
          <params>
            <param index="0">
              <value>
                <![CDATA[[TestResult name=GiftCardPersonal status=SUCCESS method=ThirdOperationTest.GiftCardPersonal(java.lang.String,java.lang.String,java.lang.String,java.lang.String)[pri:4, instance:testcase.ThirdOperationTest@4b013c76] output={null}]]]>
              </value>
            </param>
            <param index="1">
              <value>
                <![CDATA[public void testcase.ThirdOperationTest.GiftCardPersonal(java.lang.String,java.lang.String,java.lang.String,java.lang.String)]]>
              </value>
            </param>
          </params>
          <reporter-output>
          </reporter-output>
        </test-method> <!-- tearDownTest -->
        <test-method is-config="true" signature="setup(java.lang.reflect.Method)[pri:0, instance:testcase.ThirdOperationTest@4b013c76]" started-at="2024-06-14T11:46:21 IST" name="setup" finished-at="2024-06-14T11:46:25 IST" duration-ms="4274" status="PASS">
          <params>
            <param index="0">
              <value>
                <![CDATA[public void testcase.ThirdOperationTest.Cart(java.lang.String)]]>
              </value>
            </param>
          </params>
          <reporter-output>
          </reporter-output>
        </test-method> <!-- setup -->
        <test-method signature="Cart(java.lang.String)[pri:5, instance:testcase.ThirdOperationTest@4b013c76]" started-at="2024-06-14T11:46:25 IST" name="Cart" data-provider="mobiledata" finished-at="2024-06-14T11:46:27 IST" duration-ms="1790" status="PASS">
          <params>
            <param index="0">
              <value>
                <![CDATA[9990123515]]>
              </value>
            </param>
          </params>
          <reporter-output>
          </reporter-output>
        </test-method> <!-- Cart -->
        <test-method is-config="true" signature="tearDownTest(org.testng.ITestResult,java.lang.reflect.Method)[pri:0, instance:testcase.ThirdOperationTest@4b013c76]" started-at="2024-06-14T11:46:27 IST" name="tearDownTest" finished-at="2024-06-14T11:46:28 IST" duration-ms="1212" status="PASS">
          <params>
            <param index="0">
              <value>
                <![CDATA[[TestResult name=Cart status=SUCCESS method=ThirdOperationTest.Cart(java.lang.String)[pri:5, instance:testcase.ThirdOperationTest@4b013c76] output={null}]]]>
              </value>
            </param>
            <param index="1">
              <value>
                <![CDATA[public void testcase.ThirdOperationTest.Cart(java.lang.String)]]>
              </value>
            </param>
          </params>
          <reporter-output>
          </reporter-output>
        </test-method> <!-- tearDownTest -->
        <test-method is-config="true" signature="setup(java.lang.reflect.Method)[pri:0, instance:testcase.ThirdOperationTest@4b013c76]" started-at="2024-06-14T11:46:28 IST" name="setup" finished-at="2024-06-14T11:46:33 IST" duration-ms="4716" status="PASS">
          <params>
            <param index="0">
              <value>
                <![CDATA[public void testcase.ThirdOperationTest.Travel()]]>
              </value>
            </param>
          </params>
          <reporter-output>
          </reporter-output>
        </test-method> <!-- setup -->
        <test-method signature="Travel()[pri:6, instance:testcase.ThirdOperationTest@4b013c76]" started-at="2024-06-14T11:46:33 IST" name="Travel" finished-at="2024-06-14T11:46:34 IST" duration-ms="1493" status="PASS">
          <reporter-output>
          </reporter-output>
        </test-method> <!-- Travel -->
        <test-method is-config="true" signature="tearDownTest(org.testng.ITestResult,java.lang.reflect.Method)[pri:0, instance:testcase.ThirdOperationTest@4b013c76]" started-at="2024-06-14T11:46:34 IST" name="tearDownTest" finished-at="2024-06-14T11:46:35 IST" duration-ms="1201" status="PASS">
          <params>
            <param index="0">
              <value>
                <![CDATA[[TestResult name=Travel status=SUCCESS method=ThirdOperationTest.Travel()[pri:6, instance:testcase.ThirdOperationTest@4b013c76] output={null}]]]>
              </value>
            </param>
            <param index="1">
              <value>
                <![CDATA[public void testcase.ThirdOperationTest.Travel()]]>
              </value>
            </param>
          </params>
          <reporter-output>
          </reporter-output>
        </test-method> <!-- tearDownTest -->
        <test-method is-config="true" signature="tearDownExtentReports()[pri:0, instance:testcase.ThirdOperationTest@4b013c76]" started-at="2024-06-14T11:46:35 IST" name="tearDownExtentReports" finished-at="2024-06-14T11:46:36 IST" duration-ms="85" status="PASS">
          <reporter-output>
          </reporter-output>
        </test-method> <!-- tearDownExtentReports -->
      </class> <!-- testcase.ThirdOperationTest -->
      <class name="testcase.SecondOperationTest">
        <test-method is-config="true" signature="setUp_Configurations()[pri:0, instance:testcase.SecondOperationTest@548d708a]" started-at="2024-06-14T11:44:00 IST" name="setUp_Configurations" finished-at="2024-06-14T11:44:00 IST" duration-ms="109" status="PASS">
          <reporter-output>
          </reporter-output>
        </test-method> <!-- setUp_Configurations -->
        <test-method is-config="true" signature="setup(java.lang.reflect.Method)[pri:0, instance:testcase.SecondOperationTest@548d708a]" started-at="2024-06-14T11:44:00 IST" name="setup" finished-at="2024-06-14T11:44:06 IST" duration-ms="5507" status="PASS">
          <params>
            <param index="0">
              <value>
                <![CDATA[public void testcase.SecondOperationTest.Electronics()]]>
              </value>
            </param>
          </params>
          <reporter-output>
          </reporter-output>
        </test-method> <!-- setup -->
        <test-method signature="Electronics()[pri:1, instance:testcase.SecondOperationTest@548d708a]" started-at="2024-06-14T11:44:06 IST" name="Electronics" finished-at="2024-06-14T11:44:18 IST" duration-ms="11845" status="FAIL">
          <exception class="org.openqa.selenium.NoSuchElementException">
            <message>
              <![CDATA[no such element: Unable to locate element: {"method":"xpath","selector":"//a[contains(text(),'Wired Headphones')]"}
  (Session info: chrome=126.0.6478.56)
For documentation on this error, please visit: https://www.selenium.dev/documentation/webdriver/troubleshooting/errors#no-such-element-exception
Build info: version: '4.19.1', revision: 'abe0ee07dc'
System info: os.name: 'Windows 10', os.arch: 'amd64', os.version: '10.0', java.version: '11.0.1'
Driver info: org.openqa.selenium.chrome.ChromeDriver
Command: [906d1a020ee3a8a4e11922bf138b1768, findElement {value=//a[contains(text(),'Wired Headphones')], using=xpath}]
Capabilities {acceptInsecureCerts: false, browserName: chrome, browserVersion: 126.0.6478.56, chrome: {chromedriverVersion: 126.0.6478.61 (8dc092df54ce..., userDataDir: C:\Users\KARTIK~1\AppData\L...}, fedcm:accounts: true, goog:chromeOptions: {debuggerAddress: localhost:53068}, networkConnectionEnabled: false, pageLoadStrategy: normal, platformName: windows, proxy: Proxy(), se:cdp: ws://localhost:53068/devtoo..., se:cdpVersion: 126.0.6478.56, setWindowRect: true, strictFileInteractability: false, timeouts: {implicit: 0, pageLoad: 300000, script: 30000}, unhandledPromptBehavior: dismiss and notify, webauthn:extension:credBlob: true, webauthn:extension:largeBlob: true, webauthn:extension:minPinLength: true, webauthn:extension:prf: true, webauthn:virtualAuthenticators: true}
Session ID: 906d1a020ee3a8a4e11922bf138b1768]]>
            </message>
            <full-stacktrace>
              <![CDATA[org.openqa.selenium.NoSuchElementException: no such element: Unable to locate element: {"method":"xpath","selector":"//a[contains(text(),'Wired Headphones')]"}
  (Session info: chrome=126.0.6478.56)
For documentation on this error, please visit: https://www.selenium.dev/documentation/webdriver/troubleshooting/errors#no-such-element-exception
Build info: version: '4.19.1', revision: 'abe0ee07dc'
System info: os.name: 'Windows 10', os.arch: 'amd64', os.version: '10.0', java.version: '11.0.1'
Driver info: org.openqa.selenium.chrome.ChromeDriver
Command: [906d1a020ee3a8a4e11922bf138b1768, findElement {value=//a[contains(text(),'Wired Headphones')], using=xpath}]
Capabilities {acceptInsecureCerts: false, browserName: chrome, browserVersion: 126.0.6478.56, chrome: {chromedriverVersion: 126.0.6478.61 (8dc092df54ce..., userDataDir: C:\Users\KARTIK~1\AppData\L...}, fedcm:accounts: true, goog:chromeOptions: {debuggerAddress: localhost:53068}, networkConnectionEnabled: false, pageLoadStrategy: normal, platformName: windows, proxy: Proxy(), se:cdp: ws://localhost:53068/devtoo..., se:cdpVersion: 126.0.6478.56, setWindowRect: true, strictFileInteractability: false, timeouts: {implicit: 0, pageLoad: 300000, script: 30000}, unhandledPromptBehavior: dismiss and notify, webauthn:extension:credBlob: true, webauthn:extension:largeBlob: true, webauthn:extension:minPinLength: true, webauthn:extension:prf: true, webauthn:virtualAuthenticators: true}
Session ID: 906d1a020ee3a8a4e11922bf138b1768
at java.base/jdk.internal.reflect.NativeConstructorAccessorImpl.newInstance0(Native Method)
at java.base/jdk.internal.reflect.NativeConstructorAccessorImpl.newInstance(NativeConstructorAccessorImpl.java:62)
at java.base/jdk.internal.reflect.DelegatingConstructorAccessorImpl.newInstance(DelegatingConstructorAccessorImpl.java:45)
at java.base/java.lang.reflect.Constructor.newInstance(Constructor.java:490)
at org.openqa.selenium.remote.ErrorCodec.decode(ErrorCodec.java:167)
at org.openqa.selenium.remote.codec.w3c.W3CHttpResponseCodec.decode(W3CHttpResponseCodec.java:138)
at org.openqa.selenium.remote.codec.w3c.W3CHttpResponseCodec.decode(W3CHttpResponseCodec.java:50)
at org.openqa.selenium.remote.HttpCommandExecutor.execute(HttpCommandExecutor.java:190)
at org.openqa.selenium.remote.service.DriverCommandExecutor.invokeExecute(DriverCommandExecutor.java:216)
at org.openqa.selenium.remote.service.DriverCommandExecutor.execute(DriverCommandExecutor.java:174)
at org.openqa.selenium.remote.RemoteWebDriver.execute(RemoteWebDriver.java:518)
at org.openqa.selenium.remote.ElementLocation$ElementFinder$2.findElement(ElementLocation.java:165)
at org.openqa.selenium.remote.ElementLocation.findElement(ElementLocation.java:59)
at org.openqa.selenium.remote.RemoteWebDriver.findElement(RemoteWebDriver.java:355)
at org.openqa.selenium.remote.RemoteWebDriver.findElement(RemoteWebDriver.java:349)
at pages.SecondOperationPage.Electronics(SecondOperationPage.java:32)
at testcase.SecondOperationTest.Electronics(SecondOperationTest.java:19)
at java.base/jdk.internal.reflect.NativeMethodAccessorImpl.invoke0(Native Method)
at java.base/jdk.internal.reflect.NativeMethodAccessorImpl.invoke(NativeMethodAccessorImpl.java:62)
at java.base/jdk.internal.reflect.DelegatingMethodAccessorImpl.invoke(DelegatingMethodAccessorImpl.java:43)
at java.base/java.lang.reflect.Method.invoke(Method.java:566)
at org.testng.internal.invokers.MethodInvocationHelper.invokeMethod(MethodInvocationHelper.java:141)
at org.testng.internal.invokers.TestInvoker.invokeMethod(TestInvoker.java:686)
at org.testng.internal.invokers.TestInvoker.invokeTestMethod(TestInvoker.java:230)
at org.testng.internal.invokers.MethodRunner.runInSequence(MethodRunner.java:63)
at org.testng.internal.invokers.TestInvoker$MethodInvocationAgent.invoke(TestInvoker.java:992)
at org.testng.internal.invokers.TestInvoker.invokeTestMethods(TestInvoker.java:203)
at org.testng.internal.invokers.TestMethodWorker.invokeTestMethods(TestMethodWorker.java:154)
at org.testng.internal.invokers.TestMethodWorker.run(TestMethodWorker.java:134)
at java.base/java.util.ArrayList.forEach(ArrayList.java:1540)
at org.testng.TestRunner.privateRun(TestRunner.java:739)
at org.testng.TestRunner.run(TestRunner.java:614)
at org.testng.SuiteRunner.runTest(SuiteRunner.java:421)
at org.testng.SuiteRunner.runSequentially(SuiteRunner.java:413)
at org.testng.SuiteRunner.privateRun(SuiteRunner.java:373)
at org.testng.SuiteRunner.run(SuiteRunner.java:312)
at org.testng.SuiteRunnerWorker.runSuite(SuiteRunnerWorker.java:52)
at org.testng.SuiteRunnerWorker.run(SuiteRunnerWorker.java:95)
at org.testng.TestNG.runSuitesSequentially(TestNG.java:1274)
at org.testng.TestNG.runSuitesLocally(TestNG.java:1208)
at org.testng.TestNG.runSuites(TestNG.java:1112)
at org.testng.TestNG.run(TestNG.java:1079)
at org.apache.maven.surefire.testng.TestNGExecutor.run(TestNGExecutor.java:308)
at org.apache.maven.surefire.testng.TestNGXmlTestSuite.execute(TestNGXmlTestSuite.java:71)
at org.apache.maven.surefire.testng.TestNGProvider.invoke(TestNGProvider.java:113)
at org.apache.maven.surefire.booter.ForkedBooter.runSuitesInProcess(ForkedBooter.java:385)
at org.apache.maven.surefire.booter.ForkedBooter.execute(ForkedBooter.java:162)
at org.apache.maven.surefire.booter.ForkedBooter.run(ForkedBooter.java:507)
at org.apache.maven.surefire.booter.ForkedBooter.main(ForkedBooter.java:495)
]]>
            </full-stacktrace>
          </exception> <!-- org.openqa.selenium.NoSuchElementException -->
          <reporter-output>
          </reporter-output>
        </test-method> <!-- Electronics -->
        <test-method is-config="true" signature="tearDownTest(org.testng.ITestResult,java.lang.reflect.Method)[pri:0, instance:testcase.SecondOperationTest@548d708a]" started-at="2024-06-14T11:44:18 IST" name="tearDownTest" finished-at="2024-06-14T11:44:21 IST" duration-ms="2945" status="PASS">
          <params>
            <param index="0">
              <value>
                <![CDATA[[TestResult name=Electronics status=FAILURE method=SecondOperationTest.Electronics()[pri:1, instance:testcase.SecondOperationTest@548d708a] output={null}]]]>
              </value>
            </param>
            <param index="1">
              <value>
                <![CDATA[public void testcase.SecondOperationTest.Electronics()]]>
              </value>
            </param>
          </params>
          <reporter-output>
          </reporter-output>
        </test-method> <!-- tearDownTest -->
        <test-method is-config="true" signature="setup(java.lang.reflect.Method)[pri:0, instance:testcase.SecondOperationTest@548d708a]" started-at="2024-06-14T11:44:21 IST" name="setup" finished-at="2024-06-14T11:44:27 IST" duration-ms="6096" status="PASS">
          <params>
            <param index="0">
              <value>
                <![CDATA[public void testcase.SecondOperationTest.Rewards()]]>
              </value>
            </param>
          </params>
          <reporter-output>
          </reporter-output>
        </test-method> <!-- setup -->
        <test-method signature="Rewards()[pri:2, instance:testcase.SecondOperationTest@548d708a]" started-at="2024-06-14T11:44:27 IST" name="Rewards" finished-at="2024-06-14T11:44:31 IST" duration-ms="4075" status="PASS">
          <reporter-output>
          </reporter-output>
        </test-method> <!-- Rewards -->
        <test-method is-config="true" signature="tearDownTest(org.testng.ITestResult,java.lang.reflect.Method)[pri:0, instance:testcase.SecondOperationTest@548d708a]" started-at="2024-06-14T11:44:31 IST" name="tearDownTest" finished-at="2024-06-14T11:44:34 IST" duration-ms="2815" status="PASS">
          <params>
            <param index="0">
              <value>
                <![CDATA[[TestResult name=Rewards status=SUCCESS method=SecondOperationTest.Rewards()[pri:2, instance:testcase.SecondOperationTest@548d708a] output={null}]]]>
              </value>
            </param>
            <param index="1">
              <value>
                <![CDATA[public void testcase.SecondOperationTest.Rewards()]]>
              </value>
            </param>
          </params>
          <reporter-output>
          </reporter-output>
        </test-method> <!-- tearDownTest -->
        <test-method is-config="true" signature="setup(java.lang.reflect.Method)[pri:0, instance:testcase.SecondOperationTest@548d708a]" started-at="2024-06-14T11:44:34 IST" name="setup" finished-at="2024-06-14T11:44:40 IST" duration-ms="6656" status="PASS">
          <params>
            <param index="0">
              <value>
                <![CDATA[public void testcase.SecondOperationTest.Careers(java.lang.String,java.lang.String)]]>
              </value>
            </param>
          </params>
          <reporter-output>
          </reporter-output>
        </test-method> <!-- setup -->
        <test-method signature="Careers(java.lang.String,java.lang.String)[pri:3, instance:testcase.SecondOperationTest@548d708a]" started-at="2024-06-14T11:44:40 IST" name="Careers" data-provider="credentials" finished-at="2024-06-14T11:44:53 IST" duration-ms="12250" status="FAIL">
          <params>
            <param index="0">
              <value>
                <![CDATA[hello@gmail.com]]>
              </value>
            </param>
            <param index="1">
              <value>
                <![CDATA[Hello@123]]>
              </value>
            </param>
          </params>
          <exception class="org.openqa.selenium.NoSuchElementException">
            <message>
              <![CDATA[no such element: Unable to locate element: {"method":"xpath","selector":"//a[contains(text(),'Life At Flipkart')]"}
  (Session info: chrome=126.0.6478.56)
For documentation on this error, please visit: https://www.selenium.dev/documentation/webdriver/troubleshooting/errors#no-such-element-exception
Build info: version: '4.19.1', revision: 'abe0ee07dc'
System info: os.name: 'Windows 10', os.arch: 'amd64', os.version: '10.0', java.version: '11.0.1'
Driver info: org.openqa.selenium.chrome.ChromeDriver
Command: [1b51ec6863ab7ffe131c2d9fba55facd, findElement {value=//a[contains(text(),'Life At Flipkart')], using=xpath}]
Capabilities {acceptInsecureCerts: false, browserName: chrome, browserVersion: 126.0.6478.56, chrome: {chromedriverVersion: 126.0.6478.61 (8dc092df54ce..., userDataDir: C:\Users\KARTIK~1\AppData\L...}, fedcm:accounts: true, goog:chromeOptions: {debuggerAddress: localhost:53163}, networkConnectionEnabled: false, pageLoadStrategy: normal, platformName: windows, proxy: Proxy(), se:cdp: ws://localhost:53163/devtoo..., se:cdpVersion: 126.0.6478.56, setWindowRect: true, strictFileInteractability: false, timeouts: {implicit: 0, pageLoad: 300000, script: 30000}, unhandledPromptBehavior: dismiss and notify, webauthn:extension:credBlob: true, webauthn:extension:largeBlob: true, webauthn:extension:minPinLength: true, webauthn:extension:prf: true, webauthn:virtualAuthenticators: true}
Session ID: 1b51ec6863ab7ffe131c2d9fba55facd]]>
            </message>
            <full-stacktrace>
              <![CDATA[org.openqa.selenium.NoSuchElementException: no such element: Unable to locate element: {"method":"xpath","selector":"//a[contains(text(),'Life At Flipkart')]"}
  (Session info: chrome=126.0.6478.56)
For documentation on this error, please visit: https://www.selenium.dev/documentation/webdriver/troubleshooting/errors#no-such-element-exception
Build info: version: '4.19.1', revision: 'abe0ee07dc'
System info: os.name: 'Windows 10', os.arch: 'amd64', os.version: '10.0', java.version: '11.0.1'
Driver info: org.openqa.selenium.chrome.ChromeDriver
Command: [1b51ec6863ab7ffe131c2d9fba55facd, findElement {value=//a[contains(text(),'Life At Flipkart')], using=xpath}]
Capabilities {acceptInsecureCerts: false, browserName: chrome, browserVersion: 126.0.6478.56, chrome: {chromedriverVersion: 126.0.6478.61 (8dc092df54ce..., userDataDir: C:\Users\KARTIK~1\AppData\L...}, fedcm:accounts: true, goog:chromeOptions: {debuggerAddress: localhost:53163}, networkConnectionEnabled: false, pageLoadStrategy: normal, platformName: windows, proxy: Proxy(), se:cdp: ws://localhost:53163/devtoo..., se:cdpVersion: 126.0.6478.56, setWindowRect: true, strictFileInteractability: false, timeouts: {implicit: 0, pageLoad: 300000, script: 30000}, unhandledPromptBehavior: dismiss and notify, webauthn:extension:credBlob: true, webauthn:extension:largeBlob: true, webauthn:extension:minPinLength: true, webauthn:extension:prf: true, webauthn:virtualAuthenticators: true}
Session ID: 1b51ec6863ab7ffe131c2d9fba55facd
at java.base/jdk.internal.reflect.NativeConstructorAccessorImpl.newInstance0(Native Method)
at java.base/jdk.internal.reflect.NativeConstructorAccessorImpl.newInstance(NativeConstructorAccessorImpl.java:62)
at java.base/jdk.internal.reflect.DelegatingConstructorAccessorImpl.newInstance(DelegatingConstructorAccessorImpl.java:45)
at java.base/java.lang.reflect.Constructor.newInstance(Constructor.java:490)
at org.openqa.selenium.remote.ErrorCodec.decode(ErrorCodec.java:167)
at org.openqa.selenium.remote.codec.w3c.W3CHttpResponseCodec.decode(W3CHttpResponseCodec.java:138)
at org.openqa.selenium.remote.codec.w3c.W3CHttpResponseCodec.decode(W3CHttpResponseCodec.java:50)
at org.openqa.selenium.remote.HttpCommandExecutor.execute(HttpCommandExecutor.java:190)
at org.openqa.selenium.remote.service.DriverCommandExecutor.invokeExecute(DriverCommandExecutor.java:216)
at org.openqa.selenium.remote.service.DriverCommandExecutor.execute(DriverCommandExecutor.java:174)
at org.openqa.selenium.remote.RemoteWebDriver.execute(RemoteWebDriver.java:518)
at org.openqa.selenium.remote.ElementLocation$ElementFinder$2.findElement(ElementLocation.java:165)
at org.openqa.selenium.remote.ElementLocation.findElement(ElementLocation.java:59)
at org.openqa.selenium.remote.RemoteWebDriver.findElement(RemoteWebDriver.java:355)
at org.openqa.selenium.remote.RemoteWebDriver.findElement(RemoteWebDriver.java:349)
at pages.SecondOperationPage.Careers(SecondOperationPage.java:73)
at testcase.SecondOperationTest.Careers(SecondOperationTest.java:46)
at java.base/jdk.internal.reflect.NativeMethodAccessorImpl.invoke0(Native Method)
at java.base/jdk.internal.reflect.NativeMethodAccessorImpl.invoke(NativeMethodAccessorImpl.java:62)
at java.base/jdk.internal.reflect.DelegatingMethodAccessorImpl.invoke(DelegatingMethodAccessorImpl.java:43)
at java.base/java.lang.reflect.Method.invoke(Method.java:566)
at org.testng.internal.invokers.MethodInvocationHelper.invokeMethod(MethodInvocationHelper.java:141)
at org.testng.internal.invokers.TestInvoker.invokeMethod(TestInvoker.java:686)
at org.testng.internal.invokers.TestInvoker.invokeTestMethod(TestInvoker.java:230)
at org.testng.internal.invokers.MethodRunner.runInSequence(MethodRunner.java:63)
at org.testng.internal.invokers.TestInvoker$MethodInvocationAgent.invoke(TestInvoker.java:992)
at org.testng.internal.invokers.TestInvoker.invokeTestMethods(TestInvoker.java:203)
at org.testng.internal.invokers.TestMethodWorker.invokeTestMethods(TestMethodWorker.java:154)
at org.testng.internal.invokers.TestMethodWorker.run(TestMethodWorker.java:134)
at java.base/java.util.ArrayList.forEach(ArrayList.java:1540)
at org.testng.TestRunner.privateRun(TestRunner.java:739)
at org.testng.TestRunner.run(TestRunner.java:614)
at org.testng.SuiteRunner.runTest(SuiteRunner.java:421)
at org.testng.SuiteRunner.runSequentially(SuiteRunner.java:413)
at org.testng.SuiteRunner.privateRun(SuiteRunner.java:373)
at org.testng.SuiteRunner.run(SuiteRunner.java:312)
at org.testng.SuiteRunnerWorker.runSuite(SuiteRunnerWorker.java:52)
at org.testng.SuiteRunnerWorker.run(SuiteRunnerWorker.java:95)
at org.testng.TestNG.runSuitesSequentially(TestNG.java:1274)
at org.testng.TestNG.runSuitesLocally(TestNG.java:1208)
at org.testng.TestNG.runSuites(TestNG.java:1112)
at org.testng.TestNG.run(TestNG.java:1079)
at org.apache.maven.surefire.testng.TestNGExecutor.run(TestNGExecutor.java:308)
at org.apache.maven.surefire.testng.TestNGXmlTestSuite.execute(TestNGXmlTestSuite.java:71)
at org.apache.maven.surefire.testng.TestNGProvider.invoke(TestNGProvider.java:113)
at org.apache.maven.surefire.booter.ForkedBooter.runSuitesInProcess(ForkedBooter.java:385)
at org.apache.maven.surefire.booter.ForkedBooter.execute(ForkedBooter.java:162)
at org.apache.maven.surefire.booter.ForkedBooter.run(ForkedBooter.java:507)
at org.apache.maven.surefire.booter.ForkedBooter.main(ForkedBooter.java:495)
]]>
            </full-stacktrace>
          </exception> <!-- org.openqa.selenium.NoSuchElementException -->
          <reporter-output>
          </reporter-output>
        </test-method> <!-- Careers -->
        <test-method is-config="true" signature="tearDownTest(org.testng.ITestResult,java.lang.reflect.Method)[pri:0, instance:testcase.SecondOperationTest@548d708a]" started-at="2024-06-14T11:44:53 IST" name="tearDownTest" finished-at="2024-06-14T11:44:56 IST" duration-ms="3759" status="PASS">
          <params>
            <param index="0">
              <value>
                <![CDATA[[TestResult name=Careers status=FAILURE method=SecondOperationTest.Careers(java.lang.String,java.lang.String)[pri:3, instance:testcase.SecondOperationTest@548d708a] output={null}]]]>
              </value>
            </param>
            <param index="1">
              <value>
                <![CDATA[public void testcase.SecondOperationTest.Careers(java.lang.String,java.lang.String)]]>
              </value>
            </param>
          </params>
          <reporter-output>
          </reporter-output>
        </test-method> <!-- tearDownTest -->
        <test-method is-config="true" signature="setup(java.lang.reflect.Method)[pri:0, instance:testcase.SecondOperationTest@548d708a]" started-at="2024-06-14T11:44:56 IST" name="setup" finished-at="2024-06-14T11:45:02 IST" duration-ms="5682" status="PASS">
          <params>
            <param index="0">
              <value>
                <![CDATA[public void testcase.SecondOperationTest.Login(java.lang.String)]]>
              </value>
            </param>
          </params>
          <reporter-output>
          </reporter-output>
        </test-method> <!-- setup -->
        <test-method signature="Login(java.lang.String)[pri:4, instance:testcase.SecondOperationTest@548d708a]" started-at="2024-06-14T11:45:02 IST" name="Login" data-provider="mobiledata" finished-at="2024-06-14T11:45:06 IST" duration-ms="3628" status="FAIL">
          <params>
            <param index="0">
              <value>
                <![CDATA[9990123515]]>
              </value>
            </param>
          </params>
          <exception class="java.lang.AssertionError">
            <message>
              <![CDATA[Login/Signup operation failed expected [https://www.flipkart.com/] but found [https://www.flipkart.com/account/login?ret=/]]]>
            </message>
            <full-stacktrace>
              <![CDATA[java.lang.AssertionError: Login/Signup operation failed expected [https://www.flipkart.com/] but found [https://www.flipkart.com/account/login?ret=/]
at org.testng.Assert.fail(Assert.java:111)
at org.testng.Assert.failNotEquals(Assert.java:1578)
at org.testng.Assert.assertEqualsImpl(Assert.java:150)
at org.testng.Assert.assertEquals(Assert.java:132)
at org.testng.Assert.assertEquals(Assert.java:656)
at pages.SecondOperationPage.Login(SecondOperationPage.java:95)
at testcase.SecondOperationTest.Login(SecondOperationTest.java:59)
at java.base/jdk.internal.reflect.NativeMethodAccessorImpl.invoke0(Native Method)
at java.base/jdk.internal.reflect.NativeMethodAccessorImpl.invoke(NativeMethodAccessorImpl.java:62)
at java.base/jdk.internal.reflect.DelegatingMethodAccessorImpl.invoke(DelegatingMethodAccessorImpl.java:43)
at java.base/java.lang.reflect.Method.invoke(Method.java:566)
at org.testng.internal.invokers.MethodInvocationHelper.invokeMethod(MethodInvocationHelper.java:141)
at org.testng.internal.invokers.TestInvoker.invokeMethod(TestInvoker.java:686)
at org.testng.internal.invokers.TestInvoker.invokeTestMethod(TestInvoker.java:230)
at org.testng.internal.invokers.MethodRunner.runInSequence(MethodRunner.java:63)
at org.testng.internal.invokers.TestInvoker$MethodInvocationAgent.invoke(TestInvoker.java:992)
at org.testng.internal.invokers.TestInvoker.invokeTestMethods(TestInvoker.java:203)
at org.testng.internal.invokers.TestMethodWorker.invokeTestMethods(TestMethodWorker.java:154)
at org.testng.internal.invokers.TestMethodWorker.run(TestMethodWorker.java:134)
at java.base/java.util.ArrayList.forEach(ArrayList.java:1540)
at org.testng.TestRunner.privateRun(TestRunner.java:739)
at org.testng.TestRunner.run(TestRunner.java:614)
at org.testng.SuiteRunner.runTest(SuiteRunner.java:421)
at org.testng.SuiteRunner.runSequentially(SuiteRunner.java:413)
at org.testng.SuiteRunner.privateRun(SuiteRunner.java:373)
at org.testng.SuiteRunner.run(SuiteRunner.java:312)
at org.testng.SuiteRunnerWorker.runSuite(SuiteRunnerWorker.java:52)
at org.testng.SuiteRunnerWorker.run(SuiteRunnerWorker.java:95)
at org.testng.TestNG.runSuitesSequentially(TestNG.java:1274)
at org.testng.TestNG.runSuitesLocally(TestNG.java:1208)
at org.testng.TestNG.runSuites(TestNG.java:1112)
at org.testng.TestNG.run(TestNG.java:1079)
at org.apache.maven.surefire.testng.TestNGExecutor.run(TestNGExecutor.java:308)
at org.apache.maven.surefire.testng.TestNGXmlTestSuite.execute(TestNGXmlTestSuite.java:71)
at org.apache.maven.surefire.testng.TestNGProvider.invoke(TestNGProvider.java:113)
at org.apache.maven.surefire.booter.ForkedBooter.runSuitesInProcess(ForkedBooter.java:385)
at org.apache.maven.surefire.booter.ForkedBooter.execute(ForkedBooter.java:162)
at org.apache.maven.surefire.booter.ForkedBooter.run(ForkedBooter.java:507)
at org.apache.maven.surefire.booter.ForkedBooter.main(ForkedBooter.java:495)
]]>
            </full-stacktrace>
          </exception> <!-- java.lang.AssertionError -->
          <reporter-output>
          </reporter-output>
        </test-method> <!-- Login -->
        <test-method is-config="true" signature="tearDownTest(org.testng.ITestResult,java.lang.reflect.Method)[pri:0, instance:testcase.SecondOperationTest@548d708a]" started-at="2024-06-14T11:45:06 IST" name="tearDownTest" finished-at="2024-06-14T11:45:08 IST" duration-ms="1731" status="PASS">
          <params>
            <param index="0">
              <value>
                <![CDATA[[TestResult name=Login status=FAILURE method=SecondOperationTest.Login(java.lang.String)[pri:4, instance:testcase.SecondOperationTest@548d708a] output={null}]]]>
              </value>
            </param>
            <param index="1">
              <value>
                <![CDATA[public void testcase.SecondOperationTest.Login(java.lang.String)]]>
              </value>
            </param>
          </params>
          <reporter-output>
          </reporter-output>
        </test-method> <!-- tearDownTest -->
        <test-method is-config="true" signature="setup(java.lang.reflect.Method)[pri:0, instance:testcase.SecondOperationTest@548d708a]" started-at="2024-06-14T11:45:08 IST" name="setup" finished-at="2024-06-14T11:45:12 IST" duration-ms="4708" status="PASS">
          <params>
            <param index="0">
              <value>
                <![CDATA[public void testcase.SecondOperationTest.Signup(java.lang.String)]]>
              </value>
            </param>
          </params>
          <reporter-output>
          </reporter-output>
        </test-method> <!-- setup -->
        <test-method signature="Signup(java.lang.String)[pri:5, instance:testcase.SecondOperationTest@548d708a]" started-at="2024-06-14T11:45:12 IST" name="Signup" data-provider="mobiledata" finished-at="2024-06-14T11:45:15 IST" duration-ms="2636" status="FAIL">
          <params>
            <param index="0">
              <value>
                <![CDATA[9990123515]]>
              </value>
            </param>
          </params>
          <exception class="java.lang.AssertionError">
            <message>
              <![CDATA[Login/Signup operation failed expected [https://www.flipkart.com/] but found [https://www.flipkart.com/account/login?signup=true]]]>
            </message>
            <full-stacktrace>
              <![CDATA[java.lang.AssertionError: Login/Signup operation failed expected [https://www.flipkart.com/] but found [https://www.flipkart.com/account/login?signup=true]
at org.testng.Assert.fail(Assert.java:111)
at org.testng.Assert.failNotEquals(Assert.java:1578)
at org.testng.Assert.assertEqualsImpl(Assert.java:150)
at org.testng.Assert.assertEquals(Assert.java:132)
at org.testng.Assert.assertEquals(Assert.java:656)
at pages.SecondOperationPage.Signup(SecondOperationPage.java:105)
at testcase.SecondOperationTest.Signup(SecondOperationTest.java:73)
at java.base/jdk.internal.reflect.NativeMethodAccessorImpl.invoke0(Native Method)
at java.base/jdk.internal.reflect.NativeMethodAccessorImpl.invoke(NativeMethodAccessorImpl.java:62)
at java.base/jdk.internal.reflect.DelegatingMethodAccessorImpl.invoke(DelegatingMethodAccessorImpl.java:43)
at java.base/java.lang.reflect.Method.invoke(Method.java:566)
at org.testng.internal.invokers.MethodInvocationHelper.invokeMethod(MethodInvocationHelper.java:141)
at org.testng.internal.invokers.TestInvoker.invokeMethod(TestInvoker.java:686)
at org.testng.internal.invokers.TestInvoker.invokeTestMethod(TestInvoker.java:230)
at org.testng.internal.invokers.MethodRunner.runInSequence(MethodRunner.java:63)
at org.testng.internal.invokers.TestInvoker$MethodInvocationAgent.invoke(TestInvoker.java:992)
at org.testng.internal.invokers.TestInvoker.invokeTestMethods(TestInvoker.java:203)
at org.testng.internal.invokers.TestMethodWorker.invokeTestMethods(TestMethodWorker.java:154)
at org.testng.internal.invokers.TestMethodWorker.run(TestMethodWorker.java:134)
at java.base/java.util.ArrayList.forEach(ArrayList.java:1540)
at org.testng.TestRunner.privateRun(TestRunner.java:739)
at org.testng.TestRunner.run(TestRunner.java:614)
at org.testng.SuiteRunner.runTest(SuiteRunner.java:421)
at org.testng.SuiteRunner.runSequentially(SuiteRunner.java:413)
at org.testng.SuiteRunner.privateRun(SuiteRunner.java:373)
at org.testng.SuiteRunner.run(SuiteRunner.java:312)
at org.testng.SuiteRunnerWorker.runSuite(SuiteRunnerWorker.java:52)
at org.testng.SuiteRunnerWorker.run(SuiteRunnerWorker.java:95)
at org.testng.TestNG.runSuitesSequentially(TestNG.java:1274)
at org.testng.TestNG.runSuitesLocally(TestNG.java:1208)
at org.testng.TestNG.runSuites(TestNG.java:1112)
at org.testng.TestNG.run(TestNG.java:1079)
at org.apache.maven.surefire.testng.TestNGExecutor.run(TestNGExecutor.java:308)
at org.apache.maven.surefire.testng.TestNGXmlTestSuite.execute(TestNGXmlTestSuite.java:71)
at org.apache.maven.surefire.testng.TestNGProvider.invoke(TestNGProvider.java:113)
at org.apache.maven.surefire.booter.ForkedBooter.runSuitesInProcess(ForkedBooter.java:385)
at org.apache.maven.surefire.booter.ForkedBooter.execute(ForkedBooter.java:162)
at org.apache.maven.surefire.booter.ForkedBooter.run(ForkedBooter.java:507)
at org.apache.maven.surefire.booter.ForkedBooter.main(ForkedBooter.java:495)
]]>
            </full-stacktrace>
          </exception> <!-- java.lang.AssertionError -->
          <reporter-output>
          </reporter-output>
        </test-method> <!-- Signup -->
        <test-method is-config="true" signature="tearDownTest(org.testng.ITestResult,java.lang.reflect.Method)[pri:0, instance:testcase.SecondOperationTest@548d708a]" started-at="2024-06-14T11:45:15 IST" name="tearDownTest" finished-at="2024-06-14T11:45:16 IST" duration-ms="1454" status="PASS">
          <params>
            <param index="0">
              <value>
                <![CDATA[[TestResult name=Signup status=FAILURE method=SecondOperationTest.Signup(java.lang.String)[pri:5, instance:testcase.SecondOperationTest@548d708a] output={null}]]]>
              </value>
            </param>
            <param index="1">
              <value>
                <![CDATA[public void testcase.SecondOperationTest.Signup(java.lang.String)]]>
              </value>
            </param>
          </params>
          <reporter-output>
          </reporter-output>
        </test-method> <!-- tearDownTest -->
        <test-method is-config="true" signature="setup(java.lang.reflect.Method)[pri:0, instance:testcase.SecondOperationTest@548d708a]" started-at="2024-06-14T11:45:16 IST" name="setup" finished-at="2024-06-14T11:45:22 IST" duration-ms="5319" status="PASS">
          <params>
            <param index="0">
              <value>
                <![CDATA[public void testcase.SecondOperationTest.Shopsy()]]>
              </value>
            </param>
          </params>
          <reporter-output>
          </reporter-output>
        </test-method> <!-- setup -->
        <test-method signature="Shopsy()[pri:6, instance:testcase.SecondOperationTest@548d708a]" started-at="2024-06-14T11:45:22 IST" name="Shopsy" finished-at="2024-06-14T11:45:26 IST" duration-ms="3993" status="PASS">
          <reporter-output>
          </reporter-output>
        </test-method> <!-- Shopsy -->
        <test-method is-config="true" signature="tearDownTest(org.testng.ITestResult,java.lang.reflect.Method)[pri:0, instance:testcase.SecondOperationTest@548d708a]" started-at="2024-06-14T11:45:26 IST" name="tearDownTest" finished-at="2024-06-14T11:45:27 IST" duration-ms="1344" status="PASS">
          <params>
            <param index="0">
              <value>
                <![CDATA[[TestResult name=Shopsy status=SUCCESS method=SecondOperationTest.Shopsy()[pri:6, instance:testcase.SecondOperationTest@548d708a] output={null}]]]>
              </value>
            </param>
            <param index="1">
              <value>
                <![CDATA[public void testcase.SecondOperationTest.Shopsy()]]>
              </value>
            </param>
          </params>
          <reporter-output>
          </reporter-output>
        </test-method> <!-- tearDownTest -->
        <test-method is-config="true" signature="setup(java.lang.reflect.Method)[pri:0, instance:testcase.SecondOperationTest@548d708a]" started-at="2024-06-14T11:45:27 IST" name="setup" finished-at="2024-06-14T11:45:32 IST" duration-ms="4680" status="PASS">
          <params>
            <param index="0">
              <value>
                <![CDATA[public void testcase.SecondOperationTest.CorporateWebsite()]]>
              </value>
            </param>
          </params>
          <reporter-output>
          </reporter-output>
        </test-method> <!-- setup -->
        <test-method signature="CorporateWebsite()[pri:7, instance:testcase.SecondOperationTest@548d708a]" started-at="2024-06-14T11:45:32 IST" name="CorporateWebsite" finished-at="2024-06-14T11:45:34 IST" duration-ms="2409" status="PASS">
          <reporter-output>
          </reporter-output>
        </test-method> <!-- CorporateWebsite -->
        <test-method is-config="true" signature="tearDownTest(org.testng.ITestResult,java.lang.reflect.Method)[pri:0, instance:testcase.SecondOperationTest@548d708a]" started-at="2024-06-14T11:45:34 IST" name="tearDownTest" finished-at="2024-06-14T11:45:35 IST" duration-ms="1297" status="PASS">
          <params>
            <param index="0">
              <value>
                <![CDATA[[TestResult name=CorporateWebsite status=SUCCESS method=SecondOperationTest.CorporateWebsite()[pri:7, instance:testcase.SecondOperationTest@548d708a] output={null}]]]>
              </value>
            </param>
            <param index="1">
              <value>
                <![CDATA[public void testcase.SecondOperationTest.CorporateWebsite()]]>
              </value>
            </param>
          </params>
          <reporter-output>
          </reporter-output>
        </test-method> <!-- tearDownTest -->
        <test-method is-config="true" signature="tearDownExtentReports()[pri:0, instance:testcase.SecondOperationTest@548d708a]" started-at="2024-06-14T11:45:35 IST" name="tearDownExtentReports" finished-at="2024-06-14T11:45:35 IST" duration-ms="69" status="PASS">
          <reporter-output>
          </reporter-output>
        </test-method> <!-- tearDownExtentReports -->
      </class> <!-- testcase.SecondOperationTest -->
      <class name="testcase.FirstOpeartionTest">
        <test-method is-config="true" signature="setUp_Configurations()[pri:0, instance:testcase.FirstOpeartionTest@795509d9]" started-at="2024-06-14T11:42:28 IST" name="setUp_Configurations" finished-at="2024-06-14T11:42:30 IST" duration-ms="1804" status="PASS">
          <reporter-output>
          </reporter-output>
        </test-method> <!-- setUp_Configurations -->
        <test-method is-config="true" signature="setup(java.lang.reflect.Method)[pri:0, instance:testcase.FirstOpeartionTest@795509d9]" started-at="2024-06-14T11:42:30 IST" name="setup" finished-at="2024-06-14T11:42:30 IST" duration-ms="1" status="PASS">
          <params>
            <param index="0">
              <value>
                <![CDATA[public void testcase.FirstOpeartionTest.search(java.lang.String,java.lang.String)]]>
              </value>
            </param>
          </params>
          <reporter-output>
          </reporter-output>
        </test-method> <!-- setup -->
        <test-method signature="search(java.lang.String,java.lang.String)[pri:1, instance:testcase.FirstOpeartionTest@795509d9]" started-at="2024-06-14T11:42:30 IST" name="search" data-provider="searchdata" finished-at="2024-06-14T11:42:30 IST" duration-ms="5" status="FAIL">
          <params>
            <param index="0">
              <value>
                <![CDATA[phones]]>
              </value>
            </param>
            <param index="1">
              <value>
                <![CDATA[samsung]]>
              </value>
            </param>
          </params>
          <exception class="java.lang.AssertionError">
            <message>
              <![CDATA[Searching is not activated]]>
            </message>
            <full-stacktrace>
              <![CDATA[java.lang.AssertionError: Searching is not activated
at org.testng.Assert.fail(Assert.java:111)
at testcase.FirstOpeartionTest.search(FirstOpeartionTest.java:25)
at java.base/jdk.internal.reflect.NativeMethodAccessorImpl.invoke0(Native Method)
at java.base/jdk.internal.reflect.NativeMethodAccessorImpl.invoke(NativeMethodAccessorImpl.java:62)
at java.base/jdk.internal.reflect.DelegatingMethodAccessorImpl.invoke(DelegatingMethodAccessorImpl.java:43)
at java.base/java.lang.reflect.Method.invoke(Method.java:566)
at org.testng.internal.invokers.MethodInvocationHelper.invokeMethod(MethodInvocationHelper.java:141)
at org.testng.internal.invokers.TestInvoker.invokeMethod(TestInvoker.java:686)
at org.testng.internal.invokers.TestInvoker.invokeTestMethod(TestInvoker.java:230)
at org.testng.internal.invokers.MethodRunner.runInSequence(MethodRunner.java:63)
at org.testng.internal.invokers.TestInvoker$MethodInvocationAgent.invoke(TestInvoker.java:992)
at org.testng.internal.invokers.TestInvoker.invokeTestMethods(TestInvoker.java:203)
at org.testng.internal.invokers.TestMethodWorker.invokeTestMethods(TestMethodWorker.java:154)
at org.testng.internal.invokers.TestMethodWorker.run(TestMethodWorker.java:134)
at java.base/java.util.ArrayList.forEach(ArrayList.java:1540)
at org.testng.TestRunner.privateRun(TestRunner.java:739)
at org.testng.TestRunner.run(TestRunner.java:614)
at org.testng.SuiteRunner.runTest(SuiteRunner.java:421)
at org.testng.SuiteRunner.runSequentially(SuiteRunner.java:413)
at org.testng.SuiteRunner.privateRun(SuiteRunner.java:373)
at org.testng.SuiteRunner.run(SuiteRunner.java:312)
at org.testng.SuiteRunnerWorker.runSuite(SuiteRunnerWorker.java:52)
at org.testng.SuiteRunnerWorker.run(SuiteRunnerWorker.java:95)
at org.testng.TestNG.runSuitesSequentially(TestNG.java:1274)
at org.testng.TestNG.runSuitesLocally(TestNG.java:1208)
at org.testng.TestNG.runSuites(TestNG.java:1112)
at org.testng.TestNG.run(TestNG.java:1079)
at org.apache.maven.surefire.testng.TestNGExecutor.run(TestNGExecutor.java:308)
at org.apache.maven.surefire.testng.TestNGXmlTestSuite.execute(TestNGXmlTestSuite.java:71)
at org.apache.maven.surefire.testng.TestNGProvider.invoke(TestNGProvider.java:113)
at org.apache.maven.surefire.booter.ForkedBooter.runSuitesInProcess(ForkedBooter.java:385)
at org.apache.maven.surefire.booter.ForkedBooter.execute(ForkedBooter.java:162)
at org.apache.maven.surefire.booter.ForkedBooter.run(ForkedBooter.java:507)
at org.apache.maven.surefire.booter.ForkedBooter.main(ForkedBooter.java:495)
]]>
            </full-stacktrace>
          </exception> <!-- java.lang.AssertionError -->
          <reporter-output>
          </reporter-output>
        </test-method> <!-- search -->
        <test-method is-config="true" signature="tearDownTest(org.testng.ITestResult,java.lang.reflect.Method)[pri:0, instance:testcase.FirstOpeartionTest@795509d9]" started-at="2024-06-14T11:42:30 IST" name="tearDownTest" finished-at="2024-06-14T11:42:30 IST" duration-ms="1" status="PASS">
          <params>
            <param index="0">
              <value>
                <![CDATA[[TestResult name=search status=FAILURE method=FirstOpeartionTest.search(java.lang.String,java.lang.String)[pri:1, instance:testcase.FirstOpeartionTest@795509d9] output={null}]]]>
              </value>
            </param>
            <param index="1">
              <value>
                <![CDATA[public void testcase.FirstOpeartionTest.search(java.lang.String,java.lang.String)]]>
              </value>
            </param>
          </params>
          <reporter-output>
          </reporter-output>
        </test-method> <!-- tearDownTest -->
        <test-method is-config="true" signature="setup(java.lang.reflect.Method)[pri:0, instance:testcase.FirstOpeartionTest@795509d9]" started-at="2024-06-14T11:42:30 IST" name="setup" finished-at="2024-06-14T11:42:36 IST" duration-ms="5678" status="PASS">
          <params>
            <param index="0">
              <value>
                <![CDATA[public void testcase.FirstOpeartionTest.grocery(java.lang.String,java.lang.String)]]>
              </value>
            </param>
          </params>
          <reporter-output>
          </reporter-output>
        </test-method> <!-- setup -->
        <test-method signature="grocery(java.lang.String,java.lang.String)[pri:2, instance:testcase.FirstOpeartionTest@795509d9]" started-at="2024-06-14T11:42:36 IST" name="grocery" data-provider="grocerydata" finished-at="2024-06-14T11:42:42 IST" duration-ms="5747" status="PASS">
          <params>
            <param index="0">
              <value>
                <![CDATA[208001]]>
              </value>
            </param>
            <param index="1">
              <value>
                <![CDATA[Lays American Style Cream and Onion Chips]]>
              </value>
            </param>
          </params>
          <reporter-output>
          </reporter-output>
        </test-method> <!-- grocery -->
        <test-method is-config="true" signature="tearDownTest(org.testng.ITestResult,java.lang.reflect.Method)[pri:0, instance:testcase.FirstOpeartionTest@795509d9]" started-at="2024-06-14T11:42:42 IST" name="tearDownTest" finished-at="2024-06-14T11:42:43 IST" duration-ms="1213" status="PASS">
          <params>
            <param index="0">
              <value>
                <![CDATA[[TestResult name=grocery status=SUCCESS method=FirstOpeartionTest.grocery(java.lang.String,java.lang.String)[pri:2, instance:testcase.FirstOpeartionTest@795509d9] output={null}]]]>
              </value>
            </param>
            <param index="1">
              <value>
                <![CDATA[public void testcase.FirstOpeartionTest.grocery(java.lang.String,java.lang.String)]]>
              </value>
            </param>
          </params>
          <reporter-output>
          </reporter-output>
        </test-method> <!-- tearDownTest -->
        <test-method is-config="true" signature="setup(java.lang.reflect.Method)[pri:0, instance:testcase.FirstOpeartionTest@795509d9]" started-at="2024-06-14T11:42:43 IST" name="setup" finished-at="2024-06-14T11:42:47 IST" duration-ms="4568" status="PASS">
          <params>
            <param index="0">
              <value>
                <![CDATA[public void testcase.FirstOpeartionTest.specficProduct()]]>
              </value>
            </param>
          </params>
          <reporter-output>
          </reporter-output>
        </test-method> <!-- setup -->
        <test-method signature="specficProduct()[pri:3, instance:testcase.FirstOpeartionTest@795509d9]" started-at="2024-06-14T11:42:47 IST" name="specficProduct" finished-at="2024-06-14T11:42:57 IST" duration-ms="9397" status="PASS">
          <reporter-output>
          </reporter-output>
        </test-method> <!-- specficProduct -->
        <test-method is-config="true" signature="tearDownTest(org.testng.ITestResult,java.lang.reflect.Method)[pri:0, instance:testcase.FirstOpeartionTest@795509d9]" started-at="2024-06-14T11:42:57 IST" name="tearDownTest" finished-at="2024-06-14T11:42:58 IST" duration-ms="1112" status="PASS">
          <params>
            <param index="0">
              <value>
                <![CDATA[[TestResult name=specficProduct status=SUCCESS method=FirstOpeartionTest.specficProduct()[pri:3, instance:testcase.FirstOpeartionTest@795509d9] output={null}]]]>
              </value>
            </param>
            <param index="1">
              <value>
                <![CDATA[public void testcase.FirstOpeartionTest.specficProduct()]]>
              </value>
            </param>
          </params>
          <reporter-output>
          </reporter-output>
        </test-method> <!-- tearDownTest -->
        <test-method is-config="true" signature="setup(java.lang.reflect.Method)[pri:0, instance:testcase.FirstOpeartionTest@795509d9]" started-at="2024-06-14T11:42:58 IST" name="setup" finished-at="2024-06-14T11:43:04 IST" duration-ms="5644" status="PASS">
          <params>
            <param index="0">
              <value>
                <![CDATA[public void testcase.FirstOpeartionTest.becomeSeller(java.lang.String,java.lang.String)]]>
              </value>
            </param>
          </params>
          <reporter-output>
          </reporter-output>
        </test-method> <!-- setup -->
        <test-method signature="becomeSeller(java.lang.String,java.lang.String)[pri:4, instance:testcase.FirstOpeartionTest@795509d9]" started-at="2024-06-14T11:43:04 IST" name="becomeSeller" data-provider="sellerdata" finished-at="2024-06-14T11:43:13 IST" duration-ms="9631" status="PASS">
          <params>
            <param index="0">
              <value>
                <![CDATA[9919520904]]>
              </value>
            </param>
            <param index="1">
              <value>
                <![CDATA[hello@gmail.com]]>
              </value>
            </param>
          </params>
          <reporter-output>
          </reporter-output>
        </test-method> <!-- becomeSeller -->
        <test-method is-config="true" signature="tearDownTest(org.testng.ITestResult,java.lang.reflect.Method)[pri:0, instance:testcase.FirstOpeartionTest@795509d9]" started-at="2024-06-14T11:43:13 IST" name="tearDownTest" finished-at="2024-06-14T11:43:14 IST" duration-ms="1223" status="PASS">
          <params>
            <param index="0">
              <value>
                <![CDATA[[TestResult name=becomeSeller status=SUCCESS method=FirstOpeartionTest.becomeSeller(java.lang.String,java.lang.String)[pri:4, instance:testcase.FirstOpeartionTest@795509d9] output={null}]]]>
              </value>
            </param>
            <param index="1">
              <value>
                <![CDATA[public void testcase.FirstOpeartionTest.becomeSeller(java.lang.String,java.lang.String)]]>
              </value>
            </param>
          </params>
          <reporter-output>
          </reporter-output>
        </test-method> <!-- tearDownTest -->
        <test-method is-config="true" signature="setup(java.lang.reflect.Method)[pri:0, instance:testcase.FirstOpeartionTest@795509d9]" started-at="2024-06-14T11:43:14 IST" name="setup" finished-at="2024-06-14T11:43:19 IST" duration-ms="4761" status="PASS">
          <params>
            <param index="0">
              <value>
                <![CDATA[public void testcase.FirstOpeartionTest.fashion(java.lang.String,java.lang.String)]]>
              </value>
            </param>
          </params>
          <reporter-output>
          </reporter-output>
        </test-method> <!-- setup -->
        <test-method signature="fashion(java.lang.String,java.lang.String)[pri:5, instance:testcase.FirstOpeartionTest@795509d9]" started-at="2024-06-14T11:43:19 IST" name="fashion" data-provider="fashiondata" finished-at="2024-06-14T11:43:31 IST" duration-ms="11710" status="FAIL">
          <params>
            <param index="0">
              <value>
                <![CDATA[Men's Top Wear]]>
              </value>
            </param>
            <param index="1">
              <value>
                <![CDATA[Men Regular Fit Solid Spread Collar Casual Shirt]]>
              </value>
            </param>
          </params>
          <exception class="org.openqa.selenium.NoSuchElementException">
            <message>
              <![CDATA[no such element: Unable to locate element: {"method":"xpath","selector":"//a[contains(text(), "Men's Top Wear")]"}
  (Session info: chrome=126.0.6478.56)
For documentation on this error, please visit: https://www.selenium.dev/documentation/webdriver/troubleshooting/errors#no-such-element-exception
Build info: version: '4.19.1', revision: 'abe0ee07dc'
System info: os.name: 'Windows 10', os.arch: 'amd64', os.version: '10.0', java.version: '11.0.1'
Driver info: org.openqa.selenium.chrome.ChromeDriver
Command: [399b6a7b75970fc0ec4ea061a136e0c6, findElement {value=//a[contains(text(), "Men's Top Wear")], using=xpath}]
Capabilities {acceptInsecureCerts: false, browserName: chrome, browserVersion: 126.0.6478.56, chrome: {chromedriverVersion: 126.0.6478.61 (8dc092df54ce..., userDataDir: C:\Users\KARTIK~1\AppData\L...}, fedcm:accounts: true, goog:chromeOptions: {debuggerAddress: localhost:52909}, networkConnectionEnabled: false, pageLoadStrategy: normal, platformName: windows, proxy: Proxy(), se:cdp: ws://localhost:52909/devtoo..., se:cdpVersion: 126.0.6478.56, setWindowRect: true, strictFileInteractability: false, timeouts: {implicit: 0, pageLoad: 300000, script: 30000}, unhandledPromptBehavior: dismiss and notify, webauthn:extension:credBlob: true, webauthn:extension:largeBlob: true, webauthn:extension:minPinLength: true, webauthn:extension:prf: true, webauthn:virtualAuthenticators: true}
Session ID: 399b6a7b75970fc0ec4ea061a136e0c6]]>
            </message>
            <full-stacktrace>
              <![CDATA[org.openqa.selenium.NoSuchElementException: no such element: Unable to locate element: {"method":"xpath","selector":"//a[contains(text(), "Men's Top Wear")]"}
  (Session info: chrome=126.0.6478.56)
For documentation on this error, please visit: https://www.selenium.dev/documentation/webdriver/troubleshooting/errors#no-such-element-exception
Build info: version: '4.19.1', revision: 'abe0ee07dc'
System info: os.name: 'Windows 10', os.arch: 'amd64', os.version: '10.0', java.version: '11.0.1'
Driver info: org.openqa.selenium.chrome.ChromeDriver
Command: [399b6a7b75970fc0ec4ea061a136e0c6, findElement {value=//a[contains(text(), "Men's Top Wear")], using=xpath}]
Capabilities {acceptInsecureCerts: false, browserName: chrome, browserVersion: 126.0.6478.56, chrome: {chromedriverVersion: 126.0.6478.61 (8dc092df54ce..., userDataDir: C:\Users\KARTIK~1\AppData\L...}, fedcm:accounts: true, goog:chromeOptions: {debuggerAddress: localhost:52909}, networkConnectionEnabled: false, pageLoadStrategy: normal, platformName: windows, proxy: Proxy(), se:cdp: ws://localhost:52909/devtoo..., se:cdpVersion: 126.0.6478.56, setWindowRect: true, strictFileInteractability: false, timeouts: {implicit: 0, pageLoad: 300000, script: 30000}, unhandledPromptBehavior: dismiss and notify, webauthn:extension:credBlob: true, webauthn:extension:largeBlob: true, webauthn:extension:minPinLength: true, webauthn:extension:prf: true, webauthn:virtualAuthenticators: true}
Session ID: 399b6a7b75970fc0ec4ea061a136e0c6
at java.base/jdk.internal.reflect.NativeConstructorAccessorImpl.newInstance0(Native Method)
at java.base/jdk.internal.reflect.NativeConstructorAccessorImpl.newInstance(NativeConstructorAccessorImpl.java:62)
at java.base/jdk.internal.reflect.DelegatingConstructorAccessorImpl.newInstance(DelegatingConstructorAccessorImpl.java:45)
at java.base/java.lang.reflect.Constructor.newInstance(Constructor.java:490)
at org.openqa.selenium.remote.ErrorCodec.decode(ErrorCodec.java:167)
at org.openqa.selenium.remote.codec.w3c.W3CHttpResponseCodec.decode(W3CHttpResponseCodec.java:138)
at org.openqa.selenium.remote.codec.w3c.W3CHttpResponseCodec.decode(W3CHttpResponseCodec.java:50)
at org.openqa.selenium.remote.HttpCommandExecutor.execute(HttpCommandExecutor.java:190)
at org.openqa.selenium.remote.service.DriverCommandExecutor.invokeExecute(DriverCommandExecutor.java:216)
at org.openqa.selenium.remote.service.DriverCommandExecutor.execute(DriverCommandExecutor.java:174)
at org.openqa.selenium.remote.RemoteWebDriver.execute(RemoteWebDriver.java:518)
at org.openqa.selenium.remote.ElementLocation$ElementFinder$2.findElement(ElementLocation.java:165)
at org.openqa.selenium.remote.ElementLocation.findElement(ElementLocation.java:59)
at org.openqa.selenium.remote.RemoteWebDriver.findElement(RemoteWebDriver.java:355)
at org.openqa.selenium.remote.RemoteWebDriver.findElement(RemoteWebDriver.java:349)
at pages.FirstOpeartionPage.Fashion(FirstOpeartionPage.java:125)
at testcase.FirstOpeartionTest.fashion(FirstOpeartionTest.java:77)
at java.base/jdk.internal.reflect.NativeMethodAccessorImpl.invoke0(Native Method)
at java.base/jdk.internal.reflect.NativeMethodAccessorImpl.invoke(NativeMethodAccessorImpl.java:62)
at java.base/jdk.internal.reflect.DelegatingMethodAccessorImpl.invoke(DelegatingMethodAccessorImpl.java:43)
at java.base/java.lang.reflect.Method.invoke(Method.java:566)
at org.testng.internal.invokers.MethodInvocationHelper.invokeMethod(MethodInvocationHelper.java:141)
at org.testng.internal.invokers.TestInvoker.invokeMethod(TestInvoker.java:686)
at org.testng.internal.invokers.TestInvoker.invokeTestMethod(TestInvoker.java:230)
at org.testng.internal.invokers.MethodRunner.runInSequence(MethodRunner.java:63)
at org.testng.internal.invokers.TestInvoker$MethodInvocationAgent.invoke(TestInvoker.java:992)
at org.testng.internal.invokers.TestInvoker.invokeTestMethods(TestInvoker.java:203)
at org.testng.internal.invokers.TestMethodWorker.invokeTestMethods(TestMethodWorker.java:154)
at org.testng.internal.invokers.TestMethodWorker.run(TestMethodWorker.java:134)
at java.base/java.util.ArrayList.forEach(ArrayList.java:1540)
at org.testng.TestRunner.privateRun(TestRunner.java:739)
at org.testng.TestRunner.run(TestRunner.java:614)
at org.testng.SuiteRunner.runTest(SuiteRunner.java:421)
at org.testng.SuiteRunner.runSequentially(SuiteRunner.java:413)
at org.testng.SuiteRunner.privateRun(SuiteRunner.java:373)
at org.testng.SuiteRunner.run(SuiteRunner.java:312)
at org.testng.SuiteRunnerWorker.runSuite(SuiteRunnerWorker.java:52)
at org.testng.SuiteRunnerWorker.run(SuiteRunnerWorker.java:95)
at org.testng.TestNG.runSuitesSequentially(TestNG.java:1274)
at org.testng.TestNG.runSuitesLocally(TestNG.java:1208)
at org.testng.TestNG.runSuites(TestNG.java:1112)
at org.testng.TestNG.run(TestNG.java:1079)
at org.apache.maven.surefire.testng.TestNGExecutor.run(TestNGExecutor.java:308)
at org.apache.maven.surefire.testng.TestNGXmlTestSuite.execute(TestNGXmlTestSuite.java:71)
at org.apache.maven.surefire.testng.TestNGProvider.invoke(TestNGProvider.java:113)
at org.apache.maven.surefire.booter.ForkedBooter.runSuitesInProcess(ForkedBooter.java:385)
at org.apache.maven.surefire.booter.ForkedBooter.execute(ForkedBooter.java:162)
at org.apache.maven.surefire.booter.ForkedBooter.run(ForkedBooter.java:507)
at org.apache.maven.surefire.booter.ForkedBooter.main(ForkedBooter.java:495)
]]>
            </full-stacktrace>
          </exception> <!-- org.openqa.selenium.NoSuchElementException -->
          <reporter-output>
          </reporter-output>
        </test-method> <!-- fashion -->
        <test-method is-config="true" signature="tearDownTest(org.testng.ITestResult,java.lang.reflect.Method)[pri:0, instance:testcase.FirstOpeartionTest@795509d9]" started-at="2024-06-14T11:43:31 IST" name="tearDownTest" finished-at="2024-06-14T11:43:33 IST" duration-ms="2107" status="PASS">
          <params>
            <param index="0">
              <value>
                <![CDATA[[TestResult name=fashion status=FAILURE method=FirstOpeartionTest.fashion(java.lang.String,java.lang.String)[pri:5, instance:testcase.FirstOpeartionTest@795509d9] output={null}]]]>
              </value>
            </param>
            <param index="1">
              <value>
                <![CDATA[public void testcase.FirstOpeartionTest.fashion(java.lang.String,java.lang.String)]]>
              </value>
            </param>
          </params>
          <reporter-output>
          </reporter-output>
        </test-method> <!-- tearDownTest -->
        <test-method is-config="true" signature="setup(java.lang.reflect.Method)[pri:0, instance:testcase.FirstOpeartionTest@795509d9]" started-at="2024-06-14T11:43:33 IST" name="setup" finished-at="2024-06-14T11:43:38 IST" duration-ms="5056" status="PASS">
          <params>
            <param index="0">
              <value>
                <![CDATA[public void testcase.FirstOpeartionTest.notification()]]>
              </value>
            </param>
          </params>
          <reporter-output>
          </reporter-output>
        </test-method> <!-- setup -->
        <test-method signature="notification()[pri:6, instance:testcase.FirstOpeartionTest@795509d9]" started-at="2024-06-14T11:43:38 IST" name="notification" finished-at="2024-06-14T11:43:40 IST" duration-ms="2031" status="PASS">
          <reporter-output>
          </reporter-output>
        </test-method> <!-- notification -->
        <test-method is-config="true" signature="tearDownTest(org.testng.ITestResult,java.lang.reflect.Method)[pri:0, instance:testcase.FirstOpeartionTest@795509d9]" started-at="2024-06-14T11:43:40 IST" name="tearDownTest" finished-at="2024-06-14T11:43:41 IST" duration-ms="1165" status="PASS">
          <params>
            <param index="0">
              <value>
                <![CDATA[[TestResult name=notification status=SUCCESS method=FirstOpeartionTest.notification()[pri:6, instance:testcase.FirstOpeartionTest@795509d9] output={null}]]]>
              </value>
            </param>
            <param index="1">
              <value>
                <![CDATA[public void testcase.FirstOpeartionTest.notification()]]>
              </value>
            </param>
          </params>
          <reporter-output>
          </reporter-output>
        </test-method> <!-- tearDownTest -->
        <test-method is-config="true" signature="setup(java.lang.reflect.Method)[pri:0, instance:testcase.FirstOpeartionTest@795509d9]" started-at="2024-06-14T11:43:41 IST" name="setup" finished-at="2024-06-14T11:43:46 IST" duration-ms="4494" status="PASS">
          <params>
            <param index="0">
              <value>
                <![CDATA[public void testcase.FirstOpeartionTest.twowheeler()]]>
              </value>
            </param>
          </params>
          <reporter-output>
          </reporter-output>
        </test-method> <!-- setup -->
        <test-method signature="twowheeler()[pri:7, instance:testcase.FirstOpeartionTest@795509d9]" started-at="2024-06-14T11:43:46 IST" name="twowheeler" finished-at="2024-06-14T11:43:56 IST" duration-ms="10026" status="FAIL">
          <exception class="org.openqa.selenium.NoSuchElementException">
            <message>
              <![CDATA[no such element: Unable to locate element: {"method":"xpath","selector":"//span[contains(text(),'Two Wheelers')]"}
  (Session info: chrome=126.0.6478.56)
For documentation on this error, please visit: https://www.selenium.dev/documentation/webdriver/troubleshooting/errors#no-such-element-exception
Build info: version: '4.19.1', revision: 'abe0ee07dc'
System info: os.name: 'Windows 10', os.arch: 'amd64', os.version: '10.0', java.version: '11.0.1'
Driver info: org.openqa.selenium.chrome.ChromeDriver
Command: [78637dc161c95eac86cc4c85313e3f17, findElement {value=//span[contains(text(),'Two Wheelers')], using=xpath}]
Capabilities {acceptInsecureCerts: false, browserName: chrome, browserVersion: 126.0.6478.56, chrome: {chromedriverVersion: 126.0.6478.61 (8dc092df54ce..., userDataDir: C:\Users\KARTIK~1\AppData\L...}, fedcm:accounts: true, goog:chromeOptions: {debuggerAddress: localhost:53025}, networkConnectionEnabled: false, pageLoadStrategy: normal, platformName: windows, proxy: Proxy(), se:cdp: ws://localhost:53025/devtoo..., se:cdpVersion: 126.0.6478.56, setWindowRect: true, strictFileInteractability: false, timeouts: {implicit: 0, pageLoad: 300000, script: 30000}, unhandledPromptBehavior: dismiss and notify, webauthn:extension:credBlob: true, webauthn:extension:largeBlob: true, webauthn:extension:minPinLength: true, webauthn:extension:prf: true, webauthn:virtualAuthenticators: true}
Session ID: 78637dc161c95eac86cc4c85313e3f17]]>
            </message>
            <full-stacktrace>
              <![CDATA[org.openqa.selenium.NoSuchElementException: no such element: Unable to locate element: {"method":"xpath","selector":"//span[contains(text(),'Two Wheelers')]"}
  (Session info: chrome=126.0.6478.56)
For documentation on this error, please visit: https://www.selenium.dev/documentation/webdriver/troubleshooting/errors#no-such-element-exception
Build info: version: '4.19.1', revision: 'abe0ee07dc'
System info: os.name: 'Windows 10', os.arch: 'amd64', os.version: '10.0', java.version: '11.0.1'
Driver info: org.openqa.selenium.chrome.ChromeDriver
Command: [78637dc161c95eac86cc4c85313e3f17, findElement {value=//span[contains(text(),'Two Wheelers')], using=xpath}]
Capabilities {acceptInsecureCerts: false, browserName: chrome, browserVersion: 126.0.6478.56, chrome: {chromedriverVersion: 126.0.6478.61 (8dc092df54ce..., userDataDir: C:\Users\KARTIK~1\AppData\L...}, fedcm:accounts: true, goog:chromeOptions: {debuggerAddress: localhost:53025}, networkConnectionEnabled: false, pageLoadStrategy: normal, platformName: windows, proxy: Proxy(), se:cdp: ws://localhost:53025/devtoo..., se:cdpVersion: 126.0.6478.56, setWindowRect: true, strictFileInteractability: false, timeouts: {implicit: 0, pageLoad: 300000, script: 30000}, unhandledPromptBehavior: dismiss and notify, webauthn:extension:credBlob: true, webauthn:extension:largeBlob: true, webauthn:extension:minPinLength: true, webauthn:extension:prf: true, webauthn:virtualAuthenticators: true}
Session ID: 78637dc161c95eac86cc4c85313e3f17
at java.base/jdk.internal.reflect.NativeConstructorAccessorImpl.newInstance0(Native Method)
at java.base/jdk.internal.reflect.NativeConstructorAccessorImpl.newInstance(NativeConstructorAccessorImpl.java:62)
at java.base/jdk.internal.reflect.DelegatingConstructorAccessorImpl.newInstance(DelegatingConstructorAccessorImpl.java:45)
at java.base/java.lang.reflect.Constructor.newInstance(Constructor.java:490)
at org.openqa.selenium.remote.ErrorCodec.decode(ErrorCodec.java:167)
at org.openqa.selenium.remote.codec.w3c.W3CHttpResponseCodec.decode(W3CHttpResponseCodec.java:138)
at org.openqa.selenium.remote.codec.w3c.W3CHttpResponseCodec.decode(W3CHttpResponseCodec.java:50)
at org.openqa.selenium.remote.HttpCommandExecutor.execute(HttpCommandExecutor.java:190)
at org.openqa.selenium.remote.service.DriverCommandExecutor.invokeExecute(DriverCommandExecutor.java:216)
at org.openqa.selenium.remote.service.DriverCommandExecutor.execute(DriverCommandExecutor.java:174)
at org.openqa.selenium.remote.RemoteWebDriver.execute(RemoteWebDriver.java:518)
at org.openqa.selenium.remote.ElementLocation$ElementFinder$2.findElement(ElementLocation.java:165)
at org.openqa.selenium.remote.ElementLocation.findElement(ElementLocation.java:59)
at org.openqa.selenium.remote.RemoteWebDriver.findElement(RemoteWebDriver.java:355)
at org.openqa.selenium.remote.RemoteWebDriver.findElement(RemoteWebDriver.java:349)
at pages.FirstOpeartionPage.TwoWheeler(FirstOpeartionPage.java:155)
at testcase.FirstOpeartionTest.twowheeler(FirstOpeartionTest.java:105)
at java.base/jdk.internal.reflect.NativeMethodAccessorImpl.invoke0(Native Method)
at java.base/jdk.internal.reflect.NativeMethodAccessorImpl.invoke(NativeMethodAccessorImpl.java:62)
at java.base/jdk.internal.reflect.DelegatingMethodAccessorImpl.invoke(DelegatingMethodAccessorImpl.java:43)
at java.base/java.lang.reflect.Method.invoke(Method.java:566)
at org.testng.internal.invokers.MethodInvocationHelper.invokeMethod(MethodInvocationHelper.java:141)
at org.testng.internal.invokers.TestInvoker.invokeMethod(TestInvoker.java:686)
at org.testng.internal.invokers.TestInvoker.invokeTestMethod(TestInvoker.java:230)
at org.testng.internal.invokers.MethodRunner.runInSequence(MethodRunner.java:63)
at org.testng.internal.invokers.TestInvoker$MethodInvocationAgent.invoke(TestInvoker.java:992)
at org.testng.internal.invokers.TestInvoker.invokeTestMethods(TestInvoker.java:203)
at org.testng.internal.invokers.TestMethodWorker.invokeTestMethods(TestMethodWorker.java:154)
at org.testng.internal.invokers.TestMethodWorker.run(TestMethodWorker.java:134)
at java.base/java.util.ArrayList.forEach(ArrayList.java:1540)
at org.testng.TestRunner.privateRun(TestRunner.java:739)
at org.testng.TestRunner.run(TestRunner.java:614)
at org.testng.SuiteRunner.runTest(SuiteRunner.java:421)
at org.testng.SuiteRunner.runSequentially(SuiteRunner.java:413)
at org.testng.SuiteRunner.privateRun(SuiteRunner.java:373)
at org.testng.SuiteRunner.run(SuiteRunner.java:312)
at org.testng.SuiteRunnerWorker.runSuite(SuiteRunnerWorker.java:52)
at org.testng.SuiteRunnerWorker.run(SuiteRunnerWorker.java:95)
at org.testng.TestNG.runSuitesSequentially(TestNG.java:1274)
at org.testng.TestNG.runSuitesLocally(TestNG.java:1208)
at org.testng.TestNG.runSuites(TestNG.java:1112)
at org.testng.TestNG.run(TestNG.java:1079)
at org.apache.maven.surefire.testng.TestNGExecutor.run(TestNGExecutor.java:308)
at org.apache.maven.surefire.testng.TestNGXmlTestSuite.execute(TestNGXmlTestSuite.java:71)
at org.apache.maven.surefire.testng.TestNGProvider.invoke(TestNGProvider.java:113)
at org.apache.maven.surefire.booter.ForkedBooter.runSuitesInProcess(ForkedBooter.java:385)
at org.apache.maven.surefire.booter.ForkedBooter.execute(ForkedBooter.java:162)
at org.apache.maven.surefire.booter.ForkedBooter.run(ForkedBooter.java:507)
at org.apache.maven.surefire.booter.ForkedBooter.main(ForkedBooter.java:495)
]]>
            </full-stacktrace>
          </exception> <!-- org.openqa.selenium.NoSuchElementException -->
          <reporter-output>
          </reporter-output>
        </test-method> <!-- twowheeler -->
        <test-method is-config="true" signature="tearDownTest(org.testng.ITestResult,java.lang.reflect.Method)[pri:0, instance:testcase.FirstOpeartionTest@795509d9]" started-at="2024-06-14T11:43:56 IST" name="tearDownTest" finished-at="2024-06-14T11:44:00 IST" duration-ms="3929" status="PASS">
          <params>
            <param index="0">
              <value>
                <![CDATA[[TestResult name=twowheeler status=FAILURE method=FirstOpeartionTest.twowheeler()[pri:7, instance:testcase.FirstOpeartionTest@795509d9] output={null}]]]>
              </value>
            </param>
            <param index="1">
              <value>
                <![CDATA[public void testcase.FirstOpeartionTest.twowheeler()]]>
              </value>
            </param>
          </params>
          <reporter-output>
          </reporter-output>
        </test-method> <!-- tearDownTest -->
        <test-method is-config="true" signature="tearDownExtentReports()[pri:0, instance:testcase.FirstOpeartionTest@795509d9]" started-at="2024-06-14T11:44:00 IST" name="tearDownExtentReports" finished-at="2024-06-14T11:44:00 IST" duration-ms="545" status="PASS">
          <reporter-output>
          </reporter-output>
        </test-method> <!-- tearDownExtentReports -->
      </class> <!-- testcase.FirstOpeartionTest -->
    </test> <!-- Test -->
  </suite> <!-- Suite -->
</testng-results>
