<!DOCTYPE html>

<html>
  <head>
  <meta charset='utf-8'>
  <title>TestNG reports</title>

    <link type="text/css" href="testng-reports1.css" rel="stylesheet" id="ultra" />
    <link type="text/css" href="testng-reports.css" rel="stylesheet" id="retro" disabled="false"/>
    <script type="text/javascript" src="jquery-3.6.0.min.js"></script>
    <script type="text/javascript" src="testng-reports.js"></script>
    <script type="text/javascript" src="https://www.google.com/jsapi"></script>
    <script type='text/javascript'>
      google.load('visualization', '1', {packages:['table']});
      google.setOnLoadCallback(drawTable);
      var suiteTableInitFunctions = new Array();
      var suiteTableData = new Array();
    </script>
    <!--
      <script type="text/javascript" src="jquery-ui/js/jquery-ui-1.8.16.custom.min.js"></script>
     -->
  </head>

  <body>    <div class="top-banner-root">
      <span class="top-banner-title-font">Test results</span>
      <button id="button" class="button">Switch Retro Theme</button> <!-- button -->
      <br/>
      <span class="top-banner-font-1">1 suite, 8 failed tests</span>
    </div> <!-- top-banner-root -->
    <div class="navigator-root">
      <div class="navigator-suite-header">
        <span>All suites</span>
        <a href="#" title="Collapse/expand all the suites" class="collapse-all-link">
          <img src="collapseall.gif" class="collapse-all-icon">
          </img> <!-- collapse-all-icon -->
        </a> <!-- collapse-all-link -->
      </div> <!-- navigator-suite-header -->
      <div class="suite">
        <div class="rounded-window">
          <div class="suite-header light-rounded-window-top">
            <a href="#" panel-name="suite-Suite" class="navigator-link">
              <span class="suite-name border-failed">Suite</span>
            </a> <!-- navigator-link -->
          </div> <!-- suite-header light-rounded-window-top -->
          <div class="navigator-suite-content">
            <div class="suite-section-title">
              <span>Info</span>
            </div> <!-- suite-section-title -->
            <div class="suite-section-content">
              <ul>
                <li>
                  <a href="#" panel-name="test-xml-Suite" class="navigator-link ">
                    <span>C:\Users\kartikeysharma\Automation_QA\ExitTestFinal\testng.xml</span>
                  </a> <!-- navigator-link  -->
                </li>
                <li>
                  <a href="#" panel-name="testlist-Suite" class="navigator-link ">
                    <span class="test-stats">1 test</span>
                  </a> <!-- navigator-link  -->
                </li>
                <li>
                  <a href="#" panel-name="group-Suite" class="navigator-link ">
                    <span>2 groups</span>
                  </a> <!-- navigator-link  -->
                </li>
                <li>
                  <a href="#" panel-name="times-Suite" class="navigator-link ">
                    <span>Times</span>
                  </a> <!-- navigator-link  -->
                </li>
                <li>
                  <a href="#" panel-name="reporter-Suite" class="navigator-link ">
                    <span>Reporter output</span>
                  </a> <!-- navigator-link  -->
                </li>
                <li>
                  <a href="#" panel-name="ignored-methods-Suite" class="navigator-link ">
                    <span>Ignored methods</span>
                  </a> <!-- navigator-link  -->
                </li>
                <li>
                  <a href="#" panel-name="chronological-Suite" class="navigator-link ">
                    <span>Chronological view</span>
                  </a> <!-- navigator-link  -->
                </li>
              </ul>
            </div> <!-- suite-section-content -->
            <div class="result-section">
              <div class="suite-section-title">
                <span>Results</span>
              </div> <!-- suite-section-title -->
              <div class="suite-section-content">
                <ul>
                  <li>
                    <span class="method-stats">20 methods, 8 failed,   12 passed</span>
                  </li>
                  <li>
                    <span class="method-list-title failed">Failed methods</span>
                    <span class="show-or-hide-methods failed">
                      <a href="#" panel-name="suite-Suite" class="hide-methods failed suite-Suite"> (hide)</a> <!-- hide-methods failed suite-Suite -->
                      <a href="#" panel-name="suite-Suite" class="show-methods failed suite-Suite"> (show)</a> <!-- show-methods failed suite-Suite -->
                    </span>
                    <div class="method-list-content failed suite-Suite">
                      <span>
                        <img src="failed.png" width="3%"/>
                        <a href="#" panel-name="suite-Suite" title="testcase.SecondOperationTest" class="method navigator-link" hash-for-method="Careers(hello@gmail.com, Hello@123)">Careers(hello@gmail.com, Hello@123)</a> <!-- method navigator-link -->
                      </span>
                      <br/>
                      <span>
                        <img src="failed.png" width="3%"/>
                        <a href="#" panel-name="suite-Suite" title="testcase.SecondOperationTest" class="method navigator-link" hash-for-method="Electronics">Electronics</a> <!-- method navigator-link -->
                      </span>
                      <br/>
                      <span>
                        <img src="failed.png" width="3%"/>
                        <a href="#" panel-name="suite-Suite" title="testcase.ThirdOperationTest" class="method navigator-link" hash-for-method="Furniture">Furniture</a> <!-- method navigator-link -->
                      </span>
                      <br/>
                      <span>
                        <img src="failed.png" width="3%"/>
                        <a href="#" panel-name="suite-Suite" title="testcase.SecondOperationTest" class="method navigator-link" hash-for-method="Login(9990123515)">Login(9990123515)</a> <!-- method navigator-link -->
                      </span>
                      <br/>
                      <span>
                        <img src="failed.png" width="3%"/>
                        <a href="#" panel-name="suite-Suite" title="testcase.SecondOperationTest" class="method navigator-link" hash-for-method="Signup(9990123515)">Signup(9990123515)</a> <!-- method navigator-link -->
                      </span>
                      <br/>
                      <span>
                        <img src="failed.png" width="3%"/>
                        <a href="#" panel-name="suite-Suite" title="testcase.FirstOpeartionTest" class="method navigator-link" hash-for-method="fashion(Men&#039;s Top Wear, Men Regular Fit Solid Spread Collar Casual Shirt)">fashion(Men's Top Wear, Men Regular Fit Solid Spread Collar Casual Shirt)</a> <!-- method navigator-link -->
                      </span>
                      <br/>
                      <span>
                        <img src="failed.png" width="3%"/>
                        <a href="#" panel-name="suite-Suite" title="testcase.FirstOpeartionTest" class="method navigator-link" hash-for-method="search(phones, samsung)">search(phones, samsung)</a> <!-- method navigator-link -->
                      </span>
                      <br/>
                      <span>
                        <img src="failed.png" width="3%"/>
                        <a href="#" panel-name="suite-Suite" title="testcase.FirstOpeartionTest" class="method navigator-link" hash-for-method="twowheeler">twowheeler</a> <!-- method navigator-link -->
                      </span>
                      <br/>
                    </div> <!-- method-list-content failed suite-Suite -->
                  </li>
                  <li>
                    <span class="method-list-title passed">Passed methods</span>
                    <span class="show-or-hide-methods passed">
                      <a href="#" panel-name="suite-Suite" class="hide-methods passed suite-Suite"> (hide)</a> <!-- hide-methods passed suite-Suite -->
                      <a href="#" panel-name="suite-Suite" class="show-methods passed suite-Suite"> (show)</a> <!-- show-methods passed suite-Suite -->
                    </span>
                    <div class="method-list-content passed suite-Suite">
                      <span>
                        <img src="passed.png" width="3%"/>
                        <a href="#" panel-name="suite-Suite" title="testcase.ThirdOperationTest" class="method navigator-link" hash-for-method="Advertise(kartikey sharma, hello@gmail.com, 9990123515, Hello@123)">Advertise(kartikey sharma, hello@gmail.com, 9990123515, Hello@123)</a> <!-- method navigator-link -->
                      </span>
                      <br/>
                      <span>
                        <img src="passed.png" width="3%"/>
                        <a href="#" panel-name="suite-Suite" title="testcase.ThirdOperationTest" class="method navigator-link" hash-for-method="Cart(9990123515)">Cart(9990123515)</a> <!-- method navigator-link -->
                      </span>
                      <br/>
                      <span>
                        <img src="passed.png" width="3%"/>
                        <a href="#" panel-name="suite-Suite" title="testcase.SecondOperationTest" class="method navigator-link" hash-for-method="CorporateWebsite">CorporateWebsite</a> <!-- method navigator-link -->
                      </span>
                      <br/>
                      <span>
                        <img src="passed.png" width="3%"/>
                        <a href="#" panel-name="suite-Suite" title="testcase.ThirdOperationTest" class="method navigator-link" hash-for-method="GiftCard">GiftCard</a> <!-- method navigator-link -->
                      </span>
                      <br/>
                      <span>
                        <img src="passed.png" width="3%"/>
                        <a href="#" panel-name="suite-Suite" title="testcase.ThirdOperationTest" class="method navigator-link" hash-for-method="GiftCardPersonal(kartikey sharma, hello@gmail.com, 9990123515, Hello@123)">GiftCardPersonal(kartikey sharma, hello@gmail.com, 9990123515, Hello@123)</a> <!-- method navigator-link -->
                      </span>
                      <br/>
                      <span>
                        <img src="passed.png" width="3%"/>
                        <a href="#" panel-name="suite-Suite" title="testcase.SecondOperationTest" class="method navigator-link" hash-for-method="Rewards">Rewards</a> <!-- method navigator-link -->
                      </span>
                      <br/>
                      <span>
                        <img src="passed.png" width="3%"/>
                        <a href="#" panel-name="suite-Suite" title="testcase.SecondOperationTest" class="method navigator-link" hash-for-method="Shopsy">Shopsy</a> <!-- method navigator-link -->
                      </span>
                      <br/>
                      <span>
                        <img src="passed.png" width="3%"/>
                        <a href="#" panel-name="suite-Suite" title="testcase.ThirdOperationTest" class="method navigator-link" hash-for-method="Travel">Travel</a> <!-- method navigator-link -->
                      </span>
                      <br/>
                      <span>
                        <img src="passed.png" width="3%"/>
                        <a href="#" panel-name="suite-Suite" title="testcase.FirstOpeartionTest" class="method navigator-link" hash-for-method="becomeSeller(9919520904, hello@gmail.com)">becomeSeller(9919520904, hello@gmail.com)</a> <!-- method navigator-link -->
                      </span>
                      <br/>
                      <span>
                        <img src="passed.png" width="3%"/>
                        <a href="#" panel-name="suite-Suite" title="testcase.FirstOpeartionTest" class="method navigator-link" hash-for-method="grocery(208001, Lays American Style Cream and Onion Chips)">grocery(208001, Lays American Style Cream and Onion Chips)</a> <!-- method navigator-link -->
                      </span>
                      <br/>
                      <span>
                        <img src="passed.png" width="3%"/>
                        <a href="#" panel-name="suite-Suite" title="testcase.FirstOpeartionTest" class="method navigator-link" hash-for-method="notification">notification</a> <!-- method navigator-link -->
                      </span>
                      <br/>
                      <span>
                        <img src="passed.png" width="3%"/>
                        <a href="#" panel-name="suite-Suite" title="testcase.FirstOpeartionTest" class="method navigator-link" hash-for-method="specficProduct">specficProduct</a> <!-- method navigator-link -->
                      </span>
                      <br/>
                    </div> <!-- method-list-content passed suite-Suite -->
                  </li>
                </ul>
              </div> <!-- suite-section-content -->
            </div> <!-- result-section -->
          </div> <!-- navigator-suite-content -->
        </div> <!-- rounded-window -->
      </div> <!-- suite -->
    </div> <!-- navigator-root -->
    <div class="wrapper">
      <div class="main-panel-root">
        <div panel-name="suite-Suite" class="panel Suite">
          <div class="suite-Suite-class-failed">
            <div class="main-panel-header rounded-window-top">
              <img src="failed.png"/>
              <span class="class-name">testcase.SecondOperationTest</span>
            </div> <!-- main-panel-header rounded-window-top -->
            <div class="main-panel-content rounded-window-bottom">
              <div class="method">
                <div class="method-content">
                  <a name="Careers(hello@gmail.com, Hello@123)">
                  </a> <!-- Careers(hello@gmail.com, Hello@123) -->
                  <span class="method-name">Careers</span>
                  <span class="parameters">(hello@gmail.com,Hello@123)</span>
                  <div class="stack-trace">org.openqa.selenium.StaleElementReferenceException: stale element reference: stale element not found in the current frame
  (Session info: chrome=125.0.6422.142)
For documentation on this error, please visit: https://www.selenium.dev/documentation/webdriver/troubleshooting/errors#stale-element-reference-exception
Build info: version: &apos;4.19.1&apos;, revision: &apos;abe0ee07dc&apos;
System info: os.name: &apos;Windows 11&apos;, os.arch: &apos;amd64&apos;, os.version: &apos;10.0&apos;, java.version: &apos;17.0.10&apos;
Driver info: org.openqa.selenium.chrome.ChromeDriver
Command: [9b3f729120b05db9e4e1daa5bca00195, clickElement {id=f.7AF6CBE6EF9E65D84B85334A09B6EB92.d.4F1D16310786D96290D2D436D20B3DB0.e.37}]
Capabilities {acceptInsecureCerts: false, browserName: chrome, browserVersion: 125.0.6422.142, chrome: {chromedriverVersion: 125.0.6422.141 (4b1e8393712..., userDataDir: C:\Users\KARTIK~1\AppData\L...}, fedcm:accounts: true, goog:chromeOptions: {debuggerAddress: localhost:59958}, networkConnectionEnabled: false, pageLoadStrategy: normal, platformName: windows, proxy: Proxy(), se:cdp: ws://localhost:59958/devtoo..., se:cdpVersion: 125.0.6422.142, setWindowRect: true, strictFileInteractability: false, timeouts: {implicit: 0, pageLoad: 300000, script: 30000}, unhandledPromptBehavior: dismiss and notify, webauthn:extension:credBlob: true, webauthn:extension:largeBlob: true, webauthn:extension:minPinLength: true, webauthn:extension:prf: true, webauthn:virtualAuthenticators: true}
Element: [[ChromeDriver: chrome on windows (9b3f729120b05db9e4e1daa5bca00195)] -&gt; xpath: //a[@id=&apos;candidate-login-before&apos; and contains(text(),&apos;Candidate Login&apos;)]]
Session ID: 9b3f729120b05db9e4e1daa5bca00195
	at org.openqa.selenium.remote.ErrorCodec.decode(ErrorCodec.java:167)
	at org.openqa.selenium.remote.codec.w3c.W3CHttpResponseCodec.decode(W3CHttpResponseCodec.java:138)
	at org.openqa.selenium.remote.codec.w3c.W3CHttpResponseCodec.decode(W3CHttpResponseCodec.java:50)
	at org.openqa.selenium.remote.HttpCommandExecutor.execute(HttpCommandExecutor.java:190)
	at org.openqa.selenium.remote.service.DriverCommandExecutor.invokeExecute(DriverCommandExecutor.java:216)
	at org.openqa.selenium.remote.service.DriverCommandExecutor.execute(DriverCommandExecutor.java:174)
	at org.openqa.selenium.remote.RemoteWebDriver.execute(RemoteWebDriver.java:518)
	at org.openqa.selenium.remote.RemoteWebElement.execute(RemoteWebElement.java:223)
	at org.openqa.selenium.remote.RemoteWebElement.click(RemoteWebElement.java:76)
	at pages.SecondOperationPage.Careers(SecondOperationPage.java:74)
	at testcase.SecondOperationTest.Careers(SecondOperationTest.java:46)
	at java.base/java.util.ArrayList.forEach(ArrayList.java:1511)
... Removed 32 stack frames
</div> <!-- stack-trace -->
                </div> <!-- method-content -->
              </div> <!-- method -->
              <div class="method">
                <div class="method-content">
                  <a name="Electronics">
                  </a> <!-- Electronics -->
                  <span class="method-name">Electronics</span>
                  <div class="stack-trace">org.openqa.selenium.NoSuchElementException: no such element: Unable to locate element: {&quot;method&quot;:&quot;xpath&quot;,&quot;selector&quot;:&quot;//a[contains(text(),&apos;Wired Headphones&apos;)]&quot;}
  (Session info: chrome=125.0.6422.142)
For documentation on this error, please visit: https://www.selenium.dev/documentation/webdriver/troubleshooting/errors#no-such-element-exception
Build info: version: &apos;4.19.1&apos;, revision: &apos;abe0ee07dc&apos;
System info: os.name: &apos;Windows 11&apos;, os.arch: &apos;amd64&apos;, os.version: &apos;10.0&apos;, java.version: &apos;17.0.10&apos;
Driver info: org.openqa.selenium.chrome.ChromeDriver
Command: [211fb71435cecaa09c2f214ce9263d0f, findElement {value=//a[contains(text(),&apos;Wired Headphones&apos;)], using=xpath}]
Capabilities {acceptInsecureCerts: false, browserName: chrome, browserVersion: 125.0.6422.142, chrome: {chromedriverVersion: 125.0.6422.141 (4b1e8393712..., userDataDir: C:\Users\KARTIK~1\AppData\L...}, fedcm:accounts: true, goog:chromeOptions: {debuggerAddress: localhost:59868}, networkConnectionEnabled: false, pageLoadStrategy: normal, platformName: windows, proxy: Proxy(), se:cdp: ws://localhost:59868/devtoo..., se:cdpVersion: 125.0.6422.142, setWindowRect: true, strictFileInteractability: false, timeouts: {implicit: 0, pageLoad: 300000, script: 30000}, unhandledPromptBehavior: dismiss and notify, webauthn:extension:credBlob: true, webauthn:extension:largeBlob: true, webauthn:extension:minPinLength: true, webauthn:extension:prf: true, webauthn:virtualAuthenticators: true}
Session ID: 211fb71435cecaa09c2f214ce9263d0f
	at org.openqa.selenium.remote.ErrorCodec.decode(ErrorCodec.java:167)
	at org.openqa.selenium.remote.codec.w3c.W3CHttpResponseCodec.decode(W3CHttpResponseCodec.java:138)
	at org.openqa.selenium.remote.codec.w3c.W3CHttpResponseCodec.decode(W3CHttpResponseCodec.java:50)
	at org.openqa.selenium.remote.HttpCommandExecutor.execute(HttpCommandExecutor.java:190)
	at org.openqa.selenium.remote.service.DriverCommandExecutor.invokeExecute(DriverCommandExecutor.java:216)
	at org.openqa.selenium.remote.service.DriverCommandExecutor.execute(DriverCommandExecutor.java:174)
	at org.openqa.selenium.remote.RemoteWebDriver.execute(RemoteWebDriver.java:518)
	at org.openqa.selenium.remote.ElementLocation$ElementFinder$2.findElement(ElementLocation.java:165)
	at org.openqa.selenium.remote.ElementLocation.findElement(ElementLocation.java:59)
	at org.openqa.selenium.remote.RemoteWebDriver.findElement(RemoteWebDriver.java:355)
	at org.openqa.selenium.remote.RemoteWebDriver.findElement(RemoteWebDriver.java:349)
	at pages.SecondOperationPage.Electronics(SecondOperationPage.java:32)
	at testcase.SecondOperationTest.Electronics(SecondOperationTest.java:19)
	at java.base/java.util.ArrayList.forEach(ArrayList.java:1511)
... Removed 32 stack frames
</div> <!-- stack-trace -->
                </div> <!-- method-content -->
              </div> <!-- method -->
              <div class="method">
                <div class="method-content">
                  <a name="Login(9990123515)">
                  </a> <!-- Login(9990123515) -->
                  <span class="method-name">Login</span>
                  <span class="parameters">(9990123515)</span>
                  <div class="stack-trace">java.lang.AssertionError: Login/Signup operation failed expected [https://www.flipkart.com/] but found [https://www.flipkart.com/account/login?ret=/]
	at pages.SecondOperationPage.Login(SecondOperationPage.java:95)
	at testcase.SecondOperationTest.Login(SecondOperationTest.java:59)
	at java.base/java.util.ArrayList.forEach(ArrayList.java:1511)
... Removed 32 stack frames
</div> <!-- stack-trace -->
                </div> <!-- method-content -->
              </div> <!-- method -->
              <div class="method">
                <div class="method-content">
                  <a name="Signup(9990123515)">
                  </a> <!-- Signup(9990123515) -->
                  <span class="method-name">Signup</span>
                  <span class="parameters">(9990123515)</span>
                  <div class="stack-trace">java.lang.AssertionError: Login/Signup operation failed expected [https://www.flipkart.com/] but found [https://www.flipkart.com/account/login?signup=true]
	at pages.SecondOperationPage.Signup(SecondOperationPage.java:105)
	at testcase.SecondOperationTest.Signup(SecondOperationTest.java:73)
	at java.base/java.util.ArrayList.forEach(ArrayList.java:1511)
... Removed 32 stack frames
</div> <!-- stack-trace -->
                </div> <!-- method-content -->
              </div> <!-- method -->
            </div> <!-- main-panel-content rounded-window-bottom -->
          </div> <!-- suite-Suite-class-failed -->
          <div class="suite-Suite-class-failed">
            <div class="main-panel-header rounded-window-top">
              <img src="failed.png"/>
              <span class="class-name">testcase.ThirdOperationTest</span>
            </div> <!-- main-panel-header rounded-window-top -->
            <div class="main-panel-content rounded-window-bottom">
              <div class="method">
                <div class="method-content">
                  <a name="Furniture">
                  </a> <!-- Furniture -->
                  <span class="method-name">Furniture</span>
                  <div class="stack-trace">org.openqa.selenium.NoSuchElementException: no such element: Unable to locate element: {&quot;method&quot;:&quot;xpath&quot;,&quot;selector&quot;:&quot;//span[contains(text(),&apos;Home &amp; Furniture&apos;)]&quot;}
  (Session info: chrome=125.0.6422.142)
For documentation on this error, please visit: https://www.selenium.dev/documentation/webdriver/troubleshooting/errors#no-such-element-exception
Build info: version: &apos;4.19.1&apos;, revision: &apos;abe0ee07dc&apos;
System info: os.name: &apos;Windows 11&apos;, os.arch: &apos;amd64&apos;, os.version: &apos;10.0&apos;, java.version: &apos;17.0.10&apos;
Driver info: org.openqa.selenium.chrome.ChromeDriver
Command: [a3194d04bdad7871ea7417f8c4327291, findElement {value=//span[contains(text(),&apos;Home &amp; Furniture&apos;)], using=xpath}]
Capabilities {acceptInsecureCerts: false, browserName: chrome, browserVersion: 125.0.6422.142, chrome: {chromedriverVersion: 125.0.6422.141 (4b1e8393712..., userDataDir: C:\Users\KARTIK~1\AppData\L...}, fedcm:accounts: true, goog:chromeOptions: {debuggerAddress: localhost:60301}, networkConnectionEnabled: false, pageLoadStrategy: normal, platformName: windows, proxy: Proxy(), se:cdp: ws://localhost:60301/devtoo..., se:cdpVersion: 125.0.6422.142, setWindowRect: true, strictFileInteractability: false, timeouts: {implicit: 0, pageLoad: 300000, script: 30000}, unhandledPromptBehavior: dismiss and notify, webauthn:extension:credBlob: true, webauthn:extension:largeBlob: true, webauthn:extension:minPinLength: true, webauthn:extension:prf: true, webauthn:virtualAuthenticators: true}
Session ID: a3194d04bdad7871ea7417f8c4327291
	at org.openqa.selenium.remote.ErrorCodec.decode(ErrorCodec.java:167)
	at org.openqa.selenium.remote.codec.w3c.W3CHttpResponseCodec.decode(W3CHttpResponseCodec.java:138)
	at org.openqa.selenium.remote.codec.w3c.W3CHttpResponseCodec.decode(W3CHttpResponseCodec.java:50)
	at org.openqa.selenium.remote.HttpCommandExecutor.execute(HttpCommandExecutor.java:190)
	at org.openqa.selenium.remote.service.DriverCommandExecutor.invokeExecute(DriverCommandExecutor.java:216)
	at org.openqa.selenium.remote.service.DriverCommandExecutor.execute(DriverCommandExecutor.java:174)
	at org.openqa.selenium.remote.RemoteWebDriver.execute(RemoteWebDriver.java:518)
	at org.openqa.selenium.remote.ElementLocation$ElementFinder$2.findElement(ElementLocation.java:165)
	at org.openqa.selenium.remote.ElementLocation.findElement(ElementLocation.java:59)
	at org.openqa.selenium.remote.RemoteWebDriver.findElement(RemoteWebDriver.java:355)
	at org.openqa.selenium.remote.RemoteWebDriver.findElement(RemoteWebDriver.java:349)
	at pages.ThirdOperationPage.Furniture(ThirdOperationPage.java:44)
	at testcase.ThirdOperationTest.Furniture(ThirdOperationTest.java:31)
	at java.base/java.util.ArrayList.forEach(ArrayList.java:1511)
... Removed 32 stack frames
</div> <!-- stack-trace -->
                </div> <!-- method-content -->
              </div> <!-- method -->
            </div> <!-- main-panel-content rounded-window-bottom -->
          </div> <!-- suite-Suite-class-failed -->
          <div class="suite-Suite-class-failed">
            <div class="main-panel-header rounded-window-top">
              <img src="failed.png"/>
              <span class="class-name">testcase.FirstOpeartionTest</span>
            </div> <!-- main-panel-header rounded-window-top -->
            <div class="main-panel-content rounded-window-bottom">
              <div class="method">
                <div class="method-content">
                  <a name="fashion(Men&#039;s Top Wear, Men Regular Fit Solid Spread Collar Casual Shirt)">
                  </a> <!-- fashion(Men's Top Wear, Men Regular Fit Solid Spread Collar Casual Shirt) -->
                  <span class="method-name">fashion</span>
                  <span class="parameters">(Men's Top Wear,Men Regular Fit Solid Spread Collar Casual Shirt)</span>
                  <div class="stack-trace">org.openqa.selenium.NoSuchElementException: no such element: Unable to locate element: {&quot;method&quot;:&quot;xpath&quot;,&quot;selector&quot;:&quot;//a[contains(text(), &quot;Men&apos;s Top Wear&quot;)]&quot;}
  (Session info: chrome=125.0.6422.142)
For documentation on this error, please visit: https://www.selenium.dev/documentation/webdriver/troubleshooting/errors#no-such-element-exception
Build info: version: &apos;4.19.1&apos;, revision: &apos;abe0ee07dc&apos;
System info: os.name: &apos;Windows 11&apos;, os.arch: &apos;amd64&apos;, os.version: &apos;10.0&apos;, java.version: &apos;17.0.10&apos;
Driver info: org.openqa.selenium.chrome.ChromeDriver
Command: [f4972221ebb0a77217676da081626fce, findElement {value=//a[contains(text(), &quot;Men&apos;s Top Wear&quot;)], using=xpath}]
Capabilities {acceptInsecureCerts: false, browserName: chrome, browserVersion: 125.0.6422.142, chrome: {chromedriverVersion: 125.0.6422.141 (4b1e8393712..., userDataDir: C:\Users\KARTIK~1\AppData\L...}, fedcm:accounts: true, goog:chromeOptions: {debuggerAddress: localhost:59720}, networkConnectionEnabled: false, pageLoadStrategy: normal, platformName: windows, proxy: Proxy(), se:cdp: ws://localhost:59720/devtoo..., se:cdpVersion: 125.0.6422.142, setWindowRect: true, strictFileInteractability: false, timeouts: {implicit: 0, pageLoad: 300000, script: 30000}, unhandledPromptBehavior: dismiss and notify, webauthn:extension:credBlob: true, webauthn:extension:largeBlob: true, webauthn:extension:minPinLength: true, webauthn:extension:prf: true, webauthn:virtualAuthenticators: true}
Session ID: f4972221ebb0a77217676da081626fce
	at org.openqa.selenium.remote.ErrorCodec.decode(ErrorCodec.java:167)
	at org.openqa.selenium.remote.codec.w3c.W3CHttpResponseCodec.decode(W3CHttpResponseCodec.java:138)
	at org.openqa.selenium.remote.codec.w3c.W3CHttpResponseCodec.decode(W3CHttpResponseCodec.java:50)
	at org.openqa.selenium.remote.HttpCommandExecutor.execute(HttpCommandExecutor.java:190)
	at org.openqa.selenium.remote.service.DriverCommandExecutor.invokeExecute(DriverCommandExecutor.java:216)
	at org.openqa.selenium.remote.service.DriverCommandExecutor.execute(DriverCommandExecutor.java:174)
	at org.openqa.selenium.remote.RemoteWebDriver.execute(RemoteWebDriver.java:518)
	at org.openqa.selenium.remote.ElementLocation$ElementFinder$2.findElement(ElementLocation.java:165)
	at org.openqa.selenium.remote.ElementLocation.findElement(ElementLocation.java:59)
	at org.openqa.selenium.remote.RemoteWebDriver.findElement(RemoteWebDriver.java:355)
	at org.openqa.selenium.remote.RemoteWebDriver.findElement(RemoteWebDriver.java:349)
	at pages.FirstOpeartionPage.Fashion(FirstOpeartionPage.java:125)
	at testcase.FirstOpeartionTest.fashion(FirstOpeartionTest.java:77)
	at java.base/java.util.ArrayList.forEach(ArrayList.java:1511)
... Removed 32 stack frames
</div> <!-- stack-trace -->
                </div> <!-- method-content -->
              </div> <!-- method -->
              <div class="method">
                <div class="method-content">
                  <a name="search(phones, samsung)">
                  </a> <!-- search(phones, samsung) -->
                  <span class="method-name">search</span>
                  <span class="parameters">(phones,samsung)</span>
                  <div class="stack-trace">java.lang.AssertionError: Searching is not activated
	at testcase.FirstOpeartionTest.search(FirstOpeartionTest.java:25)
	at java.base/java.util.ArrayList.forEach(ArrayList.java:1511)
... Removed 28 stack frames
</div> <!-- stack-trace -->
                </div> <!-- method-content -->
              </div> <!-- method -->
              <div class="method">
                <div class="method-content">
                  <a name="twowheeler">
                  </a> <!-- twowheeler -->
                  <span class="method-name">twowheeler</span>
                  <div class="stack-trace">org.openqa.selenium.NoSuchElementException: no such element: Unable to locate element: {&quot;method&quot;:&quot;xpath&quot;,&quot;selector&quot;:&quot;//span[contains(text(),&apos;Two Wheelers&apos;)]&quot;}
  (Session info: chrome=125.0.6422.142)
For documentation on this error, please visit: https://www.selenium.dev/documentation/webdriver/troubleshooting/errors#no-such-element-exception
Build info: version: &apos;4.19.1&apos;, revision: &apos;abe0ee07dc&apos;
System info: os.name: &apos;Windows 11&apos;, os.arch: &apos;amd64&apos;, os.version: &apos;10.0&apos;, java.version: &apos;17.0.10&apos;
Driver info: org.openqa.selenium.chrome.ChromeDriver
Command: [2fd84e40ec0290f060ef9a86051e5d9e, findElement {value=//span[contains(text(),&apos;Two Wheelers&apos;)], using=xpath}]
Capabilities {acceptInsecureCerts: false, browserName: chrome, browserVersion: 125.0.6422.142, chrome: {chromedriverVersion: 125.0.6422.141 (4b1e8393712..., userDataDir: C:\Users\KARTIK~1\AppData\L...}, fedcm:accounts: true, goog:chromeOptions: {debuggerAddress: localhost:59819}, networkConnectionEnabled: false, pageLoadStrategy: normal, platformName: windows, proxy: Proxy(), se:cdp: ws://localhost:59819/devtoo..., se:cdpVersion: 125.0.6422.142, setWindowRect: true, strictFileInteractability: false, timeouts: {implicit: 0, pageLoad: 300000, script: 30000}, unhandledPromptBehavior: dismiss and notify, webauthn:extension:credBlob: true, webauthn:extension:largeBlob: true, webauthn:extension:minPinLength: true, webauthn:extension:prf: true, webauthn:virtualAuthenticators: true}
Session ID: 2fd84e40ec0290f060ef9a86051e5d9e
	at org.openqa.selenium.remote.ErrorCodec.decode(ErrorCodec.java:167)
	at org.openqa.selenium.remote.codec.w3c.W3CHttpResponseCodec.decode(W3CHttpResponseCodec.java:138)
	at org.openqa.selenium.remote.codec.w3c.W3CHttpResponseCodec.decode(W3CHttpResponseCodec.java:50)
	at org.openqa.selenium.remote.HttpCommandExecutor.execute(HttpCommandExecutor.java:190)
	at org.openqa.selenium.remote.service.DriverCommandExecutor.invokeExecute(DriverCommandExecutor.java:216)
	at org.openqa.selenium.remote.service.DriverCommandExecutor.execute(DriverCommandExecutor.java:174)
	at org.openqa.selenium.remote.RemoteWebDriver.execute(RemoteWebDriver.java:518)
	at org.openqa.selenium.remote.ElementLocation$ElementFinder$2.findElement(ElementLocation.java:165)
	at org.openqa.selenium.remote.ElementLocation.findElement(ElementLocation.java:59)
	at org.openqa.selenium.remote.RemoteWebDriver.findElement(RemoteWebDriver.java:355)
	at org.openqa.selenium.remote.RemoteWebDriver.findElement(RemoteWebDriver.java:349)
	at pages.FirstOpeartionPage.TwoWheeler(FirstOpeartionPage.java:155)
	at testcase.FirstOpeartionTest.twowheeler(FirstOpeartionTest.java:105)
	at java.base/java.util.ArrayList.forEach(ArrayList.java:1511)
... Removed 32 stack frames
</div> <!-- stack-trace -->
                </div> <!-- method-content -->
              </div> <!-- method -->
            </div> <!-- main-panel-content rounded-window-bottom -->
          </div> <!-- suite-Suite-class-failed -->
          <div class="suite-Suite-class-passed">
            <div class="main-panel-header rounded-window-top">
              <img src="passed.png"/>
              <span class="class-name">testcase.SecondOperationTest</span>
            </div> <!-- main-panel-header rounded-window-top -->
            <div class="main-panel-content rounded-window-bottom">
              <div class="method">
                <div class="method-content">
                  <a name="CorporateWebsite">
                  </a> <!-- CorporateWebsite -->
                  <span class="method-name">CorporateWebsite</span>
                </div> <!-- method-content -->
              </div> <!-- method -->
              <div class="method">
                <div class="method-content">
                  <a name="Rewards">
                  </a> <!-- Rewards -->
                  <span class="method-name">Rewards</span>
                </div> <!-- method-content -->
              </div> <!-- method -->
              <div class="method">
                <div class="method-content">
                  <a name="Shopsy">
                  </a> <!-- Shopsy -->
                  <span class="method-name">Shopsy</span>
                </div> <!-- method-content -->
              </div> <!-- method -->
            </div> <!-- main-panel-content rounded-window-bottom -->
          </div> <!-- suite-Suite-class-passed -->
          <div class="suite-Suite-class-passed">
            <div class="main-panel-header rounded-window-top">
              <img src="passed.png"/>
              <span class="class-name">testcase.ThirdOperationTest</span>
            </div> <!-- main-panel-header rounded-window-top -->
            <div class="main-panel-content rounded-window-bottom">
              <div class="method">
                <div class="method-content">
                  <a name="Advertise(kartikey sharma, hello@gmail.com, 9990123515, Hello@123)">
                  </a> <!-- Advertise(kartikey sharma, hello@gmail.com, 9990123515, Hello@123) -->
                  <span class="method-name">Advertise</span>
                  <span class="parameters">(kartikey sharma,hello@gmail.com,9990123515,Hello@123)</span>
                </div> <!-- method-content -->
              </div> <!-- method -->
              <div class="method">
                <div class="method-content">
                  <a name="Cart(9990123515)">
                  </a> <!-- Cart(9990123515) -->
                  <span class="method-name">Cart</span>
                  <span class="parameters">(9990123515)</span>
                </div> <!-- method-content -->
              </div> <!-- method -->
              <div class="method">
                <div class="method-content">
                  <a name="GiftCard">
                  </a> <!-- GiftCard -->
                  <span class="method-name">GiftCard</span>
                </div> <!-- method-content -->
              </div> <!-- method -->
              <div class="method">
                <div class="method-content">
                  <a name="GiftCardPersonal(kartikey sharma, hello@gmail.com, 9990123515, Hello@123)">
                  </a> <!-- GiftCardPersonal(kartikey sharma, hello@gmail.com, 9990123515, Hello@123) -->
                  <span class="method-name">GiftCardPersonal</span>
                  <span class="parameters">(kartikey sharma,hello@gmail.com,9990123515,Hello@123)</span>
                </div> <!-- method-content -->
              </div> <!-- method -->
              <div class="method">
                <div class="method-content">
                  <a name="Travel">
                  </a> <!-- Travel -->
                  <span class="method-name">Travel</span>
                </div> <!-- method-content -->
              </div> <!-- method -->
            </div> <!-- main-panel-content rounded-window-bottom -->
          </div> <!-- suite-Suite-class-passed -->
          <div class="suite-Suite-class-passed">
            <div class="main-panel-header rounded-window-top">
              <img src="passed.png"/>
              <span class="class-name">testcase.FirstOpeartionTest</span>
            </div> <!-- main-panel-header rounded-window-top -->
            <div class="main-panel-content rounded-window-bottom">
              <div class="method">
                <div class="method-content">
                  <a name="becomeSeller(9919520904, hello@gmail.com)">
                  </a> <!-- becomeSeller(9919520904, hello@gmail.com) -->
                  <span class="method-name">becomeSeller</span>
                  <span class="parameters">(9919520904,hello@gmail.com)</span>
                </div> <!-- method-content -->
              </div> <!-- method -->
              <div class="method">
                <div class="method-content">
                  <a name="grocery(208001, Lays American Style Cream and Onion Chips)">
                  </a> <!-- grocery(208001, Lays American Style Cream and Onion Chips) -->
                  <span class="method-name">grocery</span>
                  <span class="parameters">(208001,Lays American Style Cream and Onion Chips)</span>
                </div> <!-- method-content -->
              </div> <!-- method -->
              <div class="method">
                <div class="method-content">
                  <a name="notification">
                  </a> <!-- notification -->
                  <span class="method-name">notification</span>
                </div> <!-- method-content -->
              </div> <!-- method -->
              <div class="method">
                <div class="method-content">
                  <a name="specficProduct">
                  </a> <!-- specficProduct -->
                  <span class="method-name">specficProduct</span>
                </div> <!-- method-content -->
              </div> <!-- method -->
            </div> <!-- main-panel-content rounded-window-bottom -->
          </div> <!-- suite-Suite-class-passed -->
        </div> <!-- panel Suite -->
        <div panel-name="test-xml-Suite" class="panel">
          <div class="main-panel-header rounded-window-top">
            <span class="header-content">C:\Users\kartikeysharma\Automation_QA\ExitTestFinal\testng.xml</span>
          </div> <!-- main-panel-header rounded-window-top -->
          <div class="main-panel-content rounded-window-bottom">
            <pre>
&lt;?xml version=&quot;1.0&quot; encoding=&quot;UTF-8&quot;?&gt;
&lt;!DOCTYPE suite SYSTEM &quot;https://testng.org/testng-1.0.dtd&quot;&gt;
&lt;suite name=&quot;Suite&quot; guice-stage=&quot;DEVELOPMENT&quot;&gt;
  &lt;test thread-count=&quot;5&quot; name=&quot;Test&quot;&gt;
    &lt;classes&gt;
      &lt;class name=&quot;testcase.FirstOpeartionTest&quot;/&gt;
      &lt;class name=&quot;testcase.SecondOperationTest&quot;/&gt;
      &lt;class name=&quot;testcase.ThirdOperationTest&quot;/&gt;
    &lt;/classes&gt;
  &lt;/test&gt; &lt;!-- Test --&gt;
&lt;/suite&gt; &lt;!-- Suite --&gt;
            </pre>
          </div> <!-- main-panel-content rounded-window-bottom -->
        </div> <!-- panel -->
        <div panel-name="testlist-Suite" class="panel">
          <div class="main-panel-header rounded-window-top">
            <span class="header-content">Tests for Suite</span>
          </div> <!-- main-panel-header rounded-window-top -->
          <div class="main-panel-content rounded-window-bottom">
            <ul>
              <li>
                <span class="test-name">Test (3 classes)</span>
              </li>
            </ul>
          </div> <!-- main-panel-content rounded-window-bottom -->
        </div> <!-- panel -->
        <div panel-name="group-Suite" class="panel">
          <div class="main-panel-header rounded-window-top">
            <span class="header-content">Groups for Suite</span>
          </div> <!-- main-panel-header rounded-window-top -->
          <div class="main-panel-content rounded-window-bottom">
            <div class="test-group">
              <span class="test-group-name">regression</span>
              <br/>
              <div class="method-in-group">
                <span class="method-in-group-name">Advertise</span>
                <br/>
              </div> <!-- method-in-group -->
              <div class="method-in-group">
                <span class="method-in-group-name">Careers</span>
                <br/>
              </div> <!-- method-in-group -->
              <div class="method-in-group">
                <span class="method-in-group-name">Cart</span>
                <br/>
              </div> <!-- method-in-group -->
              <div class="method-in-group">
                <span class="method-in-group-name">Furniture</span>
                <br/>
              </div> <!-- method-in-group -->
              <div class="method-in-group">
                <span class="method-in-group-name">GiftCard</span>
                <br/>
              </div> <!-- method-in-group -->
              <div class="method-in-group">
                <span class="method-in-group-name">GiftCardPersonal</span>
                <br/>
              </div> <!-- method-in-group -->
              <div class="method-in-group">
                <span class="method-in-group-name">Login</span>
                <br/>
              </div> <!-- method-in-group -->
              <div class="method-in-group">
                <span class="method-in-group-name">Travel</span>
                <br/>
              </div> <!-- method-in-group -->
              <div class="method-in-group">
                <span class="method-in-group-name">becomeSeller</span>
                <br/>
              </div> <!-- method-in-group -->
              <div class="method-in-group">
                <span class="method-in-group-name">fashion</span>
                <br/>
              </div> <!-- method-in-group -->
              <div class="method-in-group">
                <span class="method-in-group-name">grocery</span>
                <br/>
              </div> <!-- method-in-group -->
              <div class="method-in-group">
                <span class="method-in-group-name">notification</span>
                <br/>
              </div> <!-- method-in-group -->
              <div class="method-in-group">
                <span class="method-in-group-name">search</span>
                <br/>
              </div> <!-- method-in-group -->
              <div class="method-in-group">
                <span class="method-in-group-name">specficProduct</span>
                <br/>
              </div> <!-- method-in-group -->
              <div class="method-in-group">
                <span class="method-in-group-name">twowheeler</span>
                <br/>
              </div> <!-- method-in-group -->
            </div> <!-- test-group -->
            <div class="test-group">
              <span class="test-group-name">smoke</span>
              <br/>
              <div class="method-in-group">
                <span class="method-in-group-name">CorporateWebsite</span>
                <br/>
              </div> <!-- method-in-group -->
              <div class="method-in-group">
                <span class="method-in-group-name">Electronics</span>
                <br/>
              </div> <!-- method-in-group -->
              <div class="method-in-group">
                <span class="method-in-group-name">Rewards</span>
                <br/>
              </div> <!-- method-in-group -->
              <div class="method-in-group">
                <span class="method-in-group-name">Shopsy</span>
                <br/>
              </div> <!-- method-in-group -->
              <div class="method-in-group">
                <span class="method-in-group-name">Signup</span>
                <br/>
              </div> <!-- method-in-group -->
              <div class="method-in-group">
                <span class="method-in-group-name">becomeSeller</span>
                <br/>
              </div> <!-- method-in-group -->
              <div class="method-in-group">
                <span class="method-in-group-name">fashion</span>
                <br/>
              </div> <!-- method-in-group -->
              <div class="method-in-group">
                <span class="method-in-group-name">grocery</span>
                <br/>
              </div> <!-- method-in-group -->
              <div class="method-in-group">
                <span class="method-in-group-name">notification</span>
                <br/>
              </div> <!-- method-in-group -->
              <div class="method-in-group">
                <span class="method-in-group-name">search</span>
                <br/>
              </div> <!-- method-in-group -->
              <div class="method-in-group">
                <span class="method-in-group-name">specficProduct</span>
                <br/>
              </div> <!-- method-in-group -->
              <div class="method-in-group">
                <span class="method-in-group-name">twowheeler</span>
                <br/>
              </div> <!-- method-in-group -->
            </div> <!-- test-group -->
          </div> <!-- main-panel-content rounded-window-bottom -->
        </div> <!-- panel -->
        <div panel-name="times-Suite" class="panel">
          <div class="main-panel-header rounded-window-top">
            <span class="header-content">Times for Suite</span>
          </div> <!-- main-panel-header rounded-window-top -->
          <div class="main-panel-content rounded-window-bottom">
            <div class="times-div">
              <script type="text/javascript">
suiteTableInitFunctions.push('tableData_Suite');
function tableData_Suite() {
var data = new google.visualization.DataTable();
data.addColumn('number', 'Number');
data.addColumn('string', 'Method');
data.addColumn('string', 'Class');
data.addColumn('number', 'Time (ms)');
data.addRows(20);
data.setCell(0, 0, 0)
data.setCell(0, 1, 'fashion')
data.setCell(0, 2, 'testcase.FirstOpeartionTest')
data.setCell(0, 3, 11647);
data.setCell(1, 0, 1)
data.setCell(1, 1, 'Electronics')
data.setCell(1, 2, 'testcase.SecondOperationTest')
data.setCell(1, 3, 11454);
data.setCell(2, 0, 2)
data.setCell(2, 1, 'Furniture')
data.setCell(2, 2, 'testcase.ThirdOperationTest')
data.setCell(2, 3, 10054);
data.setCell(3, 0, 3)
data.setCell(3, 1, 'twowheeler')
data.setCell(3, 2, 'testcase.FirstOpeartionTest')
data.setCell(3, 3, 10030);
data.setCell(4, 0, 4)
data.setCell(4, 1, 'specficProduct')
data.setCell(4, 2, 'testcase.FirstOpeartionTest')
data.setCell(4, 3, 8488);
data.setCell(5, 0, 5)
data.setCell(5, 1, 'becomeSeller')
data.setCell(5, 2, 'testcase.FirstOpeartionTest')
data.setCell(5, 3, 7246);
data.setCell(6, 0, 6)
data.setCell(6, 1, 'GiftCardPersonal')
data.setCell(6, 2, 'testcase.ThirdOperationTest')
data.setCell(6, 3, 6677);
data.setCell(7, 0, 7)
data.setCell(7, 1, 'grocery')
data.setCell(7, 2, 'testcase.FirstOpeartionTest')
data.setCell(7, 3, 4404);
data.setCell(8, 0, 8)
data.setCell(8, 1, 'Careers')
data.setCell(8, 2, 'testcase.SecondOperationTest')
data.setCell(8, 3, 2757);
data.setCell(9, 0, 9)
data.setCell(9, 1, 'Shopsy')
data.setCell(9, 2, 'testcase.SecondOperationTest')
data.setCell(9, 3, 2710);
data.setCell(10, 0, 10)
data.setCell(10, 1, 'Rewards')
data.setCell(10, 2, 'testcase.SecondOperationTest')
data.setCell(10, 3, 2679);
data.setCell(11, 0, 11)
data.setCell(11, 1, 'Advertise')
data.setCell(11, 2, 'testcase.ThirdOperationTest')
data.setCell(11, 3, 2651);
data.setCell(12, 0, 12)
data.setCell(12, 1, 'Login')
data.setCell(12, 2, 'testcase.SecondOperationTest')
data.setCell(12, 3, 2632);
data.setCell(13, 0, 13)
data.setCell(13, 1, 'Signup')
data.setCell(13, 2, 'testcase.SecondOperationTest')
data.setCell(13, 3, 2544);
data.setCell(14, 0, 14)
data.setCell(14, 1, 'GiftCard')
data.setCell(14, 2, 'testcase.ThirdOperationTest')
data.setCell(14, 3, 2494);
data.setCell(15, 0, 15)
data.setCell(15, 1, 'CorporateWebsite')
data.setCell(15, 2, 'testcase.SecondOperationTest')
data.setCell(15, 3, 1910);
data.setCell(16, 0, 16)
data.setCell(16, 1, 'notification')
data.setCell(16, 2, 'testcase.FirstOpeartionTest')
data.setCell(16, 3, 1742);
data.setCell(17, 0, 17)
data.setCell(17, 1, 'Travel')
data.setCell(17, 2, 'testcase.ThirdOperationTest')
data.setCell(17, 3, 1565);
data.setCell(18, 0, 18)
data.setCell(18, 1, 'Cart')
data.setCell(18, 2, 'testcase.ThirdOperationTest')
data.setCell(18, 3, 1539);
data.setCell(19, 0, 19)
data.setCell(19, 1, 'search')
data.setCell(19, 2, 'testcase.FirstOpeartionTest')
data.setCell(19, 3, 12);
window.suiteTableData['Suite']= { tableData: data, tableDiv: 'times-div-Suite'}
return data;
}
              </script>
              <span class="suite-total-time">Total running time: 1 minutes</span>
              <div id="times-div-Suite">
              </div> <!-- times-div-Suite -->
            </div> <!-- times-div -->
          </div> <!-- main-panel-content rounded-window-bottom -->
        </div> <!-- panel -->
        <div panel-name="reporter-Suite" class="panel">
          <div class="main-panel-header rounded-window-top">
            <span class="header-content">Reporter output for Suite</span>
          </div> <!-- main-panel-header rounded-window-top -->
          <div class="main-panel-content rounded-window-bottom">
          </div> <!-- main-panel-content rounded-window-bottom -->
        </div> <!-- panel -->
        <div panel-name="ignored-methods-Suite" class="panel">
          <div class="main-panel-header rounded-window-top">
            <span class="header-content">0 ignored methods</span>
          </div> <!-- main-panel-header rounded-window-top -->
          <div class="main-panel-content rounded-window-bottom">
          </div> <!-- main-panel-content rounded-window-bottom -->
        </div> <!-- panel -->
        <div panel-name="chronological-Suite" class="panel">
          <div class="main-panel-header rounded-window-top">
            <span class="header-content">Methods in chronological order</span>
          </div> <!-- main-panel-header rounded-window-top -->
          <div class="main-panel-content rounded-window-bottom">
            <div class="chronological-class">
              <div class="chronological-class-name">testcase.FirstOpeartionTest</div> <!-- chronological-class-name -->
              <div class="configuration-class before">
                <span class="method-name">setUp_Configurations</span>
                <span class="method-start">0 ms</span>
              </div> <!-- configuration-class before -->
              <div class="configuration-method before">
                <span class="method-name">setup(public void testcase.FirstOpeartionTest.search(java.lang.String,java.lang.String))</span>
                <span class="method-start">1690 ms</span>
              </div> <!-- configuration-method before -->
              <div class="test-method">
                <img src="failed.png">
                </img>
                <span class="method-name">search(phones, samsung)</span>
                <span class="method-start">1761 ms</span>
              </div> <!-- test-method -->
              <div class="configuration-method after">
                <span class="method-name">tearDownTest([TestResult name=search status=FAILURE method=FirstOpeartionTest.search(java.lang.String,java.lang.S...)</span>
                <span class="method-start">1778 ms</span>
              </div> <!-- configuration-method after -->
              <div class="configuration-method before">
                <span class="method-name">setup(public void testcase.FirstOpeartionTest.grocery(java.lang.String,java.lang.String))</span>
                <span class="method-start">1861 ms</span>
              </div> <!-- configuration-method before -->
              <div class="test-method">
                <span class="method-name">grocery(208001, Lays American Style Cream and Onion Chips)</span>
                <span class="method-start">6886 ms</span>
              </div> <!-- test-method -->
              <div class="configuration-method after">
                <span class="method-name">tearDownTest([TestResult name=grocery status=SUCCESS method=FirstOpeartionTest.grocery(java.lang.String,java.lang...)</span>
                <span class="method-start">11295 ms</span>
              </div> <!-- configuration-method after -->
              <div class="configuration-method before">
                <span class="method-name">setup(public void testcase.FirstOpeartionTest.specficProduct())</span>
                <span class="method-start">12055 ms</span>
              </div> <!-- configuration-method before -->
              <div class="test-method">
                <span class="method-name">specficProduct</span>
                <span class="method-start">16623 ms</span>
              </div> <!-- test-method -->
              <div class="configuration-method after">
                <span class="method-name">tearDownTest([TestResult name=specficProduct status=SUCCESS method=FirstOpeartionTest.specficProduct()[pri:3, ins...)</span>
                <span class="method-start">25114 ms</span>
              </div> <!-- configuration-method after -->
              <div class="configuration-method before">
                <span class="method-name">setup(public void testcase.FirstOpeartionTest.becomeSeller(java.lang.String,java.lang.String))</span>
                <span class="method-start">25793 ms</span>
              </div> <!-- configuration-method before -->
              <div class="test-method">
                <span class="method-name">becomeSeller(9919520904, hello@gmail.com)</span>
                <span class="method-start">29953 ms</span>
              </div> <!-- test-method -->
              <div class="configuration-method after">
                <span class="method-name">tearDownTest([TestResult name=becomeSeller status=SUCCESS method=FirstOpeartionTest.becomeSeller(java.lang.String...)</span>
                <span class="method-start">37202 ms</span>
              </div> <!-- configuration-method after -->
              <div class="configuration-method before">
                <span class="method-name">setup(public void testcase.FirstOpeartionTest.fashion(java.lang.String,java.lang.String))</span>
                <span class="method-start">38095 ms</span>
              </div> <!-- configuration-method before -->
              <div class="test-method">
                <img src="failed.png">
                </img>
                <span class="method-name">fashion(Men's Top Wear, Men Regular Fit Solid Spread Collar Casual Shirt)</span>
                <span class="method-start">42161 ms</span>
              </div> <!-- test-method -->
              <div class="configuration-method after">
                <span class="method-name">tearDownTest([TestResult name=fashion status=FAILURE method=FirstOpeartionTest.fashion(java.lang.String,java.lang...)</span>
                <span class="method-start">53810 ms</span>
              </div> <!-- configuration-method after -->
              <div class="configuration-method before">
                <span class="method-name">setup(public void testcase.FirstOpeartionTest.notification())</span>
                <span class="method-start">54827 ms</span>
              </div> <!-- configuration-method before -->
              <div class="test-method">
                <span class="method-name">notification</span>
                <span class="method-start">59079 ms</span>
              </div> <!-- test-method -->
              <div class="configuration-method after">
                <span class="method-name">tearDownTest([TestResult name=notification status=SUCCESS method=FirstOpeartionTest.notification()[pri:6, instanc...)</span>
                <span class="method-start">60824 ms</span>
              </div> <!-- configuration-method after -->
              <div class="configuration-method before">
                <span class="method-name">setup(public void testcase.FirstOpeartionTest.twowheeler())</span>
                <span class="method-start">61585 ms</span>
              </div> <!-- configuration-method before -->
              <div class="test-method">
                <img src="failed.png">
                </img>
                <span class="method-name">twowheeler</span>
                <span class="method-start">65484 ms</span>
              </div> <!-- test-method -->
              <div class="configuration-method after">
                <span class="method-name">tearDownTest([TestResult name=twowheeler status=FAILURE method=FirstOpeartionTest.twowheeler()[pri:7, instance:te...)</span>
                <span class="method-start">75514 ms</span>
              </div> <!-- configuration-method after -->
              <div class="configuration-class after">
                <span class="method-name">tearDownExtentReports</span>
                <span class="method-start">76624 ms</span>
              </div> <!-- configuration-class after -->
            </div> <!-- chronological-class -->
            <div class="chronological-class">
              <div class="chronological-class-name">testcase.SecondOperationTest</div> <!-- chronological-class-name -->
              <div class="configuration-class before">
                <span class="method-name">setUp_Configurations</span>
                <span class="method-start">77112 ms</span>
              </div> <!-- configuration-class before -->
              <div class="configuration-method before">
                <span class="method-name">setup(public void testcase.SecondOperationTest.Electronics())</span>
                <span class="method-start">77112 ms</span>
              </div> <!-- configuration-method before -->
              <div class="test-method">
                <img src="failed.png">
                </img>
                <span class="method-name">Electronics</span>
                <span class="method-start">81254 ms</span>
              </div> <!-- test-method -->
              <div class="configuration-method after">
                <span class="method-name">tearDownTest([TestResult name=Electronics status=FAILURE method=SecondOperationTest.Electronics()[pri:1, instance...)</span>
                <span class="method-start">92708 ms</span>
              </div> <!-- configuration-method after -->
              <div class="configuration-method before">
                <span class="method-name">setup(public void testcase.SecondOperationTest.Rewards())</span>
                <span class="method-start">93646 ms</span>
              </div> <!-- configuration-method before -->
              <div class="test-method">
                <span class="method-name">Rewards</span>
                <span class="method-start">98044 ms</span>
              </div> <!-- test-method -->
              <div class="configuration-method after">
                <span class="method-name">tearDownTest([TestResult name=Rewards status=SUCCESS method=SecondOperationTest.Rewards()[pri:2, instance:testcas...)</span>
                <span class="method-start">100726 ms</span>
              </div> <!-- configuration-method after -->
              <div class="configuration-method before">
                <span class="method-name">setup(public void testcase.SecondOperationTest.Careers(java.lang.String,java.lang.String))</span>
                <span class="method-start">101592 ms</span>
              </div> <!-- configuration-method before -->
              <div class="test-method">
                <img src="failed.png">
                </img>
                <span class="method-name">Careers(hello@gmail.com, Hello@123)</span>
                <span class="method-start">105562 ms</span>
              </div> <!-- test-method -->
              <div class="configuration-method after">
                <span class="method-name">tearDownTest([TestResult name=Careers status=FAILURE method=SecondOperationTest.Careers(java.lang.String,java.lan...)</span>
                <span class="method-start">108321 ms</span>
              </div> <!-- configuration-method after -->
              <div class="configuration-method before">
                <span class="method-name">setup(public void testcase.SecondOperationTest.Login(java.lang.String))</span>
                <span class="method-start">109765 ms</span>
              </div> <!-- configuration-method before -->
              <div class="test-method">
                <img src="failed.png">
                </img>
                <span class="method-name">Login(9990123515)</span>
                <span class="method-start">113985 ms</span>
              </div> <!-- test-method -->
              <div class="configuration-method after">
                <span class="method-name">tearDownTest([TestResult name=Login status=FAILURE method=SecondOperationTest.Login(java.lang.String)[pri:4, inst...)</span>
                <span class="method-start">116619 ms</span>
              </div> <!-- configuration-method after -->
              <div class="configuration-method before">
                <span class="method-name">setup(public void testcase.SecondOperationTest.Signup(java.lang.String))</span>
                <span class="method-start">117483 ms</span>
              </div> <!-- configuration-method before -->
              <div class="test-method">
                <img src="failed.png">
                </img>
                <span class="method-name">Signup(9990123515)</span>
                <span class="method-start">121477 ms</span>
              </div> <!-- test-method -->
              <div class="configuration-method after">
                <span class="method-name">tearDownTest([TestResult name=Signup status=FAILURE method=SecondOperationTest.Signup(java.lang.String)[pri:5, in...)</span>
                <span class="method-start">124022 ms</span>
              </div> <!-- configuration-method after -->
              <div class="configuration-method before">
                <span class="method-name">setup(public void testcase.SecondOperationTest.Shopsy())</span>
                <span class="method-start">124980 ms</span>
              </div> <!-- configuration-method before -->
              <div class="test-method">
                <span class="method-name">Shopsy</span>
                <span class="method-start">129092 ms</span>
              </div> <!-- test-method -->
              <div class="configuration-method after">
                <span class="method-name">tearDownTest([TestResult name=Shopsy status=SUCCESS method=SecondOperationTest.Shopsy()[pri:6, instance:testcase....)</span>
                <span class="method-start">131804 ms</span>
              </div> <!-- configuration-method after -->
              <div class="configuration-method before">
                <span class="method-name">setup(public void testcase.SecondOperationTest.CorporateWebsite())</span>
                <span class="method-start">132586 ms</span>
              </div> <!-- configuration-method before -->
              <div class="test-method">
                <span class="method-name">CorporateWebsite</span>
                <span class="method-start">136737 ms</span>
              </div> <!-- test-method -->
              <div class="configuration-method after">
                <span class="method-name">tearDownTest([TestResult name=CorporateWebsite status=SUCCESS method=SecondOperationTest.CorporateWebsite()[pri:7...)</span>
                <span class="method-start">138649 ms</span>
              </div> <!-- configuration-method after -->
              <div class="configuration-class after">
                <span class="method-name">tearDownExtentReports</span>
                <span class="method-start">139319 ms</span>
              </div> <!-- configuration-class after -->
            </div> <!-- chronological-class -->
            <div class="chronological-class">
              <div class="chronological-class-name">testcase.ThirdOperationTest</div> <!-- chronological-class-name -->
              <div class="configuration-class before">
                <span class="method-name">setUp_Configurations</span>
                <span class="method-start">139395 ms</span>
              </div> <!-- configuration-class before -->
              <div class="configuration-method before">
                <span class="method-name">setup(public void testcase.ThirdOperationTest.Advertise(java.lang.String,java.lang.String,java.lang.String...)</span>
                <span class="method-start">139428 ms</span>
              </div> <!-- configuration-method before -->
              <div class="test-method">
                <span class="method-name">Advertise(kartikey sharma, hello@gmail.com, 9990123515, Hello@123)</span>
                <span class="method-start">143390 ms</span>
              </div> <!-- test-method -->
              <div class="configuration-method after">
                <span class="method-name">tearDownTest([TestResult name=Advertise status=SUCCESS method=ThirdOperationTest.Advertise(java.lang.String,java....)</span>
                <span class="method-start">146042 ms</span>
              </div> <!-- configuration-method after -->
              <div class="configuration-method before">
                <span class="method-name">setup(public void testcase.ThirdOperationTest.Furniture())</span>
                <span class="method-start">146836 ms</span>
              </div> <!-- configuration-method before -->
              <div class="test-method">
                <img src="failed.png">
                </img>
                <span class="method-name">Furniture</span>
                <span class="method-start">150828 ms</span>
              </div> <!-- test-method -->
              <div class="configuration-method after">
                <span class="method-name">tearDownTest([TestResult name=Furniture status=FAILURE method=ThirdOperationTest.Furniture()[pri:2, instance:test...)</span>
                <span class="method-start">160884 ms</span>
              </div> <!-- configuration-method after -->
              <div class="configuration-method before">
                <span class="method-name">setup(public void testcase.ThirdOperationTest.GiftCard())</span>
                <span class="method-start">163379 ms</span>
              </div> <!-- configuration-method before -->
              <div class="test-method">
                <span class="method-name">GiftCard</span>
                <span class="method-start">167673 ms</span>
              </div> <!-- test-method -->
              <div class="configuration-method after">
                <span class="method-name">tearDownTest([TestResult name=GiftCard status=SUCCESS method=ThirdOperationTest.GiftCard()[pri:3, instance:testca...)</span>
                <span class="method-start">170168 ms</span>
              </div> <!-- configuration-method after -->
              <div class="configuration-method before">
                <span class="method-name">setup(public void testcase.ThirdOperationTest.GiftCardPersonal(java.lang.String,java.lang.String,java.lang...)</span>
                <span class="method-start">170891 ms</span>
              </div> <!-- configuration-method before -->
              <div class="test-method">
                <span class="method-name">GiftCardPersonal(kartikey sharma, hello@gmail.com, 9990123515, Hello@123)</span>
                <span class="method-start">174879 ms</span>
              </div> <!-- test-method -->
              <div class="configuration-method after">
                <span class="method-name">tearDownTest([TestResult name=GiftCardPersonal status=SUCCESS method=ThirdOperationTest.GiftCardPersonal(java.lan...)</span>
                <span class="method-start">181557 ms</span>
              </div> <!-- configuration-method after -->
              <div class="configuration-method before">
                <span class="method-name">setup(public void testcase.ThirdOperationTest.Cart(java.lang.String))</span>
                <span class="method-start">182083 ms</span>
              </div> <!-- configuration-method before -->
              <div class="test-method">
                <span class="method-name">Cart(9990123515)</span>
                <span class="method-start">186339 ms</span>
              </div> <!-- test-method -->
              <div class="configuration-method after">
                <span class="method-name">tearDownTest([TestResult name=Cart status=SUCCESS method=ThirdOperationTest.Cart(java.lang.String)[pri:5, instanc...)</span>
                <span class="method-start">187879 ms</span>
              </div> <!-- configuration-method after -->
              <div class="configuration-method before">
                <span class="method-name">setup(public void testcase.ThirdOperationTest.Travel())</span>
                <span class="method-start">188609 ms</span>
              </div> <!-- configuration-method before -->
              <div class="test-method">
                <span class="method-name">Travel</span>
                <span class="method-start">192643 ms</span>
              </div> <!-- test-method -->
              <div class="configuration-method after">
                <span class="method-name">tearDownTest([TestResult name=Travel status=SUCCESS method=ThirdOperationTest.Travel()[pri:6, instance:testcase.T...)</span>
                <span class="method-start">194209 ms</span>
              </div> <!-- configuration-method after -->
              <div class="configuration-class after">
                <span class="method-name">tearDownExtentReports</span>
                <span class="method-start">194723 ms</span>
              </div> <!-- configuration-class after -->
          </div> <!-- main-panel-content rounded-window-bottom -->
        </div> <!-- panel -->
      </div> <!-- main-panel-root -->
    </div> <!-- wrapper -->
  </body>
<script type="text/javascript" src="testng-reports2.js"></script>
</html>
