<?xml version="1.0" encoding="UTF-8"?>
<testng-results ignored="0" total="20" passed="12" failed="8" skipped="0">
  <reporter-output>
  </reporter-output>
  <suite started-at="2024-06-14T13:08:24 IST" name="Suite" finished-at="2024-06-14T13:12:05 IST" duration-ms="221573">
    <groups>
      <group name="regression">
        <method signature="FirstOpeartionTest.search(java.lang.String,java.lang.String)[pri:1, instance:testcase.FirstOpeartionTest@4a83a74a]" name="search" class="testcase.FirstOpeartionTest"/>
        <method signature="ThirdOperationTest.Advertise(java.lang.String,java.lang.String,java.lang.String,java.lang.String)[pri:1, instance:testcase.ThirdOperationTest@35dab4eb]" name="Advertise" class="testcase.ThirdOperationTest"/>
        <method signature="FirstOpeartionTest.grocery(java.lang.String,java.lang.String)[pri:2, instance:testcase.FirstOpeartionTest@4a83a74a]" name="grocery" class="testcase.FirstOpeartionTest"/>
        <method signature="ThirdOperationTest.Furniture()[pri:2, instance:testcase.ThirdOperationTest@35dab4eb]" name="Furniture" class="testcase.ThirdOperationTest"/>
        <method signature="FirstOpeartionTest.specficProduct()[pri:3, instance:testcase.FirstOpeartionTest@4a83a74a]" name="specficProduct" class="testcase.FirstOpeartionTest"/>
        <method signature="SecondOperationTest.Careers(java.lang.String,java.lang.String)[pri:3, instance:testcase.SecondOperationTest@8519cb4]" name="Careers" class="testcase.SecondOperationTest"/>
        <method signature="ThirdOperationTest.GiftCard()[pri:3, instance:testcase.ThirdOperationTest@35dab4eb]" name="GiftCard" class="testcase.ThirdOperationTest"/>
        <method signature="FirstOpeartionTest.becomeSeller(java.lang.String,java.lang.String)[pri:4, instance:testcase.FirstOpeartionTest@4a83a74a]" name="becomeSeller" class="testcase.FirstOpeartionTest"/>
        <method signature="SecondOperationTest.Login(java.lang.String)[pri:4, instance:testcase.SecondOperationTest@8519cb4]" name="Login" class="testcase.SecondOperationTest"/>
        <method signature="ThirdOperationTest.GiftCardPersonal(java.lang.String,java.lang.String,java.lang.String,java.lang.String)[pri:4, instance:testcase.ThirdOperationTest@35dab4eb]" name="GiftCardPersonal" class="testcase.ThirdOperationTest"/>
        <method signature="FirstOpeartionTest.fashion(java.lang.String,java.lang.String)[pri:5, instance:testcase.FirstOpeartionTest@4a83a74a]" name="fashion" class="testcase.FirstOpeartionTest"/>
        <method signature="ThirdOperationTest.Cart(java.lang.String)[pri:5, instance:testcase.ThirdOperationTest@35dab4eb]" name="Cart" class="testcase.ThirdOperationTest"/>
        <method signature="FirstOpeartionTest.notification()[pri:6, instance:testcase.FirstOpeartionTest@4a83a74a]" name="notification" class="testcase.FirstOpeartionTest"/>
        <method signature="ThirdOperationTest.Travel()[pri:6, instance:testcase.ThirdOperationTest@35dab4eb]" name="Travel" class="testcase.ThirdOperationTest"/>
        <method signature="FirstOpeartionTest.twowheeler()[pri:7, instance:testcase.FirstOpeartionTest@4a83a74a]" name="twowheeler" class="testcase.FirstOpeartionTest"/>
      </group> <!-- regression -->
      <group name="smoke">
        <method signature="FirstOpeartionTest.search(java.lang.String,java.lang.String)[pri:1, instance:testcase.FirstOpeartionTest@4a83a74a]" name="search" class="testcase.FirstOpeartionTest"/>
        <method signature="SecondOperationTest.Electronics()[pri:1, instance:testcase.SecondOperationTest@8519cb4]" name="Electronics" class="testcase.SecondOperationTest"/>
        <method signature="FirstOpeartionTest.grocery(java.lang.String,java.lang.String)[pri:2, instance:testcase.FirstOpeartionTest@4a83a74a]" name="grocery" class="testcase.FirstOpeartionTest"/>
        <method signature="SecondOperationTest.Rewards()[pri:2, instance:testcase.SecondOperationTest@8519cb4]" name="Rewards" class="testcase.SecondOperationTest"/>
        <method signature="FirstOpeartionTest.specficProduct()[pri:3, instance:testcase.FirstOpeartionTest@4a83a74a]" name="specficProduct" class="testcase.FirstOpeartionTest"/>
        <method signature="FirstOpeartionTest.becomeSeller(java.lang.String,java.lang.String)[pri:4, instance:testcase.FirstOpeartionTest@4a83a74a]" name="becomeSeller" class="testcase.FirstOpeartionTest"/>
        <method signature="FirstOpeartionTest.fashion(java.lang.String,java.lang.String)[pri:5, instance:testcase.FirstOpeartionTest@4a83a74a]" name="fashion" class="testcase.FirstOpeartionTest"/>
        <method signature="SecondOperationTest.Signup(java.lang.String)[pri:5, instance:testcase.SecondOperationTest@8519cb4]" name="Signup" class="testcase.SecondOperationTest"/>
        <method signature="FirstOpeartionTest.notification()[pri:6, instance:testcase.FirstOpeartionTest@4a83a74a]" name="notification" class="testcase.FirstOpeartionTest"/>
        <method signature="SecondOperationTest.Shopsy()[pri:6, instance:testcase.SecondOperationTest@8519cb4]" name="Shopsy" class="testcase.SecondOperationTest"/>
        <method signature="FirstOpeartionTest.twowheeler()[pri:7, instance:testcase.FirstOpeartionTest@4a83a74a]" name="twowheeler" class="testcase.FirstOpeartionTest"/>
        <method signature="SecondOperationTest.CorporateWebsite()[pri:7, instance:testcase.SecondOperationTest@8519cb4]" name="CorporateWebsite" class="testcase.SecondOperationTest"/>
      </group> <!-- smoke -->
    </groups>
    <test started-at="2024-06-14T13:08:24 IST" name="Test" finished-at="2024-06-14T13:12:05 IST" duration-ms="221573">
      <class name="testcase.ThirdOperationTest">
        <test-method is-config="true" signature="setUp_Configurations()[pri:0, instance:testcase.ThirdOperationTest@35dab4eb]" started-at="2024-06-14T13:11:05 IST" name="setUp_Configurations" finished-at="2024-06-14T13:11:05 IST" duration-ms="33" status="PASS">
          <reporter-output>
          </reporter-output>
        </test-method> <!-- setUp_Configurations -->
        <test-method is-config="true" signature="setup(java.lang.reflect.Method)[pri:0, instance:testcase.ThirdOperationTest@35dab4eb]" started-at="2024-06-14T13:11:06 IST" name="setup" finished-at="2024-06-14T13:11:11 IST" duration-ms="5008" status="PASS">
          <params>
            <param index="0">
              <value>
                <![CDATA[public void testcase.ThirdOperationTest.Advertise(java.lang.String,java.lang.String,java.lang.String,java.lang.String)]]>
              </value>
            </param>
          </params>
          <reporter-output>
          </reporter-output>
        </test-method> <!-- setup -->
        <test-method signature="Advertise(java.lang.String,java.lang.String,java.lang.String,java.lang.String)[pri:1, instance:testcase.ThirdOperationTest@35dab4eb]" started-at="2024-06-14T13:11:11 IST" name="Advertise" data-provider="detail" finished-at="2024-06-14T13:11:13 IST" duration-ms="2650" status="PASS">
          <params>
            <param index="0">
              <value>
                <![CDATA[kartikey sharma]]>
              </value>
            </param>
            <param index="1">
              <value>
                <![CDATA[hello@gmail.com]]>
              </value>
            </param>
            <param index="2">
              <value>
                <![CDATA[9990123515]]>
              </value>
            </param>
            <param index="3">
              <value>
                <![CDATA[Hello@123]]>
              </value>
            </param>
          </params>
          <reporter-output>
          </reporter-output>
        </test-method> <!-- Advertise -->
        <test-method is-config="true" signature="tearDownTest(org.testng.ITestResult,java.lang.reflect.Method)[pri:0, instance:testcase.ThirdOperationTest@35dab4eb]" started-at="2024-06-14T13:11:13 IST" name="tearDownTest" finished-at="2024-06-14T13:11:14 IST" duration-ms="798" status="PASS">
          <params>
            <param index="0">
              <value>
                <![CDATA[[TestResult name=Advertise status=SUCCESS method=ThirdOperationTest.Advertise(java.lang.String,java.lang.String,java.lang.String,java.lang.String)[pri:1, instance:testcase.ThirdOperationTest@35dab4eb] output={null}]]]>
              </value>
            </param>
            <param index="1">
              <value>
                <![CDATA[public void testcase.ThirdOperationTest.Advertise(java.lang.String,java.lang.String,java.lang.String,java.lang.String)]]>
              </value>
            </param>
          </params>
          <reporter-output>
          </reporter-output>
        </test-method> <!-- tearDownTest -->
        <test-method is-config="true" signature="setup(java.lang.reflect.Method)[pri:0, instance:testcase.ThirdOperationTest@35dab4eb]" started-at="2024-06-14T13:11:14 IST" name="setup" finished-at="2024-06-14T13:11:18 IST" duration-ms="4044" status="PASS">
          <params>
            <param index="0">
              <value>
                <![CDATA[public void testcase.ThirdOperationTest.Furniture()]]>
              </value>
            </param>
          </params>
          <reporter-output>
          </reporter-output>
        </test-method> <!-- setup -->
        <test-method signature="Furniture()[pri:2, instance:testcase.ThirdOperationTest@35dab4eb]" started-at="2024-06-14T13:11:18 IST" name="Furniture" finished-at="2024-06-14T13:11:28 IST" duration-ms="10042" status="FAIL">
          <exception class="org.openqa.selenium.NoSuchElementException">
            <message>
              <![CDATA[no such element: Unable to locate element: {"method":"xpath","selector":"//span[contains(text(),'Home & Furniture')]"}
  (Session info: chrome=126.0.6478.56)
For documentation on this error, please visit: https://www.selenium.dev/documentation/webdriver/troubleshooting/errors#no-such-element-exception
Build info: version: '4.19.1', revision: 'abe0ee07dc'
System info: os.name: 'Windows 11', os.arch: 'amd64', os.version: '10.0', java.version: '17.0.10'
Driver info: org.openqa.selenium.chrome.ChromeDriver
Command: [c90dcc9a84067a561ce85033bf4ca3d6, findElement {value=//span[contains(text(),'Home & Furniture')], using=xpath}]
Capabilities {acceptInsecureCerts: false, browserName: chrome, browserVersion: 126.0.6478.56, chrome: {chromedriverVersion: 126.0.6478.61 (8dc092df54ce..., userDataDir: C:\Users\KARTIK~1\AppData\L...}, fedcm:accounts: true, goog:chromeOptions: {debuggerAddress: localhost:58459}, networkConnectionEnabled: false, pageLoadStrategy: normal, platformName: windows, proxy: Proxy(), se:cdp: ws://localhost:58459/devtoo..., se:cdpVersion: 126.0.6478.56, setWindowRect: true, strictFileInteractability: false, timeouts: {implicit: 0, pageLoad: 300000, script: 30000}, unhandledPromptBehavior: dismiss and notify, webauthn:extension:credBlob: true, webauthn:extension:largeBlob: true, webauthn:extension:minPinLength: true, webauthn:extension:prf: true, webauthn:virtualAuthenticators: true}
Session ID: c90dcc9a84067a561ce85033bf4ca3d6]]>
            </message>
            <full-stacktrace>
              <![CDATA[org.openqa.selenium.NoSuchElementException: no such element: Unable to locate element: {"method":"xpath","selector":"//span[contains(text(),'Home & Furniture')]"}
  (Session info: chrome=126.0.6478.56)
For documentation on this error, please visit: https://www.selenium.dev/documentation/webdriver/troubleshooting/errors#no-such-element-exception
Build info: version: '4.19.1', revision: 'abe0ee07dc'
System info: os.name: 'Windows 11', os.arch: 'amd64', os.version: '10.0', java.version: '17.0.10'
Driver info: org.openqa.selenium.chrome.ChromeDriver
Command: [c90dcc9a84067a561ce85033bf4ca3d6, findElement {value=//span[contains(text(),'Home & Furniture')], using=xpath}]
Capabilities {acceptInsecureCerts: false, browserName: chrome, browserVersion: 126.0.6478.56, chrome: {chromedriverVersion: 126.0.6478.61 (8dc092df54ce..., userDataDir: C:\Users\KARTIK~1\AppData\L...}, fedcm:accounts: true, goog:chromeOptions: {debuggerAddress: localhost:58459}, networkConnectionEnabled: false, pageLoadStrategy: normal, platformName: windows, proxy: Proxy(), se:cdp: ws://localhost:58459/devtoo..., se:cdpVersion: 126.0.6478.56, setWindowRect: true, strictFileInteractability: false, timeouts: {implicit: 0, pageLoad: 300000, script: 30000}, unhandledPromptBehavior: dismiss and notify, webauthn:extension:credBlob: true, webauthn:extension:largeBlob: true, webauthn:extension:minPinLength: true, webauthn:extension:prf: true, webauthn:virtualAuthenticators: true}
Session ID: c90dcc9a84067a561ce85033bf4ca3d6
at java.base/jdk.internal.reflect.NativeConstructorAccessorImpl.newInstance0(Native Method)
at java.base/jdk.internal.reflect.NativeConstructorAccessorImpl.newInstance(NativeConstructorAccessorImpl.java:77)
at java.base/jdk.internal.reflect.DelegatingConstructorAccessorImpl.newInstance(DelegatingConstructorAccessorImpl.java:45)
at java.base/java.lang.reflect.Constructor.newInstanceWithCaller(Constructor.java:499)
at java.base/java.lang.reflect.Constructor.newInstance(Constructor.java:480)
at org.openqa.selenium.remote.ErrorCodec.decode(ErrorCodec.java:167)
at org.openqa.selenium.remote.codec.w3c.W3CHttpResponseCodec.decode(W3CHttpResponseCodec.java:138)
at org.openqa.selenium.remote.codec.w3c.W3CHttpResponseCodec.decode(W3CHttpResponseCodec.java:50)
at org.openqa.selenium.remote.HttpCommandExecutor.execute(HttpCommandExecutor.java:190)
at org.openqa.selenium.remote.service.DriverCommandExecutor.invokeExecute(DriverCommandExecutor.java:216)
at org.openqa.selenium.remote.service.DriverCommandExecutor.execute(DriverCommandExecutor.java:174)
at org.openqa.selenium.remote.RemoteWebDriver.execute(RemoteWebDriver.java:518)
at org.openqa.selenium.remote.ElementLocation$ElementFinder$2.findElement(ElementLocation.java:165)
at org.openqa.selenium.remote.ElementLocation.findElement(ElementLocation.java:59)
at org.openqa.selenium.remote.RemoteWebDriver.findElement(RemoteWebDriver.java:355)
at org.openqa.selenium.remote.RemoteWebDriver.findElement(RemoteWebDriver.java:349)
at pages.ThirdOperationPage.Furniture(ThirdOperationPage.java:44)
at testcase.ThirdOperationTest.Furniture(ThirdOperationTest.java:31)
at java.base/jdk.internal.reflect.NativeMethodAccessorImpl.invoke0(Native Method)
at java.base/jdk.internal.reflect.NativeMethodAccessorImpl.invoke(NativeMethodAccessorImpl.java:77)
at java.base/jdk.internal.reflect.DelegatingMethodAccessorImpl.invoke(DelegatingMethodAccessorImpl.java:43)
at java.base/java.lang.reflect.Method.invoke(Method.java:568)
at org.testng.internal.invokers.MethodInvocationHelper.invokeMethod(MethodInvocationHelper.java:141)
at org.testng.internal.invokers.TestInvoker.invokeMethod(TestInvoker.java:686)
at org.testng.internal.invokers.TestInvoker.invokeTestMethod(TestInvoker.java:230)
at org.testng.internal.invokers.MethodRunner.runInSequence(MethodRunner.java:63)
at org.testng.internal.invokers.TestInvoker$MethodInvocationAgent.invoke(TestInvoker.java:992)
at org.testng.internal.invokers.TestInvoker.invokeTestMethods(TestInvoker.java:203)
at org.testng.internal.invokers.TestMethodWorker.invokeTestMethods(TestMethodWorker.java:154)
at org.testng.internal.invokers.TestMethodWorker.run(TestMethodWorker.java:134)
at java.base/java.util.ArrayList.forEach(ArrayList.java:1511)
at org.testng.TestRunner.privateRun(TestRunner.java:739)
at org.testng.TestRunner.run(TestRunner.java:614)
at org.testng.SuiteRunner.runTest(SuiteRunner.java:421)
at org.testng.SuiteRunner.runSequentially(SuiteRunner.java:413)
at org.testng.SuiteRunner.privateRun(SuiteRunner.java:373)
at org.testng.SuiteRunner.run(SuiteRunner.java:312)
at org.testng.SuiteRunnerWorker.runSuite(SuiteRunnerWorker.java:52)
at org.testng.SuiteRunnerWorker.run(SuiteRunnerWorker.java:95)
at org.testng.TestNG.runSuitesSequentially(TestNG.java:1274)
at org.testng.TestNG.runSuitesLocally(TestNG.java:1208)
at org.testng.TestNG.runSuites(TestNG.java:1112)
at org.testng.TestNG.run(TestNG.java:1079)
at org.testng.remote.AbstractRemoteTestNG.run(AbstractRemoteTestNG.java:115)
at org.testng.remote.RemoteTestNG.initAndRun(RemoteTestNG.java:293)
at org.testng.remote.RemoteTestNG.main(RemoteTestNG.java:91)
]]>
            </full-stacktrace>
          </exception> <!-- org.openqa.selenium.NoSuchElementException -->
          <reporter-output>
          </reporter-output>
        </test-method> <!-- Furniture -->
        <test-method is-config="true" signature="tearDownTest(org.testng.ITestResult,java.lang.reflect.Method)[pri:0, instance:testcase.ThirdOperationTest@35dab4eb]" started-at="2024-06-14T13:11:28 IST" name="tearDownTest" finished-at="2024-06-14T13:11:31 IST" duration-ms="3256" status="PASS">
          <params>
            <param index="0">
              <value>
                <![CDATA[[TestResult name=Furniture status=FAILURE method=ThirdOperationTest.Furniture()[pri:2, instance:testcase.ThirdOperationTest@35dab4eb] output={null}]]]>
              </value>
            </param>
            <param index="1">
              <value>
                <![CDATA[public void testcase.ThirdOperationTest.Furniture()]]>
              </value>
            </param>
          </params>
          <reporter-output>
          </reporter-output>
        </test-method> <!-- tearDownTest -->
        <test-method is-config="true" signature="setup(java.lang.reflect.Method)[pri:0, instance:testcase.ThirdOperationTest@35dab4eb]" started-at="2024-06-14T13:11:31 IST" name="setup" finished-at="2024-06-14T13:11:35 IST" duration-ms="4150" status="PASS">
          <params>
            <param index="0">
              <value>
                <![CDATA[public void testcase.ThirdOperationTest.GiftCard()]]>
              </value>
            </param>
          </params>
          <reporter-output>
          </reporter-output>
        </test-method> <!-- setup -->
        <test-method signature="GiftCard()[pri:3, instance:testcase.ThirdOperationTest@35dab4eb]" started-at="2024-06-14T13:11:35 IST" name="GiftCard" finished-at="2024-06-14T13:11:38 IST" duration-ms="2687" status="PASS">
          <reporter-output>
          </reporter-output>
        </test-method> <!-- GiftCard -->
        <test-method is-config="true" signature="tearDownTest(org.testng.ITestResult,java.lang.reflect.Method)[pri:0, instance:testcase.ThirdOperationTest@35dab4eb]" started-at="2024-06-14T13:11:38 IST" name="tearDownTest" finished-at="2024-06-14T13:11:39 IST" duration-ms="992" status="PASS">
          <params>
            <param index="0">
              <value>
                <![CDATA[[TestResult name=GiftCard status=SUCCESS method=ThirdOperationTest.GiftCard()[pri:3, instance:testcase.ThirdOperationTest@35dab4eb] output={null}]]]>
              </value>
            </param>
            <param index="1">
              <value>
                <![CDATA[public void testcase.ThirdOperationTest.GiftCard()]]>
              </value>
            </param>
          </params>
          <reporter-output>
          </reporter-output>
        </test-method> <!-- tearDownTest -->
        <test-method is-config="true" signature="setup(java.lang.reflect.Method)[pri:0, instance:testcase.ThirdOperationTest@35dab4eb]" started-at="2024-06-14T13:11:39 IST" name="setup" finished-at="2024-06-14T13:11:44 IST" duration-ms="4746" status="PASS">
          <params>
            <param index="0">
              <value>
                <![CDATA[public void testcase.ThirdOperationTest.GiftCardPersonal(java.lang.String,java.lang.String,java.lang.String,java.lang.String)]]>
              </value>
            </param>
          </params>
          <reporter-output>
          </reporter-output>
        </test-method> <!-- setup -->
        <test-method signature="GiftCardPersonal(java.lang.String,java.lang.String,java.lang.String,java.lang.String)[pri:4, instance:testcase.ThirdOperationTest@35dab4eb]" started-at="2024-06-14T13:11:44 IST" name="GiftCardPersonal" data-provider="detail" finished-at="2024-06-14T13:11:50 IST" duration-ms="6258" status="PASS">
          <params>
            <param index="0">
              <value>
                <![CDATA[kartikey sharma]]>
              </value>
            </param>
            <param index="1">
              <value>
                <![CDATA[hello@gmail.com]]>
              </value>
            </param>
            <param index="2">
              <value>
                <![CDATA[9990123515]]>
              </value>
            </param>
            <param index="3">
              <value>
                <![CDATA[Hello@123]]>
              </value>
            </param>
          </params>
          <reporter-output>
          </reporter-output>
        </test-method> <!-- GiftCardPersonal -->
        <test-method is-config="true" signature="tearDownTest(org.testng.ITestResult,java.lang.reflect.Method)[pri:0, instance:testcase.ThirdOperationTest@35dab4eb]" started-at="2024-06-14T13:11:50 IST" name="tearDownTest" finished-at="2024-06-14T13:11:51 IST" duration-ms="964" status="PASS">
          <params>
            <param index="0">
              <value>
                <![CDATA[[TestResult name=GiftCardPersonal status=SUCCESS method=ThirdOperationTest.GiftCardPersonal(java.lang.String,java.lang.String,java.lang.String,java.lang.String)[pri:4, instance:testcase.ThirdOperationTest@35dab4eb] output={null}]]]>
              </value>
            </param>
            <param index="1">
              <value>
                <![CDATA[public void testcase.ThirdOperationTest.GiftCardPersonal(java.lang.String,java.lang.String,java.lang.String,java.lang.String)]]>
              </value>
            </param>
          </params>
          <reporter-output>
          </reporter-output>
        </test-method> <!-- tearDownTest -->
        <test-method is-config="true" signature="setup(java.lang.reflect.Method)[pri:0, instance:testcase.ThirdOperationTest@35dab4eb]" started-at="2024-06-14T13:11:51 IST" name="setup" finished-at="2024-06-14T13:11:56 IST" duration-ms="4580" status="PASS">
          <params>
            <param index="0">
              <value>
                <![CDATA[public void testcase.ThirdOperationTest.Cart(java.lang.String)]]>
              </value>
            </param>
          </params>
          <reporter-output>
          </reporter-output>
        </test-method> <!-- setup -->
        <test-method signature="Cart(java.lang.String)[pri:5, instance:testcase.ThirdOperationTest@35dab4eb]" started-at="2024-06-14T13:11:56 IST" name="Cart" data-provider="mobiledata" finished-at="2024-06-14T13:11:58 IST" duration-ms="1760" status="PASS">
          <params>
            <param index="0">
              <value>
                <![CDATA[9990123515]]>
              </value>
            </param>
          </params>
          <reporter-output>
          </reporter-output>
        </test-method> <!-- Cart -->
        <test-method is-config="true" signature="tearDownTest(org.testng.ITestResult,java.lang.reflect.Method)[pri:0, instance:testcase.ThirdOperationTest@35dab4eb]" started-at="2024-06-14T13:11:58 IST" name="tearDownTest" finished-at="2024-06-14T13:11:58 IST" duration-ms="858" status="PASS">
          <params>
            <param index="0">
              <value>
                <![CDATA[[TestResult name=Cart status=SUCCESS method=ThirdOperationTest.Cart(java.lang.String)[pri:5, instance:testcase.ThirdOperationTest@35dab4eb] output={null}]]]>
              </value>
            </param>
            <param index="1">
              <value>
                <![CDATA[public void testcase.ThirdOperationTest.Cart(java.lang.String)]]>
              </value>
            </param>
          </params>
          <reporter-output>
          </reporter-output>
        </test-method> <!-- tearDownTest -->
        <test-method is-config="true" signature="setup(java.lang.reflect.Method)[pri:0, instance:testcase.ThirdOperationTest@35dab4eb]" started-at="2024-06-14T13:11:58 IST" name="setup" finished-at="2024-06-14T13:12:03 IST" duration-ms="4380" status="PASS">
          <params>
            <param index="0">
              <value>
                <![CDATA[public void testcase.ThirdOperationTest.Travel()]]>
              </value>
            </param>
          </params>
          <reporter-output>
          </reporter-output>
        </test-method> <!-- setup -->
        <test-method signature="Travel()[pri:6, instance:testcase.ThirdOperationTest@35dab4eb]" started-at="2024-06-14T13:12:03 IST" name="Travel" finished-at="2024-06-14T13:12:04 IST" duration-ms="1665" status="PASS">
          <reporter-output>
          </reporter-output>
        </test-method> <!-- Travel -->
        <test-method is-config="true" signature="tearDownTest(org.testng.ITestResult,java.lang.reflect.Method)[pri:0, instance:testcase.ThirdOperationTest@35dab4eb]" started-at="2024-06-14T13:12:04 IST" name="tearDownTest" finished-at="2024-06-14T13:12:05 IST" duration-ms="931" status="PASS">
          <params>
            <param index="0">
              <value>
                <![CDATA[[TestResult name=Travel status=SUCCESS method=ThirdOperationTest.Travel()[pri:6, instance:testcase.ThirdOperationTest@35dab4eb] output={null}]]]>
              </value>
            </param>
            <param index="1">
              <value>
                <![CDATA[public void testcase.ThirdOperationTest.Travel()]]>
              </value>
            </param>
          </params>
          <reporter-output>
          </reporter-output>
        </test-method> <!-- tearDownTest -->
        <test-method is-config="true" signature="tearDownExtentReports()[pri:0, instance:testcase.ThirdOperationTest@35dab4eb]" started-at="2024-06-14T13:12:05 IST" name="tearDownExtentReports" finished-at="2024-06-14T13:12:05 IST" duration-ms="62" status="PASS">
          <reporter-output>
          </reporter-output>
        </test-method> <!-- tearDownExtentReports -->
      </class> <!-- testcase.ThirdOperationTest -->
      <class name="testcase.SecondOperationTest">
        <test-method is-config="true" signature="setUp_Configurations()[pri:0, instance:testcase.SecondOperationTest@8519cb4]" started-at="2024-06-14T13:09:49 IST" name="setUp_Configurations" finished-at="2024-06-14T13:09:49 IST" duration-ms="38" status="PASS">
          <reporter-output>
          </reporter-output>
        </test-method> <!-- setUp_Configurations -->
        <test-method is-config="true" signature="setup(java.lang.reflect.Method)[pri:0, instance:testcase.SecondOperationTest@8519cb4]" started-at="2024-06-14T13:09:49 IST" name="setup" finished-at="2024-06-14T13:09:53 IST" duration-ms="4266" status="PASS">
          <params>
            <param index="0">
              <value>
                <![CDATA[public void testcase.SecondOperationTest.Electronics()]]>
              </value>
            </param>
          </params>
          <reporter-output>
          </reporter-output>
        </test-method> <!-- setup -->
        <test-method signature="Electronics()[pri:1, instance:testcase.SecondOperationTest@8519cb4]" started-at="2024-06-14T13:09:53 IST" name="Electronics" finished-at="2024-06-14T13:10:05 IST" duration-ms="11412" status="FAIL">
          <exception class="org.openqa.selenium.NoSuchElementException">
            <message>
              <![CDATA[no such element: Unable to locate element: {"method":"xpath","selector":"//a[contains(text(),'Wired Headphones')]"}
  (Session info: chrome=126.0.6478.56)
For documentation on this error, please visit: https://www.selenium.dev/documentation/webdriver/troubleshooting/errors#no-such-element-exception
Build info: version: '4.19.1', revision: 'abe0ee07dc'
System info: os.name: 'Windows 11', os.arch: 'amd64', os.version: '10.0', java.version: '17.0.10'
Driver info: org.openqa.selenium.chrome.ChromeDriver
Command: [8b4acd2cce86c5eeafd20d6c00cbdde9, findElement {value=//a[contains(text(),'Wired Headphones')], using=xpath}]
Capabilities {acceptInsecureCerts: false, browserName: chrome, browserVersion: 126.0.6478.56, chrome: {chromedriverVersion: 126.0.6478.61 (8dc092df54ce..., userDataDir: C:\Users\KARTIK~1\AppData\L...}, fedcm:accounts: true, goog:chromeOptions: {debuggerAddress: localhost:58066}, networkConnectionEnabled: false, pageLoadStrategy: normal, platformName: windows, proxy: Proxy(), se:cdp: ws://localhost:58066/devtoo..., se:cdpVersion: 126.0.6478.56, setWindowRect: true, strictFileInteractability: false, timeouts: {implicit: 0, pageLoad: 300000, script: 30000}, unhandledPromptBehavior: dismiss and notify, webauthn:extension:credBlob: true, webauthn:extension:largeBlob: true, webauthn:extension:minPinLength: true, webauthn:extension:prf: true, webauthn:virtualAuthenticators: true}
Session ID: 8b4acd2cce86c5eeafd20d6c00cbdde9]]>
            </message>
            <full-stacktrace>
              <![CDATA[org.openqa.selenium.NoSuchElementException: no such element: Unable to locate element: {"method":"xpath","selector":"//a[contains(text(),'Wired Headphones')]"}
  (Session info: chrome=126.0.6478.56)
For documentation on this error, please visit: https://www.selenium.dev/documentation/webdriver/troubleshooting/errors#no-such-element-exception
Build info: version: '4.19.1', revision: 'abe0ee07dc'
System info: os.name: 'Windows 11', os.arch: 'amd64', os.version: '10.0', java.version: '17.0.10'
Driver info: org.openqa.selenium.chrome.ChromeDriver
Command: [8b4acd2cce86c5eeafd20d6c00cbdde9, findElement {value=//a[contains(text(),'Wired Headphones')], using=xpath}]
Capabilities {acceptInsecureCerts: false, browserName: chrome, browserVersion: 126.0.6478.56, chrome: {chromedriverVersion: 126.0.6478.61 (8dc092df54ce..., userDataDir: C:\Users\KARTIK~1\AppData\L...}, fedcm:accounts: true, goog:chromeOptions: {debuggerAddress: localhost:58066}, networkConnectionEnabled: false, pageLoadStrategy: normal, platformName: windows, proxy: Proxy(), se:cdp: ws://localhost:58066/devtoo..., se:cdpVersion: 126.0.6478.56, setWindowRect: true, strictFileInteractability: false, timeouts: {implicit: 0, pageLoad: 300000, script: 30000}, unhandledPromptBehavior: dismiss and notify, webauthn:extension:credBlob: true, webauthn:extension:largeBlob: true, webauthn:extension:minPinLength: true, webauthn:extension:prf: true, webauthn:virtualAuthenticators: true}
Session ID: 8b4acd2cce86c5eeafd20d6c00cbdde9
at java.base/jdk.internal.reflect.NativeConstructorAccessorImpl.newInstance0(Native Method)
at java.base/jdk.internal.reflect.NativeConstructorAccessorImpl.newInstance(NativeConstructorAccessorImpl.java:77)
at java.base/jdk.internal.reflect.DelegatingConstructorAccessorImpl.newInstance(DelegatingConstructorAccessorImpl.java:45)
at java.base/java.lang.reflect.Constructor.newInstanceWithCaller(Constructor.java:499)
at java.base/java.lang.reflect.Constructor.newInstance(Constructor.java:480)
at org.openqa.selenium.remote.ErrorCodec.decode(ErrorCodec.java:167)
at org.openqa.selenium.remote.codec.w3c.W3CHttpResponseCodec.decode(W3CHttpResponseCodec.java:138)
at org.openqa.selenium.remote.codec.w3c.W3CHttpResponseCodec.decode(W3CHttpResponseCodec.java:50)
at org.openqa.selenium.remote.HttpCommandExecutor.execute(HttpCommandExecutor.java:190)
at org.openqa.selenium.remote.service.DriverCommandExecutor.invokeExecute(DriverCommandExecutor.java:216)
at org.openqa.selenium.remote.service.DriverCommandExecutor.execute(DriverCommandExecutor.java:174)
at org.openqa.selenium.remote.RemoteWebDriver.execute(RemoteWebDriver.java:518)
at org.openqa.selenium.remote.ElementLocation$ElementFinder$2.findElement(ElementLocation.java:165)
at org.openqa.selenium.remote.ElementLocation.findElement(ElementLocation.java:59)
at org.openqa.selenium.remote.RemoteWebDriver.findElement(RemoteWebDriver.java:355)
at org.openqa.selenium.remote.RemoteWebDriver.findElement(RemoteWebDriver.java:349)
at pages.SecondOperationPage.Electronics(SecondOperationPage.java:32)
at testcase.SecondOperationTest.Electronics(SecondOperationTest.java:19)
at java.base/jdk.internal.reflect.NativeMethodAccessorImpl.invoke0(Native Method)
at java.base/jdk.internal.reflect.NativeMethodAccessorImpl.invoke(NativeMethodAccessorImpl.java:77)
at java.base/jdk.internal.reflect.DelegatingMethodAccessorImpl.invoke(DelegatingMethodAccessorImpl.java:43)
at java.base/java.lang.reflect.Method.invoke(Method.java:568)
at org.testng.internal.invokers.MethodInvocationHelper.invokeMethod(MethodInvocationHelper.java:141)
at org.testng.internal.invokers.TestInvoker.invokeMethod(TestInvoker.java:686)
at org.testng.internal.invokers.TestInvoker.invokeTestMethod(TestInvoker.java:230)
at org.testng.internal.invokers.MethodRunner.runInSequence(MethodRunner.java:63)
at org.testng.internal.invokers.TestInvoker$MethodInvocationAgent.invoke(TestInvoker.java:992)
at org.testng.internal.invokers.TestInvoker.invokeTestMethods(TestInvoker.java:203)
at org.testng.internal.invokers.TestMethodWorker.invokeTestMethods(TestMethodWorker.java:154)
at org.testng.internal.invokers.TestMethodWorker.run(TestMethodWorker.java:134)
at java.base/java.util.ArrayList.forEach(ArrayList.java:1511)
at org.testng.TestRunner.privateRun(TestRunner.java:739)
at org.testng.TestRunner.run(TestRunner.java:614)
at org.testng.SuiteRunner.runTest(SuiteRunner.java:421)
at org.testng.SuiteRunner.runSequentially(SuiteRunner.java:413)
at org.testng.SuiteRunner.privateRun(SuiteRunner.java:373)
at org.testng.SuiteRunner.run(SuiteRunner.java:312)
at org.testng.SuiteRunnerWorker.runSuite(SuiteRunnerWorker.java:52)
at org.testng.SuiteRunnerWorker.run(SuiteRunnerWorker.java:95)
at org.testng.TestNG.runSuitesSequentially(TestNG.java:1274)
at org.testng.TestNG.runSuitesLocally(TestNG.java:1208)
at org.testng.TestNG.runSuites(TestNG.java:1112)
at org.testng.TestNG.run(TestNG.java:1079)
at org.testng.remote.AbstractRemoteTestNG.run(AbstractRemoteTestNG.java:115)
at org.testng.remote.RemoteTestNG.initAndRun(RemoteTestNG.java:293)
at org.testng.remote.RemoteTestNG.main(RemoteTestNG.java:91)
]]>
            </full-stacktrace>
          </exception> <!-- org.openqa.selenium.NoSuchElementException -->
          <reporter-output>
          </reporter-output>
        </test-method> <!-- Electronics -->
        <test-method is-config="true" signature="tearDownTest(org.testng.ITestResult,java.lang.reflect.Method)[pri:0, instance:testcase.SecondOperationTest@8519cb4]" started-at="2024-06-14T13:10:05 IST" name="tearDownTest" finished-at="2024-06-14T13:10:06 IST" duration-ms="1399" status="PASS">
          <params>
            <param index="0">
              <value>
                <![CDATA[[TestResult name=Electronics status=FAILURE method=SecondOperationTest.Electronics()[pri:1, instance:testcase.SecondOperationTest@8519cb4] output={null}]]]>
              </value>
            </param>
            <param index="1">
              <value>
                <![CDATA[public void testcase.SecondOperationTest.Electronics()]]>
              </value>
            </param>
          </params>
          <reporter-output>
          </reporter-output>
        </test-method> <!-- tearDownTest -->
        <test-method is-config="true" signature="setup(java.lang.reflect.Method)[pri:0, instance:testcase.SecondOperationTest@8519cb4]" started-at="2024-06-14T13:10:06 IST" name="setup" finished-at="2024-06-14T13:10:11 IST" duration-ms="4366" status="PASS">
          <params>
            <param index="0">
              <value>
                <![CDATA[public void testcase.SecondOperationTest.Rewards()]]>
              </value>
            </param>
          </params>
          <reporter-output>
          </reporter-output>
        </test-method> <!-- setup -->
        <test-method signature="Rewards()[pri:2, instance:testcase.SecondOperationTest@8519cb4]" started-at="2024-06-14T13:10:11 IST" name="Rewards" finished-at="2024-06-14T13:10:12 IST" duration-ms="1596" status="PASS">
          <reporter-output>
          </reporter-output>
        </test-method> <!-- Rewards -->
        <test-method is-config="true" signature="tearDownTest(org.testng.ITestResult,java.lang.reflect.Method)[pri:0, instance:testcase.SecondOperationTest@8519cb4]" started-at="2024-06-14T13:10:12 IST" name="tearDownTest" finished-at="2024-06-14T13:10:13 IST" duration-ms="842" status="PASS">
          <params>
            <param index="0">
              <value>
                <![CDATA[[TestResult name=Rewards status=SUCCESS method=SecondOperationTest.Rewards()[pri:2, instance:testcase.SecondOperationTest@8519cb4] output={null}]]]>
              </value>
            </param>
            <param index="1">
              <value>
                <![CDATA[public void testcase.SecondOperationTest.Rewards()]]>
              </value>
            </param>
          </params>
          <reporter-output>
          </reporter-output>
        </test-method> <!-- tearDownTest -->
        <test-method is-config="true" signature="setup(java.lang.reflect.Method)[pri:0, instance:testcase.SecondOperationTest@8519cb4]" started-at="2024-06-14T13:10:13 IST" name="setup" finished-at="2024-06-14T13:10:18 IST" duration-ms="4561" status="PASS">
          <params>
            <param index="0">
              <value>
                <![CDATA[public void testcase.SecondOperationTest.Careers(java.lang.String,java.lang.String)]]>
              </value>
            </param>
          </params>
          <reporter-output>
          </reporter-output>
        </test-method> <!-- setup -->
        <test-method signature="Careers(java.lang.String,java.lang.String)[pri:3, instance:testcase.SecondOperationTest@8519cb4]" started-at="2024-06-14T13:10:18 IST" name="Careers" data-provider="credentials" finished-at="2024-06-14T13:10:28 IST" duration-ms="10366" status="FAIL">
          <params>
            <param index="0">
              <value>
                <![CDATA[hello@gmail.com]]>
              </value>
            </param>
            <param index="1">
              <value>
                <![CDATA[Hello@123]]>
              </value>
            </param>
          </params>
          <exception class="org.openqa.selenium.NoSuchElementException">
            <message>
              <![CDATA[no such element: Unable to locate element: {"method":"xpath","selector":"//a[contains(text(),'Life At Flipkart')]"}
  (Session info: chrome=126.0.6478.56)
For documentation on this error, please visit: https://www.selenium.dev/documentation/webdriver/troubleshooting/errors#no-such-element-exception
Build info: version: '4.19.1', revision: 'abe0ee07dc'
System info: os.name: 'Windows 11', os.arch: 'amd64', os.version: '10.0', java.version: '17.0.10'
Driver info: org.openqa.selenium.chrome.ChromeDriver
Command: [f94eca8e5336e0aa5570db54959e36c9, findElement {value=//a[contains(text(),'Life At Flipkart')], using=xpath}]
Capabilities {acceptInsecureCerts: false, browserName: chrome, browserVersion: 126.0.6478.56, chrome: {chromedriverVersion: 126.0.6478.61 (8dc092df54ce..., userDataDir: C:\Users\KARTIK~1\AppData\L...}, fedcm:accounts: true, goog:chromeOptions: {debuggerAddress: localhost:58157}, networkConnectionEnabled: false, pageLoadStrategy: normal, platformName: windows, proxy: Proxy(), se:cdp: ws://localhost:58157/devtoo..., se:cdpVersion: 126.0.6478.56, setWindowRect: true, strictFileInteractability: false, timeouts: {implicit: 0, pageLoad: 300000, script: 30000}, unhandledPromptBehavior: dismiss and notify, webauthn:extension:credBlob: true, webauthn:extension:largeBlob: true, webauthn:extension:minPinLength: true, webauthn:extension:prf: true, webauthn:virtualAuthenticators: true}
Session ID: f94eca8e5336e0aa5570db54959e36c9]]>
            </message>
            <full-stacktrace>
              <![CDATA[org.openqa.selenium.NoSuchElementException: no such element: Unable to locate element: {"method":"xpath","selector":"//a[contains(text(),'Life At Flipkart')]"}
  (Session info: chrome=126.0.6478.56)
For documentation on this error, please visit: https://www.selenium.dev/documentation/webdriver/troubleshooting/errors#no-such-element-exception
Build info: version: '4.19.1', revision: 'abe0ee07dc'
System info: os.name: 'Windows 11', os.arch: 'amd64', os.version: '10.0', java.version: '17.0.10'
Driver info: org.openqa.selenium.chrome.ChromeDriver
Command: [f94eca8e5336e0aa5570db54959e36c9, findElement {value=//a[contains(text(),'Life At Flipkart')], using=xpath}]
Capabilities {acceptInsecureCerts: false, browserName: chrome, browserVersion: 126.0.6478.56, chrome: {chromedriverVersion: 126.0.6478.61 (8dc092df54ce..., userDataDir: C:\Users\KARTIK~1\AppData\L...}, fedcm:accounts: true, goog:chromeOptions: {debuggerAddress: localhost:58157}, networkConnectionEnabled: false, pageLoadStrategy: normal, platformName: windows, proxy: Proxy(), se:cdp: ws://localhost:58157/devtoo..., se:cdpVersion: 126.0.6478.56, setWindowRect: true, strictFileInteractability: false, timeouts: {implicit: 0, pageLoad: 300000, script: 30000}, unhandledPromptBehavior: dismiss and notify, webauthn:extension:credBlob: true, webauthn:extension:largeBlob: true, webauthn:extension:minPinLength: true, webauthn:extension:prf: true, webauthn:virtualAuthenticators: true}
Session ID: f94eca8e5336e0aa5570db54959e36c9
at java.base/jdk.internal.reflect.NativeConstructorAccessorImpl.newInstance0(Native Method)
at java.base/jdk.internal.reflect.NativeConstructorAccessorImpl.newInstance(NativeConstructorAccessorImpl.java:77)
at java.base/jdk.internal.reflect.DelegatingConstructorAccessorImpl.newInstance(DelegatingConstructorAccessorImpl.java:45)
at java.base/java.lang.reflect.Constructor.newInstanceWithCaller(Constructor.java:499)
at java.base/java.lang.reflect.Constructor.newInstance(Constructor.java:480)
at org.openqa.selenium.remote.ErrorCodec.decode(ErrorCodec.java:167)
at org.openqa.selenium.remote.codec.w3c.W3CHttpResponseCodec.decode(W3CHttpResponseCodec.java:138)
at org.openqa.selenium.remote.codec.w3c.W3CHttpResponseCodec.decode(W3CHttpResponseCodec.java:50)
at org.openqa.selenium.remote.HttpCommandExecutor.execute(HttpCommandExecutor.java:190)
at org.openqa.selenium.remote.service.DriverCommandExecutor.invokeExecute(DriverCommandExecutor.java:216)
at org.openqa.selenium.remote.service.DriverCommandExecutor.execute(DriverCommandExecutor.java:174)
at org.openqa.selenium.remote.RemoteWebDriver.execute(RemoteWebDriver.java:518)
at org.openqa.selenium.remote.ElementLocation$ElementFinder$2.findElement(ElementLocation.java:165)
at org.openqa.selenium.remote.ElementLocation.findElement(ElementLocation.java:59)
at org.openqa.selenium.remote.RemoteWebDriver.findElement(RemoteWebDriver.java:355)
at org.openqa.selenium.remote.RemoteWebDriver.findElement(RemoteWebDriver.java:349)
at pages.SecondOperationPage.Careers(SecondOperationPage.java:73)
at testcase.SecondOperationTest.Careers(SecondOperationTest.java:46)
at java.base/jdk.internal.reflect.NativeMethodAccessorImpl.invoke0(Native Method)
at java.base/jdk.internal.reflect.NativeMethodAccessorImpl.invoke(NativeMethodAccessorImpl.java:77)
at java.base/jdk.internal.reflect.DelegatingMethodAccessorImpl.invoke(DelegatingMethodAccessorImpl.java:43)
at java.base/java.lang.reflect.Method.invoke(Method.java:568)
at org.testng.internal.invokers.MethodInvocationHelper.invokeMethod(MethodInvocationHelper.java:141)
at org.testng.internal.invokers.TestInvoker.invokeMethod(TestInvoker.java:686)
at org.testng.internal.invokers.TestInvoker.invokeTestMethod(TestInvoker.java:230)
at org.testng.internal.invokers.MethodRunner.runInSequence(MethodRunner.java:63)
at org.testng.internal.invokers.TestInvoker$MethodInvocationAgent.invoke(TestInvoker.java:992)
at org.testng.internal.invokers.TestInvoker.invokeTestMethods(TestInvoker.java:203)
at org.testng.internal.invokers.TestMethodWorker.invokeTestMethods(TestMethodWorker.java:154)
at org.testng.internal.invokers.TestMethodWorker.run(TestMethodWorker.java:134)
at java.base/java.util.ArrayList.forEach(ArrayList.java:1511)
at org.testng.TestRunner.privateRun(TestRunner.java:739)
at org.testng.TestRunner.run(TestRunner.java:614)
at org.testng.SuiteRunner.runTest(SuiteRunner.java:421)
at org.testng.SuiteRunner.runSequentially(SuiteRunner.java:413)
at org.testng.SuiteRunner.privateRun(SuiteRunner.java:373)
at org.testng.SuiteRunner.run(SuiteRunner.java:312)
at org.testng.SuiteRunnerWorker.runSuite(SuiteRunnerWorker.java:52)
at org.testng.SuiteRunnerWorker.run(SuiteRunnerWorker.java:95)
at org.testng.TestNG.runSuitesSequentially(TestNG.java:1274)
at org.testng.TestNG.runSuitesLocally(TestNG.java:1208)
at org.testng.TestNG.runSuites(TestNG.java:1112)
at org.testng.TestNG.run(TestNG.java:1079)
at org.testng.remote.AbstractRemoteTestNG.run(AbstractRemoteTestNG.java:115)
at org.testng.remote.RemoteTestNG.initAndRun(RemoteTestNG.java:293)
at org.testng.remote.RemoteTestNG.main(RemoteTestNG.java:91)
]]>
            </full-stacktrace>
          </exception> <!-- org.openqa.selenium.NoSuchElementException -->
          <reporter-output>
          </reporter-output>
        </test-method> <!-- Careers -->
        <test-method is-config="true" signature="tearDownTest(org.testng.ITestResult,java.lang.reflect.Method)[pri:0, instance:testcase.SecondOperationTest@8519cb4]" started-at="2024-06-14T13:10:28 IST" name="tearDownTest" finished-at="2024-06-14T13:10:29 IST" duration-ms="1270" status="PASS">
          <params>
            <param index="0">
              <value>
                <![CDATA[[TestResult name=Careers status=FAILURE method=SecondOperationTest.Careers(java.lang.String,java.lang.String)[pri:3, instance:testcase.SecondOperationTest@8519cb4] output={null}]]]>
              </value>
            </param>
            <param index="1">
              <value>
                <![CDATA[public void testcase.SecondOperationTest.Careers(java.lang.String,java.lang.String)]]>
              </value>
            </param>
          </params>
          <reporter-output>
          </reporter-output>
        </test-method> <!-- tearDownTest -->
        <test-method is-config="true" signature="setup(java.lang.reflect.Method)[pri:0, instance:testcase.SecondOperationTest@8519cb4]" started-at="2024-06-14T13:10:29 IST" name="setup" finished-at="2024-06-14T13:10:34 IST" duration-ms="4751" status="PASS">
          <params>
            <param index="0">
              <value>
                <![CDATA[public void testcase.SecondOperationTest.Login(java.lang.String)]]>
              </value>
            </param>
          </params>
          <reporter-output>
          </reporter-output>
        </test-method> <!-- setup -->
        <test-method signature="Login(java.lang.String)[pri:4, instance:testcase.SecondOperationTest@8519cb4]" started-at="2024-06-14T13:10:34 IST" name="Login" data-provider="mobiledata" finished-at="2024-06-14T13:10:36 IST" duration-ms="2393" status="FAIL">
          <params>
            <param index="0">
              <value>
                <![CDATA[9990123515]]>
              </value>
            </param>
          </params>
          <exception class="java.lang.AssertionError">
            <message>
              <![CDATA[Login/Signup operation failed expected [https://www.flipkart.com/] but found [https://www.flipkart.com/account/login?ret=/]]]>
            </message>
            <full-stacktrace>
              <![CDATA[java.lang.AssertionError: Login/Signup operation failed expected [https://www.flipkart.com/] but found [https://www.flipkart.com/account/login?ret=/]
at org.testng.Assert.fail(Assert.java:111)
at org.testng.Assert.failNotEquals(Assert.java:1578)
at org.testng.Assert.assertEqualsImpl(Assert.java:150)
at org.testng.Assert.assertEquals(Assert.java:132)
at org.testng.Assert.assertEquals(Assert.java:656)
at pages.SecondOperationPage.Login(SecondOperationPage.java:95)
at testcase.SecondOperationTest.Login(SecondOperationTest.java:59)
at java.base/jdk.internal.reflect.NativeMethodAccessorImpl.invoke0(Native Method)
at java.base/jdk.internal.reflect.NativeMethodAccessorImpl.invoke(NativeMethodAccessorImpl.java:77)
at java.base/jdk.internal.reflect.DelegatingMethodAccessorImpl.invoke(DelegatingMethodAccessorImpl.java:43)
at java.base/java.lang.reflect.Method.invoke(Method.java:568)
at org.testng.internal.invokers.MethodInvocationHelper.invokeMethod(MethodInvocationHelper.java:141)
at org.testng.internal.invokers.TestInvoker.invokeMethod(TestInvoker.java:686)
at org.testng.internal.invokers.TestInvoker.invokeTestMethod(TestInvoker.java:230)
at org.testng.internal.invokers.MethodRunner.runInSequence(MethodRunner.java:63)
at org.testng.internal.invokers.TestInvoker$MethodInvocationAgent.invoke(TestInvoker.java:992)
at org.testng.internal.invokers.TestInvoker.invokeTestMethods(TestInvoker.java:203)
at org.testng.internal.invokers.TestMethodWorker.invokeTestMethods(TestMethodWorker.java:154)
at org.testng.internal.invokers.TestMethodWorker.run(TestMethodWorker.java:134)
at java.base/java.util.ArrayList.forEach(ArrayList.java:1511)
at org.testng.TestRunner.privateRun(TestRunner.java:739)
at org.testng.TestRunner.run(TestRunner.java:614)
at org.testng.SuiteRunner.runTest(SuiteRunner.java:421)
at org.testng.SuiteRunner.runSequentially(SuiteRunner.java:413)
at org.testng.SuiteRunner.privateRun(SuiteRunner.java:373)
at org.testng.SuiteRunner.run(SuiteRunner.java:312)
at org.testng.SuiteRunnerWorker.runSuite(SuiteRunnerWorker.java:52)
at org.testng.SuiteRunnerWorker.run(SuiteRunnerWorker.java:95)
at org.testng.TestNG.runSuitesSequentially(TestNG.java:1274)
at org.testng.TestNG.runSuitesLocally(TestNG.java:1208)
at org.testng.TestNG.runSuites(TestNG.java:1112)
at org.testng.TestNG.run(TestNG.java:1079)
at org.testng.remote.AbstractRemoteTestNG.run(AbstractRemoteTestNG.java:115)
at org.testng.remote.RemoteTestNG.initAndRun(RemoteTestNG.java:293)
at org.testng.remote.RemoteTestNG.main(RemoteTestNG.java:91)
]]>
            </full-stacktrace>
          </exception> <!-- java.lang.AssertionError -->
          <reporter-output>
          </reporter-output>
        </test-method> <!-- Login -->
        <test-method is-config="true" signature="tearDownTest(org.testng.ITestResult,java.lang.reflect.Method)[pri:0, instance:testcase.SecondOperationTest@8519cb4]" started-at="2024-06-14T13:10:36 IST" name="tearDownTest" finished-at="2024-06-14T13:10:38 IST" duration-ms="1391" status="PASS">
          <params>
            <param index="0">
              <value>
                <![CDATA[[TestResult name=Login status=FAILURE method=SecondOperationTest.Login(java.lang.String)[pri:4, instance:testcase.SecondOperationTest@8519cb4] output={null}]]]>
              </value>
            </param>
            <param index="1">
              <value>
                <![CDATA[public void testcase.SecondOperationTest.Login(java.lang.String)]]>
              </value>
            </param>
          </params>
          <reporter-output>
          </reporter-output>
        </test-method> <!-- tearDownTest -->
        <test-method is-config="true" signature="setup(java.lang.reflect.Method)[pri:0, instance:testcase.SecondOperationTest@8519cb4]" started-at="2024-06-14T13:10:38 IST" name="setup" finished-at="2024-06-14T13:10:43 IST" duration-ms="4838" status="PASS">
          <params>
            <param index="0">
              <value>
                <![CDATA[public void testcase.SecondOperationTest.Signup(java.lang.String)]]>
              </value>
            </param>
          </params>
          <reporter-output>
          </reporter-output>
        </test-method> <!-- setup -->
        <test-method signature="Signup(java.lang.String)[pri:5, instance:testcase.SecondOperationTest@8519cb4]" started-at="2024-06-14T13:10:43 IST" name="Signup" data-provider="mobiledata" finished-at="2024-06-14T13:10:48 IST" duration-ms="5302" status="FAIL">
          <params>
            <param index="0">
              <value>
                <![CDATA[9990123515]]>
              </value>
            </param>
          </params>
          <exception class="java.lang.AssertionError">
            <message>
              <![CDATA[Login/Signup operation failed expected [https://www.flipkart.com/] but found [https://www.flipkart.com/account/login?signup=true]]]>
            </message>
            <full-stacktrace>
              <![CDATA[java.lang.AssertionError: Login/Signup operation failed expected [https://www.flipkart.com/] but found [https://www.flipkart.com/account/login?signup=true]
at org.testng.Assert.fail(Assert.java:111)
at org.testng.Assert.failNotEquals(Assert.java:1578)
at org.testng.Assert.assertEqualsImpl(Assert.java:150)
at org.testng.Assert.assertEquals(Assert.java:132)
at org.testng.Assert.assertEquals(Assert.java:656)
at pages.SecondOperationPage.Signup(SecondOperationPage.java:105)
at testcase.SecondOperationTest.Signup(SecondOperationTest.java:73)
at java.base/jdk.internal.reflect.NativeMethodAccessorImpl.invoke0(Native Method)
at java.base/jdk.internal.reflect.NativeMethodAccessorImpl.invoke(NativeMethodAccessorImpl.java:77)
at java.base/jdk.internal.reflect.DelegatingMethodAccessorImpl.invoke(DelegatingMethodAccessorImpl.java:43)
at java.base/java.lang.reflect.Method.invoke(Method.java:568)
at org.testng.internal.invokers.MethodInvocationHelper.invokeMethod(MethodInvocationHelper.java:141)
at org.testng.internal.invokers.TestInvoker.invokeMethod(TestInvoker.java:686)
at org.testng.internal.invokers.TestInvoker.invokeTestMethod(TestInvoker.java:230)
at org.testng.internal.invokers.MethodRunner.runInSequence(MethodRunner.java:63)
at org.testng.internal.invokers.TestInvoker$MethodInvocationAgent.invoke(TestInvoker.java:992)
at org.testng.internal.invokers.TestInvoker.invokeTestMethods(TestInvoker.java:203)
at org.testng.internal.invokers.TestMethodWorker.invokeTestMethods(TestMethodWorker.java:154)
at org.testng.internal.invokers.TestMethodWorker.run(TestMethodWorker.java:134)
at java.base/java.util.ArrayList.forEach(ArrayList.java:1511)
at org.testng.TestRunner.privateRun(TestRunner.java:739)
at org.testng.TestRunner.run(TestRunner.java:614)
at org.testng.SuiteRunner.runTest(SuiteRunner.java:421)
at org.testng.SuiteRunner.runSequentially(SuiteRunner.java:413)
at org.testng.SuiteRunner.privateRun(SuiteRunner.java:373)
at org.testng.SuiteRunner.run(SuiteRunner.java:312)
at org.testng.SuiteRunnerWorker.runSuite(SuiteRunnerWorker.java:52)
at org.testng.SuiteRunnerWorker.run(SuiteRunnerWorker.java:95)
at org.testng.TestNG.runSuitesSequentially(TestNG.java:1274)
at org.testng.TestNG.runSuitesLocally(TestNG.java:1208)
at org.testng.TestNG.runSuites(TestNG.java:1112)
at org.testng.TestNG.run(TestNG.java:1079)
at org.testng.remote.AbstractRemoteTestNG.run(AbstractRemoteTestNG.java:115)
at org.testng.remote.RemoteTestNG.initAndRun(RemoteTestNG.java:293)
at org.testng.remote.RemoteTestNG.main(RemoteTestNG.java:91)
]]>
            </full-stacktrace>
          </exception> <!-- java.lang.AssertionError -->
          <reporter-output>
          </reporter-output>
        </test-method> <!-- Signup -->
        <test-method is-config="true" signature="tearDownTest(org.testng.ITestResult,java.lang.reflect.Method)[pri:0, instance:testcase.SecondOperationTest@8519cb4]" started-at="2024-06-14T13:10:48 IST" name="tearDownTest" finished-at="2024-06-14T13:10:49 IST" duration-ms="1152" status="PASS">
          <params>
            <param index="0">
              <value>
                <![CDATA[[TestResult name=Signup status=FAILURE method=SecondOperationTest.Signup(java.lang.String)[pri:5, instance:testcase.SecondOperationTest@8519cb4] output={null}]]]>
              </value>
            </param>
            <param index="1">
              <value>
                <![CDATA[public void testcase.SecondOperationTest.Signup(java.lang.String)]]>
              </value>
            </param>
          </params>
          <reporter-output>
          </reporter-output>
        </test-method> <!-- tearDownTest -->
        <test-method is-config="true" signature="setup(java.lang.reflect.Method)[pri:0, instance:testcase.SecondOperationTest@8519cb4]" started-at="2024-06-14T13:10:49 IST" name="setup" finished-at="2024-06-14T13:10:54 IST" duration-ms="4384" status="PASS">
          <params>
            <param index="0">
              <value>
                <![CDATA[public void testcase.SecondOperationTest.Shopsy()]]>
              </value>
            </param>
          </params>
          <reporter-output>
          </reporter-output>
        </test-method> <!-- setup -->
        <test-method signature="Shopsy()[pri:6, instance:testcase.SecondOperationTest@8519cb4]" started-at="2024-06-14T13:10:54 IST" name="Shopsy" finished-at="2024-06-14T13:10:57 IST" duration-ms="3064" status="PASS">
          <reporter-output>
          </reporter-output>
        </test-method> <!-- Shopsy -->
        <test-method is-config="true" signature="tearDownTest(org.testng.ITestResult,java.lang.reflect.Method)[pri:0, instance:testcase.SecondOperationTest@8519cb4]" started-at="2024-06-14T13:10:57 IST" name="tearDownTest" finished-at="2024-06-14T13:10:58 IST" duration-ms="1385" status="PASS">
          <params>
            <param index="0">
              <value>
                <![CDATA[[TestResult name=Shopsy status=SUCCESS method=SecondOperationTest.Shopsy()[pri:6, instance:testcase.SecondOperationTest@8519cb4] output={null}]]]>
              </value>
            </param>
            <param index="1">
              <value>
                <![CDATA[public void testcase.SecondOperationTest.Shopsy()]]>
              </value>
            </param>
          </params>
          <reporter-output>
          </reporter-output>
        </test-method> <!-- tearDownTest -->
        <test-method is-config="true" signature="setup(java.lang.reflect.Method)[pri:0, instance:testcase.SecondOperationTest@8519cb4]" started-at="2024-06-14T13:10:58 IST" name="setup" finished-at="2024-06-14T13:11:03 IST" duration-ms="4685" status="PASS">
          <params>
            <param index="0">
              <value>
                <![CDATA[public void testcase.SecondOperationTest.CorporateWebsite()]]>
              </value>
            </param>
          </params>
          <reporter-output>
          </reporter-output>
        </test-method> <!-- setup -->
        <test-method signature="CorporateWebsite()[pri:7, instance:testcase.SecondOperationTest@8519cb4]" started-at="2024-06-14T13:11:03 IST" name="CorporateWebsite" finished-at="2024-06-14T13:11:04 IST" duration-ms="1675" status="PASS">
          <reporter-output>
          </reporter-output>
        </test-method> <!-- CorporateWebsite -->
        <test-method is-config="true" signature="tearDownTest(org.testng.ITestResult,java.lang.reflect.Method)[pri:0, instance:testcase.SecondOperationTest@8519cb4]" started-at="2024-06-14T13:11:04 IST" name="tearDownTest" finished-at="2024-06-14T13:11:05 IST" duration-ms="926" status="PASS">
          <params>
            <param index="0">
              <value>
                <![CDATA[[TestResult name=CorporateWebsite status=SUCCESS method=SecondOperationTest.CorporateWebsite()[pri:7, instance:testcase.SecondOperationTest@8519cb4] output={null}]]]>
              </value>
            </param>
            <param index="1">
              <value>
                <![CDATA[public void testcase.SecondOperationTest.CorporateWebsite()]]>
              </value>
            </param>
          </params>
          <reporter-output>
          </reporter-output>
        </test-method> <!-- tearDownTest -->
        <test-method is-config="true" signature="tearDownExtentReports()[pri:0, instance:testcase.SecondOperationTest@8519cb4]" started-at="2024-06-14T13:11:05 IST" name="tearDownExtentReports" finished-at="2024-06-14T13:11:05 IST" duration-ms="93" status="PASS">
          <reporter-output>
          </reporter-output>
        </test-method> <!-- tearDownExtentReports -->
      </class> <!-- testcase.SecondOperationTest -->
      <class name="testcase.FirstOpeartionTest">
        <test-method is-config="true" signature="setUp_Configurations()[pri:0, instance:testcase.FirstOpeartionTest@4a83a74a]" started-at="2024-06-14T13:08:24 IST" name="setUp_Configurations" finished-at="2024-06-14T13:08:25 IST" duration-ms="1384" status="PASS">
          <reporter-output>
          </reporter-output>
        </test-method> <!-- setUp_Configurations -->
        <test-method is-config="true" signature="setup(java.lang.reflect.Method)[pri:0, instance:testcase.FirstOpeartionTest@4a83a74a]" started-at="2024-06-14T13:08:25 IST" name="setup" finished-at="2024-06-14T13:08:25 IST" duration-ms="1" status="PASS">
          <params>
            <param index="0">
              <value>
                <![CDATA[public void testcase.FirstOpeartionTest.search(java.lang.String,java.lang.String)]]>
              </value>
            </param>
          </params>
          <reporter-output>
          </reporter-output>
        </test-method> <!-- setup -->
        <test-method signature="search(java.lang.String,java.lang.String)[pri:1, instance:testcase.FirstOpeartionTest@4a83a74a]" started-at="2024-06-14T13:08:25 IST" name="search" data-provider="searchdata" finished-at="2024-06-14T13:08:25 IST" duration-ms="10" status="FAIL">
          <params>
            <param index="0">
              <value>
                <![CDATA[phones]]>
              </value>
            </param>
            <param index="1">
              <value>
                <![CDATA[samsung]]>
              </value>
            </param>
          </params>
          <exception class="java.lang.AssertionError">
            <message>
              <![CDATA[Searching is not activated]]>
            </message>
            <full-stacktrace>
              <![CDATA[java.lang.AssertionError: Searching is not activated
at org.testng.Assert.fail(Assert.java:111)
at testcase.FirstOpeartionTest.search(FirstOpeartionTest.java:25)
at java.base/jdk.internal.reflect.NativeMethodAccessorImpl.invoke0(Native Method)
at java.base/jdk.internal.reflect.NativeMethodAccessorImpl.invoke(NativeMethodAccessorImpl.java:77)
at java.base/jdk.internal.reflect.DelegatingMethodAccessorImpl.invoke(DelegatingMethodAccessorImpl.java:43)
at java.base/java.lang.reflect.Method.invoke(Method.java:568)
at org.testng.internal.invokers.MethodInvocationHelper.invokeMethod(MethodInvocationHelper.java:141)
at org.testng.internal.invokers.TestInvoker.invokeMethod(TestInvoker.java:686)
at org.testng.internal.invokers.TestInvoker.invokeTestMethod(TestInvoker.java:230)
at org.testng.internal.invokers.MethodRunner.runInSequence(MethodRunner.java:63)
at org.testng.internal.invokers.TestInvoker$MethodInvocationAgent.invoke(TestInvoker.java:992)
at org.testng.internal.invokers.TestInvoker.invokeTestMethods(TestInvoker.java:203)
at org.testng.internal.invokers.TestMethodWorker.invokeTestMethods(TestMethodWorker.java:154)
at org.testng.internal.invokers.TestMethodWorker.run(TestMethodWorker.java:134)
at java.base/java.util.ArrayList.forEach(ArrayList.java:1511)
at org.testng.TestRunner.privateRun(TestRunner.java:739)
at org.testng.TestRunner.run(TestRunner.java:614)
at org.testng.SuiteRunner.runTest(SuiteRunner.java:421)
at org.testng.SuiteRunner.runSequentially(SuiteRunner.java:413)
at org.testng.SuiteRunner.privateRun(SuiteRunner.java:373)
at org.testng.SuiteRunner.run(SuiteRunner.java:312)
at org.testng.SuiteRunnerWorker.runSuite(SuiteRunnerWorker.java:52)
at org.testng.SuiteRunnerWorker.run(SuiteRunnerWorker.java:95)
at org.testng.TestNG.runSuitesSequentially(TestNG.java:1274)
at org.testng.TestNG.runSuitesLocally(TestNG.java:1208)
at org.testng.TestNG.runSuites(TestNG.java:1112)
at org.testng.TestNG.run(TestNG.java:1079)
at org.testng.remote.AbstractRemoteTestNG.run(AbstractRemoteTestNG.java:115)
at org.testng.remote.RemoteTestNG.initAndRun(RemoteTestNG.java:293)
at org.testng.remote.RemoteTestNG.main(RemoteTestNG.java:91)
]]>
            </full-stacktrace>
          </exception> <!-- java.lang.AssertionError -->
          <reporter-output>
          </reporter-output>
        </test-method> <!-- search -->
        <test-method is-config="true" signature="tearDownTest(org.testng.ITestResult,java.lang.reflect.Method)[pri:0, instance:testcase.FirstOpeartionTest@4a83a74a]" started-at="2024-06-14T13:08:25 IST" name="tearDownTest" finished-at="2024-06-14T13:08:25 IST" duration-ms="0" status="PASS">
          <params>
            <param index="0">
              <value>
                <![CDATA[[TestResult name=search status=FAILURE method=FirstOpeartionTest.search(java.lang.String,java.lang.String)[pri:1, instance:testcase.FirstOpeartionTest@4a83a74a] output={null}]]]>
              </value>
            </param>
            <param index="1">
              <value>
                <![CDATA[public void testcase.FirstOpeartionTest.search(java.lang.String,java.lang.String)]]>
              </value>
            </param>
          </params>
          <reporter-output>
          </reporter-output>
        </test-method> <!-- tearDownTest -->
        <test-method is-config="true" signature="setup(java.lang.reflect.Method)[pri:0, instance:testcase.FirstOpeartionTest@4a83a74a]" started-at="2024-06-14T13:08:25 IST" name="setup" finished-at="2024-06-14T13:08:30 IST" duration-ms="5009" status="PASS">
          <params>
            <param index="0">
              <value>
                <![CDATA[public void testcase.FirstOpeartionTest.grocery(java.lang.String,java.lang.String)]]>
              </value>
            </param>
          </params>
          <reporter-output>
          </reporter-output>
        </test-method> <!-- setup -->
        <test-method signature="grocery(java.lang.String,java.lang.String)[pri:2, instance:testcase.FirstOpeartionTest@4a83a74a]" started-at="2024-06-14T13:08:30 IST" name="grocery" data-provider="grocerydata" finished-at="2024-06-14T13:08:34 IST" duration-ms="3526" status="PASS">
          <params>
            <param index="0">
              <value>
                <![CDATA[208001]]>
              </value>
            </param>
            <param index="1">
              <value>
                <![CDATA[Lays American Style Cream and Onion Chips]]>
              </value>
            </param>
          </params>
          <reporter-output>
          </reporter-output>
        </test-method> <!-- grocery -->
        <test-method is-config="true" signature="tearDownTest(org.testng.ITestResult,java.lang.reflect.Method)[pri:0, instance:testcase.FirstOpeartionTest@4a83a74a]" started-at="2024-06-14T13:08:34 IST" name="tearDownTest" finished-at="2024-06-14T13:08:35 IST" duration-ms="1116" status="PASS">
          <params>
            <param index="0">
              <value>
                <![CDATA[[TestResult name=grocery status=SUCCESS method=FirstOpeartionTest.grocery(java.lang.String,java.lang.String)[pri:2, instance:testcase.FirstOpeartionTest@4a83a74a] output={null}]]]>
              </value>
            </param>
            <param index="1">
              <value>
                <![CDATA[public void testcase.FirstOpeartionTest.grocery(java.lang.String,java.lang.String)]]>
              </value>
            </param>
          </params>
          <reporter-output>
          </reporter-output>
        </test-method> <!-- tearDownTest -->
        <test-method is-config="true" signature="setup(java.lang.reflect.Method)[pri:0, instance:testcase.FirstOpeartionTest@4a83a74a]" started-at="2024-06-14T13:08:35 IST" name="setup" finished-at="2024-06-14T13:08:40 IST" duration-ms="4537" status="PASS">
          <params>
            <param index="0">
              <value>
                <![CDATA[public void testcase.FirstOpeartionTest.specficProduct()]]>
              </value>
            </param>
          </params>
          <reporter-output>
          </reporter-output>
        </test-method> <!-- setup -->
        <test-method signature="specficProduct()[pri:3, instance:testcase.FirstOpeartionTest@4a83a74a]" started-at="2024-06-14T13:08:40 IST" name="specficProduct" finished-at="2024-06-14T13:08:47 IST" duration-ms="7707" status="PASS">
          <reporter-output>
          </reporter-output>
        </test-method> <!-- specficProduct -->
        <test-method is-config="true" signature="tearDownTest(org.testng.ITestResult,java.lang.reflect.Method)[pri:0, instance:testcase.FirstOpeartionTest@4a83a74a]" started-at="2024-06-14T13:08:47 IST" name="tearDownTest" finished-at="2024-06-14T13:08:48 IST" duration-ms="938" status="PASS">
          <params>
            <param index="0">
              <value>
                <![CDATA[[TestResult name=specficProduct status=SUCCESS method=FirstOpeartionTest.specficProduct()[pri:3, instance:testcase.FirstOpeartionTest@4a83a74a] output={null}]]]>
              </value>
            </param>
            <param index="1">
              <value>
                <![CDATA[public void testcase.FirstOpeartionTest.specficProduct()]]>
              </value>
            </param>
          </params>
          <reporter-output>
          </reporter-output>
        </test-method> <!-- tearDownTest -->
        <test-method is-config="true" signature="setup(java.lang.reflect.Method)[pri:0, instance:testcase.FirstOpeartionTest@4a83a74a]" started-at="2024-06-14T13:08:48 IST" name="setup" finished-at="2024-06-14T13:08:53 IST" duration-ms="4484" status="PASS">
          <params>
            <param index="0">
              <value>
                <![CDATA[public void testcase.FirstOpeartionTest.becomeSeller(java.lang.String,java.lang.String)]]>
              </value>
            </param>
          </params>
          <reporter-output>
          </reporter-output>
        </test-method> <!-- setup -->
        <test-method signature="becomeSeller(java.lang.String,java.lang.String)[pri:4, instance:testcase.FirstOpeartionTest@4a83a74a]" started-at="2024-06-14T13:08:53 IST" name="becomeSeller" data-provider="sellerdata" finished-at="2024-06-14T13:09:01 IST" duration-ms="7843" status="PASS">
          <params>
            <param index="0">
              <value>
                <![CDATA[9919520904]]>
              </value>
            </param>
            <param index="1">
              <value>
                <![CDATA[hello@gmail.com]]>
              </value>
            </param>
          </params>
          <reporter-output>
          </reporter-output>
        </test-method> <!-- becomeSeller -->
        <test-method is-config="true" signature="tearDownTest(org.testng.ITestResult,java.lang.reflect.Method)[pri:0, instance:testcase.FirstOpeartionTest@4a83a74a]" started-at="2024-06-14T13:09:01 IST" name="tearDownTest" finished-at="2024-06-14T13:09:02 IST" duration-ms="1027" status="PASS">
          <params>
            <param index="0">
              <value>
                <![CDATA[[TestResult name=becomeSeller status=SUCCESS method=FirstOpeartionTest.becomeSeller(java.lang.String,java.lang.String)[pri:4, instance:testcase.FirstOpeartionTest@4a83a74a] output={null}]]]>
              </value>
            </param>
            <param index="1">
              <value>
                <![CDATA[public void testcase.FirstOpeartionTest.becomeSeller(java.lang.String,java.lang.String)]]>
              </value>
            </param>
          </params>
          <reporter-output>
          </reporter-output>
        </test-method> <!-- tearDownTest -->
        <test-method is-config="true" signature="setup(java.lang.reflect.Method)[pri:0, instance:testcase.FirstOpeartionTest@4a83a74a]" started-at="2024-06-14T13:09:02 IST" name="setup" finished-at="2024-06-14T13:09:07 IST" duration-ms="5340" status="PASS">
          <params>
            <param index="0">
              <value>
                <![CDATA[public void testcase.FirstOpeartionTest.fashion(java.lang.String,java.lang.String)]]>
              </value>
            </param>
          </params>
          <reporter-output>
          </reporter-output>
        </test-method> <!-- setup -->
        <test-method signature="fashion(java.lang.String,java.lang.String)[pri:5, instance:testcase.FirstOpeartionTest@4a83a74a]" started-at="2024-06-14T13:09:07 IST" name="fashion" data-provider="fashiondata" finished-at="2024-06-14T13:09:19 IST" duration-ms="11954" status="FAIL">
          <params>
            <param index="0">
              <value>
                <![CDATA[Men's Top Wear]]>
              </value>
            </param>
            <param index="1">
              <value>
                <![CDATA[Men Regular Fit Solid Spread Collar Casual Shirt]]>
              </value>
            </param>
          </params>
          <exception class="org.openqa.selenium.NoSuchElementException">
            <message>
              <![CDATA[no such element: Unable to locate element: {"method":"xpath","selector":"//a[contains(text(), "Men's Top Wear")]"}
  (Session info: chrome=126.0.6478.56)
For documentation on this error, please visit: https://www.selenium.dev/documentation/webdriver/troubleshooting/errors#no-such-element-exception
Build info: version: '4.19.1', revision: 'abe0ee07dc'
System info: os.name: 'Windows 11', os.arch: 'amd64', os.version: '10.0', java.version: '17.0.10'
Driver info: org.openqa.selenium.chrome.ChromeDriver
Command: [73367aa3aaf26de80e92f2d34ac12e86, findElement {value=//a[contains(text(), "Men's Top Wear")], using=xpath}]
Capabilities {acceptInsecureCerts: false, browserName: chrome, browserVersion: 126.0.6478.56, chrome: {chromedriverVersion: 126.0.6478.61 (8dc092df54ce..., userDataDir: C:\Users\KARTIK~1\AppData\L...}, fedcm:accounts: true, goog:chromeOptions: {debuggerAddress: localhost:57897}, networkConnectionEnabled: false, pageLoadStrategy: normal, platformName: windows, proxy: Proxy(), se:cdp: ws://localhost:57897/devtoo..., se:cdpVersion: 126.0.6478.56, setWindowRect: true, strictFileInteractability: false, timeouts: {implicit: 0, pageLoad: 300000, script: 30000}, unhandledPromptBehavior: dismiss and notify, webauthn:extension:credBlob: true, webauthn:extension:largeBlob: true, webauthn:extension:minPinLength: true, webauthn:extension:prf: true, webauthn:virtualAuthenticators: true}
Session ID: 73367aa3aaf26de80e92f2d34ac12e86]]>
            </message>
            <full-stacktrace>
              <![CDATA[org.openqa.selenium.NoSuchElementException: no such element: Unable to locate element: {"method":"xpath","selector":"//a[contains(text(), "Men's Top Wear")]"}
  (Session info: chrome=126.0.6478.56)
For documentation on this error, please visit: https://www.selenium.dev/documentation/webdriver/troubleshooting/errors#no-such-element-exception
Build info: version: '4.19.1', revision: 'abe0ee07dc'
System info: os.name: 'Windows 11', os.arch: 'amd64', os.version: '10.0', java.version: '17.0.10'
Driver info: org.openqa.selenium.chrome.ChromeDriver
Command: [73367aa3aaf26de80e92f2d34ac12e86, findElement {value=//a[contains(text(), "Men's Top Wear")], using=xpath}]
Capabilities {acceptInsecureCerts: false, browserName: chrome, browserVersion: 126.0.6478.56, chrome: {chromedriverVersion: 126.0.6478.61 (8dc092df54ce..., userDataDir: C:\Users\KARTIK~1\AppData\L...}, fedcm:accounts: true, goog:chromeOptions: {debuggerAddress: localhost:57897}, networkConnectionEnabled: false, pageLoadStrategy: normal, platformName: windows, proxy: Proxy(), se:cdp: ws://localhost:57897/devtoo..., se:cdpVersion: 126.0.6478.56, setWindowRect: true, strictFileInteractability: false, timeouts: {implicit: 0, pageLoad: 300000, script: 30000}, unhandledPromptBehavior: dismiss and notify, webauthn:extension:credBlob: true, webauthn:extension:largeBlob: true, webauthn:extension:minPinLength: true, webauthn:extension:prf: true, webauthn:virtualAuthenticators: true}
Session ID: 73367aa3aaf26de80e92f2d34ac12e86
at java.base/jdk.internal.reflect.NativeConstructorAccessorImpl.newInstance0(Native Method)
at java.base/jdk.internal.reflect.NativeConstructorAccessorImpl.newInstance(NativeConstructorAccessorImpl.java:77)
at java.base/jdk.internal.reflect.DelegatingConstructorAccessorImpl.newInstance(DelegatingConstructorAccessorImpl.java:45)
at java.base/java.lang.reflect.Constructor.newInstanceWithCaller(Constructor.java:499)
at java.base/java.lang.reflect.Constructor.newInstance(Constructor.java:480)
at org.openqa.selenium.remote.ErrorCodec.decode(ErrorCodec.java:167)
at org.openqa.selenium.remote.codec.w3c.W3CHttpResponseCodec.decode(W3CHttpResponseCodec.java:138)
at org.openqa.selenium.remote.codec.w3c.W3CHttpResponseCodec.decode(W3CHttpResponseCodec.java:50)
at org.openqa.selenium.remote.HttpCommandExecutor.execute(HttpCommandExecutor.java:190)
at org.openqa.selenium.remote.service.DriverCommandExecutor.invokeExecute(DriverCommandExecutor.java:216)
at org.openqa.selenium.remote.service.DriverCommandExecutor.execute(DriverCommandExecutor.java:174)
at org.openqa.selenium.remote.RemoteWebDriver.execute(RemoteWebDriver.java:518)
at org.openqa.selenium.remote.ElementLocation$ElementFinder$2.findElement(ElementLocation.java:165)
at org.openqa.selenium.remote.ElementLocation.findElement(ElementLocation.java:59)
at org.openqa.selenium.remote.RemoteWebDriver.findElement(RemoteWebDriver.java:355)
at org.openqa.selenium.remote.RemoteWebDriver.findElement(RemoteWebDriver.java:349)
at pages.FirstOpeartionPage.Fashion(FirstOpeartionPage.java:125)
at testcase.FirstOpeartionTest.fashion(FirstOpeartionTest.java:77)
at java.base/jdk.internal.reflect.NativeMethodAccessorImpl.invoke0(Native Method)
at java.base/jdk.internal.reflect.NativeMethodAccessorImpl.invoke(NativeMethodAccessorImpl.java:77)
at java.base/jdk.internal.reflect.DelegatingMethodAccessorImpl.invoke(DelegatingMethodAccessorImpl.java:43)
at java.base/java.lang.reflect.Method.invoke(Method.java:568)
at org.testng.internal.invokers.MethodInvocationHelper.invokeMethod(MethodInvocationHelper.java:141)
at org.testng.internal.invokers.TestInvoker.invokeMethod(TestInvoker.java:686)
at org.testng.internal.invokers.TestInvoker.invokeTestMethod(TestInvoker.java:230)
at org.testng.internal.invokers.MethodRunner.runInSequence(MethodRunner.java:63)
at org.testng.internal.invokers.TestInvoker$MethodInvocationAgent.invoke(TestInvoker.java:992)
at org.testng.internal.invokers.TestInvoker.invokeTestMethods(TestInvoker.java:203)
at org.testng.internal.invokers.TestMethodWorker.invokeTestMethods(TestMethodWorker.java:154)
at org.testng.internal.invokers.TestMethodWorker.run(TestMethodWorker.java:134)
at java.base/java.util.ArrayList.forEach(ArrayList.java:1511)
at org.testng.TestRunner.privateRun(TestRunner.java:739)
at org.testng.TestRunner.run(TestRunner.java:614)
at org.testng.SuiteRunner.runTest(SuiteRunner.java:421)
at org.testng.SuiteRunner.runSequentially(SuiteRunner.java:413)
at org.testng.SuiteRunner.privateRun(SuiteRunner.java:373)
at org.testng.SuiteRunner.run(SuiteRunner.java:312)
at org.testng.SuiteRunnerWorker.runSuite(SuiteRunnerWorker.java:52)
at org.testng.SuiteRunnerWorker.run(SuiteRunnerWorker.java:95)
at org.testng.TestNG.runSuitesSequentially(TestNG.java:1274)
at org.testng.TestNG.runSuitesLocally(TestNG.java:1208)
at org.testng.TestNG.runSuites(TestNG.java:1112)
at org.testng.TestNG.run(TestNG.java:1079)
at org.testng.remote.AbstractRemoteTestNG.run(AbstractRemoteTestNG.java:115)
at org.testng.remote.RemoteTestNG.initAndRun(RemoteTestNG.java:293)
at org.testng.remote.RemoteTestNG.main(RemoteTestNG.java:91)
]]>
            </full-stacktrace>
          </exception> <!-- org.openqa.selenium.NoSuchElementException -->
          <reporter-output>
          </reporter-output>
        </test-method> <!-- fashion -->
        <test-method is-config="true" signature="tearDownTest(org.testng.ITestResult,java.lang.reflect.Method)[pri:0, instance:testcase.FirstOpeartionTest@4a83a74a]" started-at="2024-06-14T13:09:19 IST" name="tearDownTest" finished-at="2024-06-14T13:09:20 IST" duration-ms="1339" status="PASS">
          <params>
            <param index="0">
              <value>
                <![CDATA[[TestResult name=fashion status=FAILURE method=FirstOpeartionTest.fashion(java.lang.String,java.lang.String)[pri:5, instance:testcase.FirstOpeartionTest@4a83a74a] output={null}]]]>
              </value>
            </param>
            <param index="1">
              <value>
                <![CDATA[public void testcase.FirstOpeartionTest.fashion(java.lang.String,java.lang.String)]]>
              </value>
            </param>
          </params>
          <reporter-output>
          </reporter-output>
        </test-method> <!-- tearDownTest -->
        <test-method is-config="true" signature="setup(java.lang.reflect.Method)[pri:0, instance:testcase.FirstOpeartionTest@4a83a74a]" started-at="2024-06-14T13:09:20 IST" name="setup" finished-at="2024-06-14T13:09:27 IST" duration-ms="6284" status="PASS">
          <params>
            <param index="0">
              <value>
                <![CDATA[public void testcase.FirstOpeartionTest.notification()]]>
              </value>
            </param>
          </params>
          <reporter-output>
          </reporter-output>
        </test-method> <!-- setup -->
        <test-method signature="notification()[pri:6, instance:testcase.FirstOpeartionTest@4a83a74a]" started-at="2024-06-14T13:09:27 IST" name="notification" finished-at="2024-06-14T13:09:30 IST" duration-ms="3358" status="PASS">
          <reporter-output>
          </reporter-output>
        </test-method> <!-- notification -->
        <test-method is-config="true" signature="tearDownTest(org.testng.ITestResult,java.lang.reflect.Method)[pri:0, instance:testcase.FirstOpeartionTest@4a83a74a]" started-at="2024-06-14T13:09:30 IST" name="tearDownTest" finished-at="2024-06-14T13:09:31 IST" duration-ms="882" status="PASS">
          <params>
            <param index="0">
              <value>
                <![CDATA[[TestResult name=notification status=SUCCESS method=FirstOpeartionTest.notification()[pri:6, instance:testcase.FirstOpeartionTest@4a83a74a] output={null}]]]>
              </value>
            </param>
            <param index="1">
              <value>
                <![CDATA[public void testcase.FirstOpeartionTest.notification()]]>
              </value>
            </param>
          </params>
          <reporter-output>
          </reporter-output>
        </test-method> <!-- tearDownTest -->
        <test-method is-config="true" signature="setup(java.lang.reflect.Method)[pri:0, instance:testcase.FirstOpeartionTest@4a83a74a]" started-at="2024-06-14T13:09:31 IST" name="setup" finished-at="2024-06-14T13:09:35 IST" duration-ms="4445" status="PASS">
          <params>
            <param index="0">
              <value>
                <![CDATA[public void testcase.FirstOpeartionTest.twowheeler()]]>
              </value>
            </param>
          </params>
          <reporter-output>
          </reporter-output>
        </test-method> <!-- setup -->
        <test-method signature="twowheeler()[pri:7, instance:testcase.FirstOpeartionTest@4a83a74a]" started-at="2024-06-14T13:09:35 IST" name="twowheeler" finished-at="2024-06-14T13:09:45 IST" duration-ms="10020" status="FAIL">
          <exception class="org.openqa.selenium.NoSuchElementException">
            <message>
              <![CDATA[no such element: Unable to locate element: {"method":"xpath","selector":"//span[contains(text(),'Two Wheelers')]"}
  (Session info: chrome=126.0.6478.56)
For documentation on this error, please visit: https://www.selenium.dev/documentation/webdriver/troubleshooting/errors#no-such-element-exception
Build info: version: '4.19.1', revision: 'abe0ee07dc'
System info: os.name: 'Windows 11', os.arch: 'amd64', os.version: '10.0', java.version: '17.0.10'
Driver info: org.openqa.selenium.chrome.ChromeDriver
Command: [8ec7c966111080d8b07700d973240a68, findElement {value=//span[contains(text(),'Two Wheelers')], using=xpath}]
Capabilities {acceptInsecureCerts: false, browserName: chrome, browserVersion: 126.0.6478.56, chrome: {chromedriverVersion: 126.0.6478.61 (8dc092df54ce..., userDataDir: C:\Users\KARTIK~1\AppData\L...}, fedcm:accounts: true, goog:chromeOptions: {debuggerAddress: localhost:58023}, networkConnectionEnabled: false, pageLoadStrategy: normal, platformName: windows, proxy: Proxy(), se:cdp: ws://localhost:58023/devtoo..., se:cdpVersion: 126.0.6478.56, setWindowRect: true, strictFileInteractability: false, timeouts: {implicit: 0, pageLoad: 300000, script: 30000}, unhandledPromptBehavior: dismiss and notify, webauthn:extension:credBlob: true, webauthn:extension:largeBlob: true, webauthn:extension:minPinLength: true, webauthn:extension:prf: true, webauthn:virtualAuthenticators: true}
Session ID: 8ec7c966111080d8b07700d973240a68]]>
            </message>
            <full-stacktrace>
              <![CDATA[org.openqa.selenium.NoSuchElementException: no such element: Unable to locate element: {"method":"xpath","selector":"//span[contains(text(),'Two Wheelers')]"}
  (Session info: chrome=126.0.6478.56)
For documentation on this error, please visit: https://www.selenium.dev/documentation/webdriver/troubleshooting/errors#no-such-element-exception
Build info: version: '4.19.1', revision: 'abe0ee07dc'
System info: os.name: 'Windows 11', os.arch: 'amd64', os.version: '10.0', java.version: '17.0.10'
Driver info: org.openqa.selenium.chrome.ChromeDriver
Command: [8ec7c966111080d8b07700d973240a68, findElement {value=//span[contains(text(),'Two Wheelers')], using=xpath}]
Capabilities {acceptInsecureCerts: false, browserName: chrome, browserVersion: 126.0.6478.56, chrome: {chromedriverVersion: 126.0.6478.61 (8dc092df54ce..., userDataDir: C:\Users\KARTIK~1\AppData\L...}, fedcm:accounts: true, goog:chromeOptions: {debuggerAddress: localhost:58023}, networkConnectionEnabled: false, pageLoadStrategy: normal, platformName: windows, proxy: Proxy(), se:cdp: ws://localhost:58023/devtoo..., se:cdpVersion: 126.0.6478.56, setWindowRect: true, strictFileInteractability: false, timeouts: {implicit: 0, pageLoad: 300000, script: 30000}, unhandledPromptBehavior: dismiss and notify, webauthn:extension:credBlob: true, webauthn:extension:largeBlob: true, webauthn:extension:minPinLength: true, webauthn:extension:prf: true, webauthn:virtualAuthenticators: true}
Session ID: 8ec7c966111080d8b07700d973240a68
at java.base/jdk.internal.reflect.NativeConstructorAccessorImpl.newInstance0(Native Method)
at java.base/jdk.internal.reflect.NativeConstructorAccessorImpl.newInstance(NativeConstructorAccessorImpl.java:77)
at java.base/jdk.internal.reflect.DelegatingConstructorAccessorImpl.newInstance(DelegatingConstructorAccessorImpl.java:45)
at java.base/java.lang.reflect.Constructor.newInstanceWithCaller(Constructor.java:499)
at java.base/java.lang.reflect.Constructor.newInstance(Constructor.java:480)
at org.openqa.selenium.remote.ErrorCodec.decode(ErrorCodec.java:167)
at org.openqa.selenium.remote.codec.w3c.W3CHttpResponseCodec.decode(W3CHttpResponseCodec.java:138)
at org.openqa.selenium.remote.codec.w3c.W3CHttpResponseCodec.decode(W3CHttpResponseCodec.java:50)
at org.openqa.selenium.remote.HttpCommandExecutor.execute(HttpCommandExecutor.java:190)
at org.openqa.selenium.remote.service.DriverCommandExecutor.invokeExecute(DriverCommandExecutor.java:216)
at org.openqa.selenium.remote.service.DriverCommandExecutor.execute(DriverCommandExecutor.java:174)
at org.openqa.selenium.remote.RemoteWebDriver.execute(RemoteWebDriver.java:518)
at org.openqa.selenium.remote.ElementLocation$ElementFinder$2.findElement(ElementLocation.java:165)
at org.openqa.selenium.remote.ElementLocation.findElement(ElementLocation.java:59)
at org.openqa.selenium.remote.RemoteWebDriver.findElement(RemoteWebDriver.java:355)
at org.openqa.selenium.remote.RemoteWebDriver.findElement(RemoteWebDriver.java:349)
at pages.FirstOpeartionPage.TwoWheeler(FirstOpeartionPage.java:155)
at testcase.FirstOpeartionTest.twowheeler(FirstOpeartionTest.java:105)
at java.base/jdk.internal.reflect.NativeMethodAccessorImpl.invoke0(Native Method)
at java.base/jdk.internal.reflect.NativeMethodAccessorImpl.invoke(NativeMethodAccessorImpl.java:77)
at java.base/jdk.internal.reflect.DelegatingMethodAccessorImpl.invoke(DelegatingMethodAccessorImpl.java:43)
at java.base/java.lang.reflect.Method.invoke(Method.java:568)
at org.testng.internal.invokers.MethodInvocationHelper.invokeMethod(MethodInvocationHelper.java:141)
at org.testng.internal.invokers.TestInvoker.invokeMethod(TestInvoker.java:686)
at org.testng.internal.invokers.TestInvoker.invokeTestMethod(TestInvoker.java:230)
at org.testng.internal.invokers.MethodRunner.runInSequence(MethodRunner.java:63)
at org.testng.internal.invokers.TestInvoker$MethodInvocationAgent.invoke(TestInvoker.java:992)
at org.testng.internal.invokers.TestInvoker.invokeTestMethods(TestInvoker.java:203)
at org.testng.internal.invokers.TestMethodWorker.invokeTestMethods(TestMethodWorker.java:154)
at org.testng.internal.invokers.TestMethodWorker.run(TestMethodWorker.java:134)
at java.base/java.util.ArrayList.forEach(ArrayList.java:1511)
at org.testng.TestRunner.privateRun(TestRunner.java:739)
at org.testng.TestRunner.run(TestRunner.java:614)
at org.testng.SuiteRunner.runTest(SuiteRunner.java:421)
at org.testng.SuiteRunner.runSequentially(SuiteRunner.java:413)
at org.testng.SuiteRunner.privateRun(SuiteRunner.java:373)
at org.testng.SuiteRunner.run(SuiteRunner.java:312)
at org.testng.SuiteRunnerWorker.runSuite(SuiteRunnerWorker.java:52)
at org.testng.SuiteRunnerWorker.run(SuiteRunnerWorker.java:95)
at org.testng.TestNG.runSuitesSequentially(TestNG.java:1274)
at org.testng.TestNG.runSuitesLocally(TestNG.java:1208)
at org.testng.TestNG.runSuites(TestNG.java:1112)
at org.testng.TestNG.run(TestNG.java:1079)
at org.testng.remote.AbstractRemoteTestNG.run(AbstractRemoteTestNG.java:115)
at org.testng.remote.RemoteTestNG.initAndRun(RemoteTestNG.java:293)
at org.testng.remote.RemoteTestNG.main(RemoteTestNG.java:91)
]]>
            </full-stacktrace>
          </exception> <!-- org.openqa.selenium.NoSuchElementException -->
          <reporter-output>
          </reporter-output>
        </test-method> <!-- twowheeler -->
        <test-method is-config="true" signature="tearDownTest(org.testng.ITestResult,java.lang.reflect.Method)[pri:0, instance:testcase.FirstOpeartionTest@4a83a74a]" started-at="2024-06-14T13:09:45 IST" name="tearDownTest" finished-at="2024-06-14T13:09:49 IST" duration-ms="3328" status="PASS">
          <params>
            <param index="0">
              <value>
                <![CDATA[[TestResult name=twowheeler status=FAILURE method=FirstOpeartionTest.twowheeler()[pri:7, instance:testcase.FirstOpeartionTest@4a83a74a] output={null}]]]>
              </value>
            </param>
            <param index="1">
              <value>
                <![CDATA[public void testcase.FirstOpeartionTest.twowheeler()]]>
              </value>
            </param>
          </params>
          <reporter-output>
          </reporter-output>
        </test-method> <!-- tearDownTest -->
        <test-method is-config="true" signature="tearDownExtentReports()[pri:0, instance:testcase.FirstOpeartionTest@4a83a74a]" started-at="2024-06-14T13:09:49 IST" name="tearDownExtentReports" finished-at="2024-06-14T13:09:49 IST" duration-ms="354" status="PASS">
          <reporter-output>
          </reporter-output>
        </test-method> <!-- tearDownExtentReports -->
      </class> <!-- testcase.FirstOpeartionTest -->
    </test> <!-- Test -->
  </suite> <!-- Suite -->
</testng-results>
